2025-06-01 23:06:07 - PreprocessingPipeline_HC - INFO - [station_id=HC] Discovered 12 files in data\input\HC\fdr
2025-06-01 23:06:07 - PreprocessingPipeline_HC - INFO - [station_id=HC] Discovered 12 CSV files
2025-06-01 23:06:07 - PreprocessingPipeline_HC - INFO - [station_id=HC] Discovered 12 files in data\input\HC\fdr
2025-06-01 23:06:07 - PreprocessingPipeline_HC - INFO - [station_id=HC] FDR file matching: 12 matched, 0 unmatched
2025-06-01 23:06:07 - PreprocessingPipeline_HC - INFO - [station_id=HC] Successfully matched 12 files with sensor info
2025-06-01 23:06:07 - PreprocessingPipeline_HC - INFO - [station_id=HC] Starting FDR data validation for E1
2025-06-01 23:06:07 - PreprocessingPipeline_HC - INFO - [station_id=HC] FDR validation complete: 4 issues found
2025-06-01 23:06:07 - PreprocessingPipeline_HC - WARNING - [station_id=HC] Validation issues in E1: 4 critical, continuing anyway
2025-06-01 23:06:08 - PreprocessingPipeline_HC - INFO - [station_id=HC] Processed E1: 56625 records
2025-06-01 23:06:08 - PreprocessingPipeline_HC - INFO - [station_id=HC] FDR_E1: 56625 records
2025-06-01 23:06:08 - PreprocessingPipeline_HC - INFO - [station_id=HC] Starting FDR data validation for E2
2025-06-01 23:06:08 - PreprocessingPipeline_HC - INFO - [station_id=HC] FDR validation complete: 4 issues found
2025-06-01 23:06:08 - PreprocessingPipeline_HC - WARNING - [station_id=HC] Validation issues in E2: 3 critical, continuing anyway
2025-06-01 23:06:09 - PreprocessingPipeline_HC - INFO - [station_id=HC] Processed E2: 56622 records
2025-06-01 23:06:09 - PreprocessingPipeline_HC - INFO - [station_id=HC] FDR_E2: 56622 records
2025-06-01 23:06:09 - PreprocessingPipeline_HC - INFO - [station_id=HC] Starting FDR data validation for E3
2025-06-01 23:06:09 - PreprocessingPipeline_HC - INFO - [station_id=HC] FDR validation complete: 4 issues found
2025-06-01 23:06:09 - PreprocessingPipeline_HC - WARNING - [station_id=HC] Validation issues in E3: 4 critical, continuing anyway
2025-06-01 23:06:10 - PreprocessingPipeline_HC - INFO - [station_id=HC] Processed E3: 56619 records
2025-06-01 23:06:10 - PreprocessingPipeline_HC - INFO - [station_id=HC] FDR_E3: 56619 records
2025-06-01 23:06:10 - PreprocessingPipeline_HC - INFO - [station_id=HC] Starting FDR data validation for E4
2025-06-01 23:06:10 - PreprocessingPipeline_HC - INFO - [station_id=HC] FDR validation complete: 4 issues found
2025-06-01 23:06:10 - PreprocessingPipeline_HC - WARNING - [station_id=HC] Validation issues in E4: 1 critical, continuing anyway
2025-06-01 23:06:11 - PreprocessingPipeline_HC - INFO - [station_id=HC] Processed E4: 56619 records
2025-06-01 23:06:11 - PreprocessingPipeline_HC - INFO - [station_id=HC] FDR_E4: 56619 records
2025-06-01 23:06:11 - PreprocessingPipeline_HC - INFO - [station_id=HC] Starting FDR data validation for N1
2025-06-01 23:06:11 - PreprocessingPipeline_HC - INFO - [station_id=HC] FDR validation complete: 5 issues found
2025-06-01 23:06:11 - PreprocessingPipeline_HC - WARNING - [station_id=HC] Validation issues in N1: 3 critical, continuing anyway
2025-06-01 23:06:12 - PreprocessingPipeline_HC - INFO - [station_id=HC] Removed 2222 out-of-range theta_v values from N1
2025-06-01 23:06:12 - PreprocessingPipeline_HC - INFO - [station_id=HC] Processed N1: 53065 records
2025-06-01 23:06:12 - PreprocessingPipeline_HC - INFO - [station_id=HC] FDR_N1: 53065 records
2025-06-01 23:06:12 - PreprocessingPipeline_HC - INFO - [station_id=HC] Starting FDR data validation for N2
2025-06-01 23:06:12 - PreprocessingPipeline_HC - INFO - [station_id=HC] FDR validation complete: 4 issues found
2025-06-01 23:06:12 - PreprocessingPipeline_HC - WARNING - [station_id=HC] Validation issues in N2: 4 critical, continuing anyway
2025-06-01 23:06:12 - PreprocessingPipeline_HC - INFO - [station_id=HC] Processed N2: 56625 records
2025-06-01 23:06:12 - PreprocessingPipeline_HC - INFO - [station_id=HC] FDR_N2: 56625 records
2025-06-01 23:06:12 - PreprocessingPipeline_HC - INFO - [station_id=HC] Starting FDR data validation for S1
2025-06-01 23:06:12 - PreprocessingPipeline_HC - INFO - [station_id=HC] FDR validation complete: 7 issues found
2025-06-01 23:06:12 - PreprocessingPipeline_HC - WARNING - [station_id=HC] Validation issues in S1: 1 critical, continuing anyway
2025-06-01 23:06:13 - PreprocessingPipeline_HC - INFO - [station_id=HC] Processed S1: 55998 records
2025-06-01 23:06:13 - PreprocessingPipeline_HC - INFO - [station_id=HC] FDR_S1: 55998 records
2025-06-01 23:06:13 - PreprocessingPipeline_HC - INFO - [station_id=HC] Starting FDR data validation for S2
2025-06-01 23:06:13 - PreprocessingPipeline_HC - INFO - [station_id=HC] FDR validation complete: 4 issues found
2025-06-01 23:06:13 - PreprocessingPipeline_HC - WARNING - [station_id=HC] Validation issues in S2: 4 critical, continuing anyway
2025-06-01 23:06:14 - PreprocessingPipeline_HC - INFO - [station_id=HC] Processed S2: 56616 records
2025-06-01 23:06:14 - PreprocessingPipeline_HC - INFO - [station_id=HC] FDR_S2: 56616 records
2025-06-01 23:06:14 - PreprocessingPipeline_HC - INFO - [station_id=HC] Starting FDR data validation for S3
2025-06-01 23:06:14 - PreprocessingPipeline_HC - INFO - [station_id=HC] FDR validation complete: 4 issues found
2025-06-01 23:06:14 - PreprocessingPipeline_HC - WARNING - [station_id=HC] Validation issues in S3: 2 critical, continuing anyway
2025-06-01 23:06:15 - PreprocessingPipeline_HC - INFO - [station_id=HC] Processed S3: 56613 records
2025-06-01 23:06:15 - PreprocessingPipeline_HC - INFO - [station_id=HC] FDR_S3: 56613 records
2025-06-01 23:06:15 - PreprocessingPipeline_HC - INFO - [station_id=HC] Starting FDR data validation for S4
2025-06-01 23:06:15 - PreprocessingPipeline_HC - INFO - [station_id=HC] FDR validation complete: 4 issues found
2025-06-01 23:06:15 - PreprocessingPipeline_HC - WARNING - [station_id=HC] Validation issues in S4: 3 critical, continuing anyway
2025-06-01 23:06:16 - PreprocessingPipeline_HC - INFO - [station_id=HC] Processed S4: 44283 records
2025-06-01 23:06:16 - PreprocessingPipeline_HC - INFO - [station_id=HC] FDR_S4: 44283 records
2025-06-01 23:06:16 - PreprocessingPipeline_HC - INFO - [station_id=HC] Starting FDR data validation for W1
2025-06-01 23:06:16 - PreprocessingPipeline_HC - INFO - [station_id=HC] FDR validation complete: 5 issues found
2025-06-01 23:06:16 - PreprocessingPipeline_HC - WARNING - [station_id=HC] Validation issues in W1: 4 critical, continuing anyway
2025-06-01 23:06:17 - PreprocessingPipeline_HC - INFO - [station_id=HC] Removed 9133 out-of-range theta_v values from W1
2025-06-01 23:06:17 - PreprocessingPipeline_HC - INFO - [station_id=HC] Processed W1: 47474 records
2025-06-01 23:06:17 - PreprocessingPipeline_HC - INFO - [station_id=HC] FDR_W1: 47474 records
2025-06-01 23:06:17 - PreprocessingPipeline_HC - INFO - [station_id=HC] Starting FDR data validation for W2
2025-06-01 23:06:17 - PreprocessingPipeline_HC - INFO - [station_id=HC] FDR validation complete: 6 issues found
2025-06-01 23:06:17 - PreprocessingPipeline_HC - WARNING - [station_id=HC] Validation issues in W2: 3 critical, continuing anyway
2025-06-01 23:06:17 - PreprocessingPipeline_HC - INFO - [station_id=HC] Processed W2: 50130 records
2025-06-01 23:06:17 - PreprocessingPipeline_HC - INFO - [station_id=HC] FDR_W2: 50130 records
2025-06-01 23:06:17 - PreprocessingPipeline_HC - INFO - [station_id=HC] Successfully processed 12 out of 12 sensors
2025-06-01 23:07:27 - PreprocessingPipeline_HC - INFO - [station_id=HC] Saved file: data\output\HC\preprocessed\HC_FDR_input.xlsx (647289 records)
2025-06-01 23:07:27 - PreprocessingPipeline_HC - INFO - [station_id=HC] Saved file: data\output\HC\preprocessed\HC_FDR_daily_avg.xlsx (805 records)
2025-06-01 23:07:27 - PreprocessingPipeline_HC - INFO - [station_id=HC] Saved file: data\output\HC\preprocessed\HC_FDR_all_sites.xlsx (805 records)
2025-06-01 23:07:29 - PreprocessingPipeline_HC - INFO - [station_id=HC] Saved multi-sheet Excel: data\output\HC\preprocessed\HC_FDR_daily_depths.xlsx (3 sheets)
2025-06-01 23:07:29 - PreprocessingPipeline_HC - INFO - [station_id=HC] FDR processing complete. Generated 4 output files
2025-06-01 23:08:18 - PreprocessingPipeline_HC - INFO - [station_id=HC] FDR processing completed: 4 files
2025-06-01 23:08:18 - PreprocessingPipeline_HC - INFO - [station_id=HC] Discovered 1 files in data\input\HC\crnp
2025-06-01 23:08:18 - PreprocessingPipeline_HC - INFO - [station_id=HC] Discovered 0 files in data\input\HC\crnp
2025-06-01 23:08:18 - PreprocessingPipeline_HC - INFO - [station_id=HC] Selected CRNP file: hourly_CRNP.xlsx
2025-06-01 23:08:19 - PreprocessingPipeline_HC - INFO - [station_id=HC] ✅ Neutron counts found: mean=1060.1, range=[43.0, 1301.0]
2025-06-01 23:08:19 - PreprocessingPipeline_HC - INFO - [station_id=HC] Successfully read CRNP file: 17808 records, 9 columns
2025-06-01 23:08:19 - PreprocessingPipeline_HC - INFO - [station_id=HC] Final columns: ['Timestamp', 'RN', 'Ta', 'RH', 'Pa', 'WS', 'WS_max', 'WD_VCT', 'N_counts']
2025-06-01 23:08:19 - PreprocessingPipeline_HC - INFO - [station_id=HC] CRNP_Raw: 17808 records
2025-06-01 23:08:19 - PreprocessingPipeline_HC - INFO - [station_id=HC] ✅ Found 17808 neutron count records
2025-06-01 23:08:19 - PreprocessingPipeline_HC - WARNING - [station_id=HC] Found 1 out-of-range values in Ta, setting to NaN
2025-06-01 23:08:19 - PreprocessingPipeline_HC - WARNING - [station_id=HC] Found 16 out-of-range values in WS, setting to NaN
2025-06-01 23:08:19 - PreprocessingPipeline_HC - WARNING - [station_id=HC] Found 16 out-of-range values in WS_max, setting to NaN
2025-06-01 23:08:19 - PreprocessingPipeline_HC - INFO - [station_id=HC] CRNP_Processed: 17808 records
2025-06-01 23:08:22 - PreprocessingPipeline_HC - INFO - [station_id=HC] Saved file: data\output\HC\preprocessed\HC_CRNP_input.xlsx (17808 records)
2025-06-01 23:08:22 - PreprocessingPipeline_HC - INFO - [station_id=HC] CRNP processing summary: 17808 records, 2022-10-25 16:00:00 to 2024-11-05 15:00:00
2025-06-01 23:08:22 - PreprocessingPipeline_HC - INFO - [station_id=HC]   N_counts: 100.0% complete
2025-06-01 23:08:22 - PreprocessingPipeline_HC - INFO - [station_id=HC]   Ta: 100.0% complete
2025-06-01 23:08:22 - PreprocessingPipeline_HC - INFO - [station_id=HC]   Pa: 100.0% complete
2025-06-01 23:08:22 - PreprocessingPipeline_HC - INFO - [station_id=HC]   RH: 100.0% complete
2025-06-01 23:08:23 - PreprocessingPipeline_HC - INFO - [station_id=HC] CRNP processing completed: 2 files
2025-06-01 23:08:23 - PreprocessingPipeline_HC - INFO - [station_id=HC] Preprocessing completed successfully
2025-06-01 23:22:06 - PreprocessingPipeline_HC - INFO - [station_id=HC] Discovered 12 files in data\input\HC\fdr
2025-06-01 23:22:06 - PreprocessingPipeline_HC - INFO - [station_id=HC] Discovered 12 CSV files
2025-06-01 23:22:06 - PreprocessingPipeline_HC - INFO - [station_id=HC] Discovered 12 files in data\input\HC\fdr
2025-06-01 23:22:06 - PreprocessingPipeline_HC - INFO - [station_id=HC] FDR file matching: 12 matched, 0 unmatched
2025-06-01 23:22:06 - PreprocessingPipeline_HC - INFO - [station_id=HC] Successfully matched 12 files with sensor info
2025-06-01 23:22:06 - PreprocessingPipeline_HC - INFO - [station_id=HC] Starting FDR data validation for E1
2025-06-01 23:22:06 - PreprocessingPipeline_HC - INFO - [station_id=HC] FDR validation complete: 4 issues found
2025-06-01 23:22:06 - PreprocessingPipeline_HC - WARNING - [station_id=HC] Validation issues in E1: 4 critical, continuing anyway
2025-06-01 23:22:07 - PreprocessingPipeline_HC - INFO - [station_id=HC] Processed E1: 56625 records
2025-06-01 23:22:07 - PreprocessingPipeline_HC - INFO - [station_id=HC] FDR_E1: 56625 records
2025-06-01 23:22:07 - PreprocessingPipeline_HC - INFO - [station_id=HC] Starting FDR data validation for E2
2025-06-01 23:22:07 - PreprocessingPipeline_HC - INFO - [station_id=HC] FDR validation complete: 4 issues found
2025-06-01 23:22:07 - PreprocessingPipeline_HC - WARNING - [station_id=HC] Validation issues in E2: 3 critical, continuing anyway
2025-06-01 23:22:08 - PreprocessingPipeline_HC - INFO - [station_id=HC] Processed E2: 56622 records
2025-06-01 23:22:08 - PreprocessingPipeline_HC - INFO - [station_id=HC] FDR_E2: 56622 records
2025-06-01 23:22:08 - PreprocessingPipeline_HC - INFO - [station_id=HC] Starting FDR data validation for E3
2025-06-01 23:22:08 - PreprocessingPipeline_HC - INFO - [station_id=HC] FDR validation complete: 4 issues found
2025-06-01 23:22:08 - PreprocessingPipeline_HC - WARNING - [station_id=HC] Validation issues in E3: 4 critical, continuing anyway
2025-06-01 23:22:09 - PreprocessingPipeline_HC - INFO - [station_id=HC] Processed E3: 56619 records
2025-06-01 23:22:09 - PreprocessingPipeline_HC - INFO - [station_id=HC] FDR_E3: 56619 records
2025-06-01 23:22:09 - PreprocessingPipeline_HC - INFO - [station_id=HC] Starting FDR data validation for E4
2025-06-01 23:22:09 - PreprocessingPipeline_HC - INFO - [station_id=HC] FDR validation complete: 4 issues found
2025-06-01 23:22:09 - PreprocessingPipeline_HC - WARNING - [station_id=HC] Validation issues in E4: 1 critical, continuing anyway
2025-06-01 23:22:09 - PreprocessingPipeline_HC - INFO - [station_id=HC] Processed E4: 56619 records
2025-06-01 23:22:09 - PreprocessingPipeline_HC - INFO - [station_id=HC] FDR_E4: 56619 records
2025-06-01 23:22:10 - PreprocessingPipeline_HC - INFO - [station_id=HC] Starting FDR data validation for N1
2025-06-01 23:22:10 - PreprocessingPipeline_HC - INFO - [station_id=HC] FDR validation complete: 5 issues found
2025-06-01 23:22:10 - PreprocessingPipeline_HC - WARNING - [station_id=HC] Validation issues in N1: 3 critical, continuing anyway
2025-06-01 23:22:10 - PreprocessingPipeline_HC - INFO - [station_id=HC] Removed 2222 out-of-range theta_v values from N1
2025-06-01 23:22:10 - PreprocessingPipeline_HC - INFO - [station_id=HC] Processed N1: 53065 records
2025-06-01 23:22:10 - PreprocessingPipeline_HC - INFO - [station_id=HC] FDR_N1: 53065 records
2025-06-01 23:22:10 - PreprocessingPipeline_HC - INFO - [station_id=HC] Starting FDR data validation for N2
2025-06-01 23:22:10 - PreprocessingPipeline_HC - INFO - [station_id=HC] FDR validation complete: 4 issues found
2025-06-01 23:22:10 - PreprocessingPipeline_HC - WARNING - [station_id=HC] Validation issues in N2: 4 critical, continuing anyway
2025-06-01 23:22:10 - PreprocessingPipeline_HC - INFO - [station_id=HC] Processed N2: 56625 records
2025-06-01 23:22:11 - PreprocessingPipeline_HC - INFO - [station_id=HC] FDR_N2: 56625 records
2025-06-01 23:22:11 - PreprocessingPipeline_HC - INFO - [station_id=HC] Starting FDR data validation for S1
2025-06-01 23:22:11 - PreprocessingPipeline_HC - INFO - [station_id=HC] FDR validation complete: 7 issues found
2025-06-01 23:22:11 - PreprocessingPipeline_HC - WARNING - [station_id=HC] Validation issues in S1: 1 critical, continuing anyway
2025-06-01 23:22:11 - PreprocessingPipeline_HC - INFO - [station_id=HC] Processed S1: 55998 records
2025-06-01 23:22:11 - PreprocessingPipeline_HC - INFO - [station_id=HC] FDR_S1: 55998 records
2025-06-01 23:22:11 - PreprocessingPipeline_HC - INFO - [station_id=HC] Starting FDR data validation for S2
2025-06-01 23:22:11 - PreprocessingPipeline_HC - INFO - [station_id=HC] FDR validation complete: 4 issues found
2025-06-01 23:22:11 - PreprocessingPipeline_HC - WARNING - [station_id=HC] Validation issues in S2: 4 critical, continuing anyway
2025-06-01 23:22:12 - PreprocessingPipeline_HC - INFO - [station_id=HC] Processed S2: 56616 records
2025-06-01 23:22:12 - PreprocessingPipeline_HC - INFO - [station_id=HC] FDR_S2: 56616 records
2025-06-01 23:22:12 - PreprocessingPipeline_HC - INFO - [station_id=HC] Starting FDR data validation for S3
2025-06-01 23:22:12 - PreprocessingPipeline_HC - INFO - [station_id=HC] FDR validation complete: 4 issues found
2025-06-01 23:22:12 - PreprocessingPipeline_HC - WARNING - [station_id=HC] Validation issues in S3: 2 critical, continuing anyway
2025-06-01 23:22:13 - PreprocessingPipeline_HC - INFO - [station_id=HC] Processed S3: 56613 records
2025-06-01 23:22:13 - PreprocessingPipeline_HC - INFO - [station_id=HC] FDR_S3: 56613 records
2025-06-01 23:22:13 - PreprocessingPipeline_HC - INFO - [station_id=HC] Starting FDR data validation for S4
2025-06-01 23:22:13 - PreprocessingPipeline_HC - INFO - [station_id=HC] FDR validation complete: 4 issues found
2025-06-01 23:22:13 - PreprocessingPipeline_HC - WARNING - [station_id=HC] Validation issues in S4: 3 critical, continuing anyway
2025-06-01 23:22:14 - PreprocessingPipeline_HC - INFO - [station_id=HC] Processed S4: 44283 records
2025-06-01 23:22:14 - PreprocessingPipeline_HC - INFO - [station_id=HC] FDR_S4: 44283 records
2025-06-01 23:22:14 - PreprocessingPipeline_HC - INFO - [station_id=HC] Starting FDR data validation for W1
2025-06-01 23:22:14 - PreprocessingPipeline_HC - INFO - [station_id=HC] FDR validation complete: 5 issues found
2025-06-01 23:22:14 - PreprocessingPipeline_HC - WARNING - [station_id=HC] Validation issues in W1: 4 critical, continuing anyway
2025-06-01 23:22:15 - PreprocessingPipeline_HC - INFO - [station_id=HC] Removed 9133 out-of-range theta_v values from W1
2025-06-01 23:22:15 - PreprocessingPipeline_HC - INFO - [station_id=HC] Processed W1: 47474 records
2025-06-01 23:22:15 - PreprocessingPipeline_HC - INFO - [station_id=HC] FDR_W1: 47474 records
2025-06-01 23:22:15 - PreprocessingPipeline_HC - INFO - [station_id=HC] Starting FDR data validation for W2
2025-06-01 23:22:15 - PreprocessingPipeline_HC - INFO - [station_id=HC] FDR validation complete: 6 issues found
2025-06-01 23:22:15 - PreprocessingPipeline_HC - WARNING - [station_id=HC] Validation issues in W2: 3 critical, continuing anyway
2025-06-01 23:22:15 - PreprocessingPipeline_HC - INFO - [station_id=HC] Processed W2: 50130 records
2025-06-01 23:22:15 - PreprocessingPipeline_HC - INFO - [station_id=HC] FDR_W2: 50130 records
2025-06-01 23:22:15 - PreprocessingPipeline_HC - INFO - [station_id=HC] Successfully processed 12 out of 12 sensors
2025-06-01 23:23:25 - PreprocessingPipeline_HC - INFO - [station_id=HC] Saved file: data\output\HC\preprocessed\HC_FDR_input.xlsx (647289 records)
2025-06-01 23:23:25 - PreprocessingPipeline_HC - INFO - [station_id=HC] Saved file: data\output\HC\preprocessed\HC_FDR_daily_avg.xlsx (805 records)
2025-06-01 23:23:26 - PreprocessingPipeline_HC - INFO - [station_id=HC] Saved file: data\output\HC\preprocessed\HC_FDR_all_sites.xlsx (805 records)
2025-06-01 23:23:28 - PreprocessingPipeline_HC - INFO - [station_id=HC] Saved multi-sheet Excel: data\output\HC\preprocessed\HC_FDR_daily_depths.xlsx (3 sheets)
2025-06-01 23:23:28 - PreprocessingPipeline_HC - INFO - [station_id=HC] FDR processing complete. Generated 4 output files
2025-06-01 23:24:17 - PreprocessingPipeline_HC - INFO - [station_id=HC] FDR processing completed: 4 files
2025-06-01 23:24:17 - PreprocessingPipeline_HC - INFO - [station_id=HC] Discovered 1 files in data\input\HC\crnp
2025-06-01 23:24:17 - PreprocessingPipeline_HC - INFO - [station_id=HC] Discovered 0 files in data\input\HC\crnp
2025-06-01 23:24:17 - PreprocessingPipeline_HC - INFO - [station_id=HC] Selected CRNP file: hourly_CRNP.xlsx
2025-06-01 23:24:18 - PreprocessingPipeline_HC - INFO - [station_id=HC] ✅ Neutron counts found: mean=1060.1, range=[43.0, 1301.0]
2025-06-01 23:24:18 - PreprocessingPipeline_HC - INFO - [station_id=HC] Successfully read CRNP file: 17808 records, 9 columns
2025-06-01 23:24:18 - PreprocessingPipeline_HC - INFO - [station_id=HC] Final columns: ['Timestamp', 'RN', 'Ta', 'RH', 'Pa', 'WS', 'WS_max', 'WD_VCT', 'N_counts']
2025-06-01 23:24:18 - PreprocessingPipeline_HC - INFO - [station_id=HC] CRNP_Raw: 17808 records
2025-06-01 23:24:18 - PreprocessingPipeline_HC - INFO - [station_id=HC] ✅ Found 17808 neutron count records
2025-06-01 23:24:18 - PreprocessingPipeline_HC - WARNING - [station_id=HC] Found 1 out-of-range values in Ta, setting to NaN
2025-06-01 23:24:18 - PreprocessingPipeline_HC - WARNING - [station_id=HC] Found 16 out-of-range values in WS, setting to NaN
2025-06-01 23:24:18 - PreprocessingPipeline_HC - WARNING - [station_id=HC] Found 16 out-of-range values in WS_max, setting to NaN
2025-06-01 23:24:18 - PreprocessingPipeline_HC - INFO - [station_id=HC] CRNP_Processed: 17808 records
2025-06-01 23:24:21 - PreprocessingPipeline_HC - INFO - [station_id=HC] Saved file: data\output\HC\preprocessed\HC_CRNP_input.xlsx (17808 records)
2025-06-01 23:24:21 - PreprocessingPipeline_HC - INFO - [station_id=HC] CRNP processing summary: 17808 records, 2022-10-25 16:00:00 to 2024-11-05 15:00:00
2025-06-01 23:24:21 - PreprocessingPipeline_HC - INFO - [station_id=HC]   N_counts: 100.0% complete
2025-06-01 23:24:21 - PreprocessingPipeline_HC - INFO - [station_id=HC]   Ta: 100.0% complete
2025-06-01 23:24:21 - PreprocessingPipeline_HC - INFO - [station_id=HC]   Pa: 100.0% complete
2025-06-01 23:24:21 - PreprocessingPipeline_HC - INFO - [station_id=HC]   RH: 100.0% complete
2025-06-01 23:24:22 - PreprocessingPipeline_HC - INFO - [station_id=HC] CRNP processing completed: 2 files
2025-06-01 23:24:22 - PreprocessingPipeline_HC - INFO - [station_id=HC] Preprocessing completed successfully
2025-06-01 23:35:44 - PreprocessingPipeline_HC - INFO - [station_id=HC] Discovered 12 files in data\input\HC\fdr
2025-06-01 23:35:44 - PreprocessingPipeline_HC - INFO - [station_id=HC] Discovered 12 CSV files
2025-06-01 23:35:44 - PreprocessingPipeline_HC - INFO - [station_id=HC] Discovered 12 files in data\input\HC\fdr
2025-06-01 23:35:44 - PreprocessingPipeline_HC - INFO - [station_id=HC] FDR file matching: 12 matched, 0 unmatched
2025-06-01 23:35:44 - PreprocessingPipeline_HC - INFO - [station_id=HC] Successfully matched 12 files with sensor info
2025-06-01 23:35:44 - PreprocessingPipeline_HC - INFO - [station_id=HC] Starting FDR data validation for E1
2025-06-01 23:35:44 - PreprocessingPipeline_HC - INFO - [station_id=HC] FDR validation complete: 4 issues found
2025-06-01 23:35:44 - PreprocessingPipeline_HC - WARNING - [station_id=HC] Validation issues in E1: 4 critical, continuing anyway
2025-06-01 23:35:45 - PreprocessingPipeline_HC - INFO - [station_id=HC] Processed E1: 56625 records
2025-06-01 23:35:45 - PreprocessingPipeline_HC - INFO - [station_id=HC] FDR_E1: 56625 records
2025-06-01 23:35:45 - PreprocessingPipeline_HC - INFO - [station_id=HC] Starting FDR data validation for E2
2025-06-01 23:35:45 - PreprocessingPipeline_HC - INFO - [station_id=HC] FDR validation complete: 4 issues found
2025-06-01 23:35:45 - PreprocessingPipeline_HC - WARNING - [station_id=HC] Validation issues in E2: 3 critical, continuing anyway
2025-06-01 23:35:46 - PreprocessingPipeline_HC - INFO - [station_id=HC] Processed E2: 56622 records
2025-06-01 23:35:46 - PreprocessingPipeline_HC - INFO - [station_id=HC] FDR_E2: 56622 records
2025-06-01 23:35:46 - PreprocessingPipeline_HC - INFO - [station_id=HC] Starting FDR data validation for E3
2025-06-01 23:35:46 - PreprocessingPipeline_HC - INFO - [station_id=HC] FDR validation complete: 4 issues found
2025-06-01 23:35:46 - PreprocessingPipeline_HC - WARNING - [station_id=HC] Validation issues in E3: 4 critical, continuing anyway
2025-06-01 23:35:47 - PreprocessingPipeline_HC - INFO - [station_id=HC] Processed E3: 56619 records
2025-06-01 23:35:47 - PreprocessingPipeline_HC - INFO - [station_id=HC] FDR_E3: 56619 records
2025-06-01 23:35:47 - PreprocessingPipeline_HC - INFO - [station_id=HC] Starting FDR data validation for E4
2025-06-01 23:35:47 - PreprocessingPipeline_HC - INFO - [station_id=HC] FDR validation complete: 4 issues found
2025-06-01 23:35:47 - PreprocessingPipeline_HC - WARNING - [station_id=HC] Validation issues in E4: 1 critical, continuing anyway
2025-06-01 23:35:48 - PreprocessingPipeline_HC - INFO - [station_id=HC] Processed E4: 56619 records
2025-06-01 23:35:48 - PreprocessingPipeline_HC - INFO - [station_id=HC] FDR_E4: 56619 records
2025-06-01 23:35:48 - PreprocessingPipeline_HC - INFO - [station_id=HC] Starting FDR data validation for N1
2025-06-01 23:35:48 - PreprocessingPipeline_HC - INFO - [station_id=HC] FDR validation complete: 5 issues found
2025-06-01 23:35:48 - PreprocessingPipeline_HC - WARNING - [station_id=HC] Validation issues in N1: 3 critical, continuing anyway
2025-06-01 23:35:49 - PreprocessingPipeline_HC - INFO - [station_id=HC] Removed 2222 out-of-range theta_v values from N1
2025-06-01 23:35:49 - PreprocessingPipeline_HC - INFO - [station_id=HC] Processed N1: 53065 records
2025-06-01 23:35:49 - PreprocessingPipeline_HC - INFO - [station_id=HC] FDR_N1: 53065 records
2025-06-01 23:35:49 - PreprocessingPipeline_HC - INFO - [station_id=HC] Starting FDR data validation for N2
2025-06-01 23:35:49 - PreprocessingPipeline_HC - INFO - [station_id=HC] FDR validation complete: 4 issues found
2025-06-01 23:35:49 - PreprocessingPipeline_HC - WARNING - [station_id=HC] Validation issues in N2: 4 critical, continuing anyway
2025-06-01 23:35:49 - PreprocessingPipeline_HC - INFO - [station_id=HC] Processed N2: 56625 records
2025-06-01 23:35:49 - PreprocessingPipeline_HC - INFO - [station_id=HC] FDR_N2: 56625 records
2025-06-01 23:35:49 - PreprocessingPipeline_HC - INFO - [station_id=HC] Starting FDR data validation for S1
2025-06-01 23:35:49 - PreprocessingPipeline_HC - INFO - [station_id=HC] FDR validation complete: 7 issues found
2025-06-01 23:35:49 - PreprocessingPipeline_HC - WARNING - [station_id=HC] Validation issues in S1: 1 critical, continuing anyway
2025-06-01 23:35:50 - PreprocessingPipeline_HC - INFO - [station_id=HC] Processed S1: 55998 records
2025-06-01 23:35:50 - PreprocessingPipeline_HC - INFO - [station_id=HC] FDR_S1: 55998 records
2025-06-01 23:35:50 - PreprocessingPipeline_HC - INFO - [station_id=HC] Starting FDR data validation for S2
2025-06-01 23:35:50 - PreprocessingPipeline_HC - INFO - [station_id=HC] FDR validation complete: 4 issues found
2025-06-01 23:35:50 - PreprocessingPipeline_HC - WARNING - [station_id=HC] Validation issues in S2: 4 critical, continuing anyway
2025-06-01 23:35:51 - PreprocessingPipeline_HC - INFO - [station_id=HC] Processed S2: 56616 records
2025-06-01 23:35:51 - PreprocessingPipeline_HC - INFO - [station_id=HC] FDR_S2: 56616 records
2025-06-01 23:35:51 - PreprocessingPipeline_HC - INFO - [station_id=HC] Starting FDR data validation for S3
2025-06-01 23:35:51 - PreprocessingPipeline_HC - INFO - [station_id=HC] FDR validation complete: 4 issues found
2025-06-01 23:35:51 - PreprocessingPipeline_HC - WARNING - [station_id=HC] Validation issues in S3: 2 critical, continuing anyway
2025-06-01 23:35:52 - PreprocessingPipeline_HC - INFO - [station_id=HC] Processed S3: 56613 records
2025-06-01 23:35:52 - PreprocessingPipeline_HC - INFO - [station_id=HC] FDR_S3: 56613 records
2025-06-01 23:35:52 - PreprocessingPipeline_HC - INFO - [station_id=HC] Starting FDR data validation for S4
2025-06-01 23:35:52 - PreprocessingPipeline_HC - INFO - [station_id=HC] FDR validation complete: 4 issues found
2025-06-01 23:35:52 - PreprocessingPipeline_HC - WARNING - [station_id=HC] Validation issues in S4: 3 critical, continuing anyway
2025-06-01 23:35:53 - PreprocessingPipeline_HC - INFO - [station_id=HC] Processed S4: 44283 records
2025-06-01 23:35:53 - PreprocessingPipeline_HC - INFO - [station_id=HC] FDR_S4: 44283 records
2025-06-01 23:35:53 - PreprocessingPipeline_HC - INFO - [station_id=HC] Starting FDR data validation for W1
2025-06-01 23:35:53 - PreprocessingPipeline_HC - INFO - [station_id=HC] FDR validation complete: 5 issues found
2025-06-01 23:35:53 - PreprocessingPipeline_HC - WARNING - [station_id=HC] Validation issues in W1: 4 critical, continuing anyway
2025-06-01 23:35:54 - PreprocessingPipeline_HC - INFO - [station_id=HC] Removed 9133 out-of-range theta_v values from W1
2025-06-01 23:35:54 - PreprocessingPipeline_HC - INFO - [station_id=HC] Processed W1: 47474 records
2025-06-01 23:35:54 - PreprocessingPipeline_HC - INFO - [station_id=HC] FDR_W1: 47474 records
2025-06-01 23:35:54 - PreprocessingPipeline_HC - INFO - [station_id=HC] Starting FDR data validation for W2
2025-06-01 23:35:54 - PreprocessingPipeline_HC - INFO - [station_id=HC] FDR validation complete: 6 issues found
2025-06-01 23:35:54 - PreprocessingPipeline_HC - WARNING - [station_id=HC] Validation issues in W2: 3 critical, continuing anyway
2025-06-01 23:35:54 - PreprocessingPipeline_HC - INFO - [station_id=HC] Processed W2: 50130 records
2025-06-01 23:35:54 - PreprocessingPipeline_HC - INFO - [station_id=HC] FDR_W2: 50130 records
2025-06-01 23:35:54 - PreprocessingPipeline_HC - INFO - [station_id=HC] Successfully processed 12 out of 12 sensors
2025-06-01 23:37:03 - PreprocessingPipeline_HC - INFO - [station_id=HC] Saved file: data\output\HC\preprocessed\HC_FDR_input.xlsx (647289 records)
2025-06-01 23:37:03 - PreprocessingPipeline_HC - INFO - [station_id=HC] Saved file: data\output\HC\preprocessed\HC_FDR_daily_avg.xlsx (805 records)
2025-06-01 23:37:04 - PreprocessingPipeline_HC - INFO - [station_id=HC] Saved file: data\output\HC\preprocessed\HC_FDR_all_sites.xlsx (805 records)
2025-06-01 23:37:06 - PreprocessingPipeline_HC - INFO - [station_id=HC] Saved multi-sheet Excel: data\output\HC\preprocessed\HC_FDR_daily_depths.xlsx (3 sheets)
2025-06-01 23:37:06 - PreprocessingPipeline_HC - INFO - [station_id=HC] FDR processing complete. Generated 4 output files
2025-06-01 23:37:55 - PreprocessingPipeline_HC - INFO - [station_id=HC] FDR processing completed: 4 files
2025-06-01 23:37:55 - PreprocessingPipeline_HC - INFO - [station_id=HC] Discovered 1 files in data\input\HC\crnp
2025-06-01 23:37:55 - PreprocessingPipeline_HC - INFO - [station_id=HC] Discovered 0 files in data\input\HC\crnp
2025-06-01 23:37:55 - PreprocessingPipeline_HC - INFO - [station_id=HC] Selected CRNP file: hourly_CRNP.xlsx
2025-06-01 23:37:56 - PreprocessingPipeline_HC - INFO - [station_id=HC] ✅ Neutron counts found: mean=1060.1, range=[43.0, 1301.0]
2025-06-01 23:37:56 - PreprocessingPipeline_HC - INFO - [station_id=HC] Successfully read CRNP file: 17808 records, 9 columns
2025-06-01 23:37:56 - PreprocessingPipeline_HC - INFO - [station_id=HC] Final columns: ['Timestamp', 'RN', 'Ta', 'RH', 'Pa', 'WS', 'WS_max', 'WD_VCT', 'N_counts']
2025-06-01 23:37:56 - PreprocessingPipeline_HC - INFO - [station_id=HC] CRNP_Raw: 17808 records
2025-06-01 23:37:56 - PreprocessingPipeline_HC - INFO - [station_id=HC] ✅ Found 17808 neutron count records
2025-06-01 23:37:56 - PreprocessingPipeline_HC - WARNING - [station_id=HC] Found 1 out-of-range values in Ta, setting to NaN
2025-06-01 23:37:56 - PreprocessingPipeline_HC - WARNING - [station_id=HC] Found 16 out-of-range values in WS, setting to NaN
2025-06-01 23:37:56 - PreprocessingPipeline_HC - WARNING - [station_id=HC] Found 16 out-of-range values in WS_max, setting to NaN
2025-06-01 23:37:56 - PreprocessingPipeline_HC - INFO - [station_id=HC] CRNP_Processed: 17808 records
2025-06-01 23:37:58 - PreprocessingPipeline_HC - INFO - [station_id=HC] Saved file: data\output\HC\preprocessed\HC_CRNP_input.xlsx (17808 records)
2025-06-01 23:37:58 - PreprocessingPipeline_HC - INFO - [station_id=HC] CRNP processing summary: 17808 records, 2022-10-25 16:00:00 to 2024-11-05 15:00:00
2025-06-01 23:37:58 - PreprocessingPipeline_HC - INFO - [station_id=HC]   N_counts: 100.0% complete
2025-06-01 23:37:58 - PreprocessingPipeline_HC - INFO - [station_id=HC]   Ta: 100.0% complete
2025-06-01 23:37:58 - PreprocessingPipeline_HC - INFO - [station_id=HC]   Pa: 100.0% complete
2025-06-01 23:37:58 - PreprocessingPipeline_HC - INFO - [station_id=HC]   RH: 100.0% complete
2025-06-01 23:37:59 - PreprocessingPipeline_HC - INFO - [station_id=HC] CRNP processing completed: 2 files
2025-06-01 23:37:59 - PreprocessingPipeline_HC - INFO - [station_id=HC] Preprocessing completed successfully
