2025-06-02 09:41:22 - PreprocessingPipeline_PC - INFO - [station_id=PC] Discovered 12 files in data\input\PC\fdr
2025-06-02 09:41:22 - PreprocessingPipeline_PC - INFO - [station_id=PC] Discovered 12 CSV files
2025-06-02 09:41:22 - PreprocessingPipeline_PC - INFO - [station_id=PC] Discovered 12 files in data\input\PC\fdr
2025-06-02 09:41:22 - PreprocessingPipeline_PC - INFO - [station_id=PC] FDR file matching: 12 matched, 0 unmatched
2025-06-02 09:41:22 - PreprocessingPipeline_PC - INFO - [station_id=PC] Successfully matched 12 files with sensor info
2025-06-02 09:41:22 - PreprocessingPipeline_PC - INFO - [station_id=PC] Starting FDR data validation for S25
2025-06-02 09:41:22 - PreprocessingPipeline_PC - INFO - [station_id=PC] FDR validation complete: 4 issues found
2025-06-02 09:41:22 - PreprocessingPipeline_PC - WARNING - [station_id=PC] Validation issues in S25: 3 critical, continuing anyway
2025-06-02 09:41:22 - PreprocessingPipeline_PC - INFO - [station_id=PC] Processed S25: 6975 records
2025-06-02 09:41:22 - PreprocessingPipeline_PC - INFO - [station_id=PC] FDR_S25: 6975 records
2025-06-02 09:41:22 - PreprocessingPipeline_PC - INFO - [station_id=PC] Starting FDR data validation for N50
2025-06-02 09:41:22 - PreprocessingPipeline_PC - INFO - [station_id=PC] FDR validation complete: 4 issues found
2025-06-02 09:41:22 - PreprocessingPipeline_PC - WARNING - [station_id=PC] Validation issues in N50: 3 critical, continuing anyway
2025-06-02 09:41:22 - PreprocessingPipeline_PC - INFO - [station_id=PC] Processed N50: 6978 records
2025-06-02 09:41:22 - PreprocessingPipeline_PC - INFO - [station_id=PC] FDR_N50: 6978 records
2025-06-02 09:41:22 - PreprocessingPipeline_PC - INFO - [station_id=PC] Starting FDR data validation for N100
2025-06-02 09:41:22 - PreprocessingPipeline_PC - INFO - [station_id=PC] FDR validation complete: 4 issues found
2025-06-02 09:41:22 - PreprocessingPipeline_PC - WARNING - [station_id=PC] Validation issues in N100: 4 critical, continuing anyway
2025-06-02 09:41:22 - PreprocessingPipeline_PC - INFO - [station_id=PC] Processed N100: 6975 records
2025-06-02 09:41:22 - PreprocessingPipeline_PC - INFO - [station_id=PC] FDR_N100: 6975 records
2025-06-02 09:41:22 - PreprocessingPipeline_PC - INFO - [station_id=PC] Starting FDR data validation for SW35
2025-06-02 09:41:22 - PreprocessingPipeline_PC - INFO - [station_id=PC] FDR validation complete: 3 issues found
2025-06-02 09:41:22 - PreprocessingPipeline_PC - WARNING - [station_id=PC] Validation issues in SW35: 3 critical, continuing anyway
2025-06-02 09:41:22 - PreprocessingPipeline_PC - INFO - [station_id=PC] Processed SW35: 6978 records
2025-06-02 09:41:22 - PreprocessingPipeline_PC - INFO - [station_id=PC] FDR_SW35: 6978 records
2025-06-02 09:41:22 - PreprocessingPipeline_PC - INFO - [station_id=PC] Starting FDR data validation for NW100
2025-06-02 09:41:22 - PreprocessingPipeline_PC - INFO - [station_id=PC] FDR validation complete: 4 issues found
2025-06-02 09:41:22 - PreprocessingPipeline_PC - WARNING - [station_id=PC] Validation issues in NW100: 4 critical, continuing anyway
2025-06-02 09:41:22 - PreprocessingPipeline_PC - INFO - [station_id=PC] Processed NW100: 7026 records
2025-06-02 09:41:22 - PreprocessingPipeline_PC - INFO - [station_id=PC] FDR_NW100: 7026 records
2025-06-02 09:41:22 - PreprocessingPipeline_PC - INFO - [station_id=PC] Starting FDR data validation for E50
2025-06-02 09:41:22 - PreprocessingPipeline_PC - INFO - [station_id=PC] FDR validation complete: 6 issues found
2025-06-02 09:41:22 - PreprocessingPipeline_PC - WARNING - [station_id=PC] Validation issues in E50: 3 critical, continuing anyway
2025-06-02 09:41:23 - PreprocessingPipeline_PC - INFO - [station_id=PC] Processed E50: 6921 records
2025-06-02 09:41:23 - PreprocessingPipeline_PC - INFO - [station_id=PC] FDR_E50: 6921 records
2025-06-02 09:41:23 - PreprocessingPipeline_PC - INFO - [station_id=PC] Starting FDR data validation for NE50
2025-06-02 09:41:23 - PreprocessingPipeline_PC - INFO - [station_id=PC] FDR validation complete: 4 issues found
2025-06-02 09:41:23 - PreprocessingPipeline_PC - WARNING - [station_id=PC] Validation issues in NE50: 4 critical, continuing anyway
2025-06-02 09:41:23 - PreprocessingPipeline_PC - INFO - [station_id=PC] Processed NE50: 6975 records
2025-06-02 09:41:23 - PreprocessingPipeline_PC - INFO - [station_id=PC] FDR_NE50: 6975 records
2025-06-02 09:41:23 - PreprocessingPipeline_PC - INFO - [station_id=PC] Starting FDR data validation for NW25
2025-06-02 09:41:23 - PreprocessingPipeline_PC - INFO - [station_id=PC] FDR validation complete: 4 issues found
2025-06-02 09:41:23 - PreprocessingPipeline_PC - WARNING - [station_id=PC] Validation issues in NW25: 3 critical, continuing anyway
2025-06-02 09:41:23 - PreprocessingPipeline_PC - INFO - [station_id=PC] Processed NW25: 6444 records
2025-06-02 09:41:23 - PreprocessingPipeline_PC - INFO - [station_id=PC] FDR_NW25: 6444 records
2025-06-02 09:41:23 - PreprocessingPipeline_PC - INFO - [station_id=PC] Starting FDR data validation for SE75
2025-06-02 09:41:23 - PreprocessingPipeline_PC - INFO - [station_id=PC] FDR validation complete: 4 issues found
2025-06-02 09:41:23 - PreprocessingPipeline_PC - WARNING - [station_id=PC] Validation issues in SE75: 2 critical, continuing anyway
2025-06-02 09:41:23 - PreprocessingPipeline_PC - INFO - [station_id=PC] Processed SE75: 6960 records
2025-06-02 09:41:23 - PreprocessingPipeline_PC - INFO - [station_id=PC] FDR_SE75: 6960 records
2025-06-02 09:41:23 - PreprocessingPipeline_PC - INFO - [station_id=PC] Starting FDR data validation for NE75
2025-06-02 09:41:23 - PreprocessingPipeline_PC - INFO - [station_id=PC] FDR validation complete: 4 issues found
2025-06-02 09:41:23 - PreprocessingPipeline_PC - WARNING - [station_id=PC] Validation issues in NE75: 4 critical, continuing anyway
2025-06-02 09:41:23 - PreprocessingPipeline_PC - INFO - [station_id=PC] Processed NE75: 5088 records
2025-06-02 09:41:23 - PreprocessingPipeline_PC - INFO - [station_id=PC] FDR_NE75: 5088 records
2025-06-02 09:41:23 - PreprocessingPipeline_PC - INFO - [station_id=PC] Starting FDR data validation for S75
2025-06-02 09:41:23 - PreprocessingPipeline_PC - INFO - [station_id=PC] FDR validation complete: 3 issues found
2025-06-02 09:41:23 - PreprocessingPipeline_PC - WARNING - [station_id=PC] Validation issues in S75: 2 critical, continuing anyway
2025-06-02 09:41:23 - PreprocessingPipeline_PC - INFO - [station_id=PC] Processed S75: 6969 records
2025-06-02 09:41:23 - PreprocessingPipeline_PC - INFO - [station_id=PC] FDR_S75: 6969 records
2025-06-02 09:41:23 - PreprocessingPipeline_PC - INFO - [station_id=PC] Starting FDR data validation for SE100
2025-06-02 09:41:23 - PreprocessingPipeline_PC - INFO - [station_id=PC] FDR validation complete: 3 issues found
2025-06-02 09:41:23 - PreprocessingPipeline_PC - WARNING - [station_id=PC] Validation issues in SE100: 3 critical, continuing anyway
2025-06-02 09:41:23 - PreprocessingPipeline_PC - INFO - [station_id=PC] Processed SE100: 5064 records
2025-06-02 09:41:23 - PreprocessingPipeline_PC - INFO - [station_id=PC] FDR_SE100: 5064 records
2025-06-02 09:41:23 - PreprocessingPipeline_PC - INFO - [station_id=PC] Successfully processed 12 out of 12 sensors
2025-06-02 09:41:32 - PreprocessingPipeline_PC - INFO - [station_id=PC] Saved file: data\output\PC\preprocessed\PC_FDR_input.xlsx (79353 records)
2025-06-02 09:41:32 - PreprocessingPipeline_PC - INFO - [station_id=PC] Saved file: data\output\PC\preprocessed\PC_FDR_daily_avg.xlsx (99 records)
2025-06-02 09:41:33 - PreprocessingPipeline_PC - INFO - [station_id=PC] Saved file: data\output\PC\preprocessed\PC_FDR_all_sites.xlsx (99 records)
2025-06-02 09:41:33 - PreprocessingPipeline_PC - INFO - [station_id=PC] Saved multi-sheet Excel: data\output\PC\preprocessed\PC_FDR_daily_depths.xlsx (3 sheets)
2025-06-02 09:41:33 - PreprocessingPipeline_PC - INFO - [station_id=PC] FDR processing complete. Generated 4 output files
2025-06-02 09:41:38 - PreprocessingPipeline_PC - INFO - [station_id=PC] FDR processing completed: 4 files
2025-06-02 09:41:38 - PreprocessingPipeline_PC - INFO - [station_id=PC] Discovered 1 files in data\input\PC\crnp
2025-06-02 09:41:38 - PreprocessingPipeline_PC - INFO - [station_id=PC] Discovered 0 files in data\input\PC\crnp
2025-06-02 09:41:38 - PreprocessingPipeline_PC - INFO - [station_id=PC] Selected CRNP file: hourly_CRNP.xlsx
2025-06-02 09:41:39 - PreprocessingPipeline_PC - INFO - [station_id=PC] ✅ Neutron counts found: mean=1419.6, range=[1182.0, 1694.0]
2025-06-02 09:41:39 - PreprocessingPipeline_PC - INFO - [station_id=PC] Successfully read CRNP file: 2162 records, 9 columns
2025-06-02 09:41:39 - PreprocessingPipeline_PC - INFO - [station_id=PC] Final columns: ['Timestamp', 'RN', 'Ta', 'RH', 'Pa', 'WS', 'WS_max', 'WD_VCT', 'N_counts']
2025-06-02 09:41:39 - PreprocessingPipeline_PC - INFO - [station_id=PC] CRNP_Raw: 2162 records
2025-06-02 09:41:39 - PreprocessingPipeline_PC - INFO - [station_id=PC] ✅ Found 2162 neutron count records
2025-06-02 09:41:39 - PreprocessingPipeline_PC - WARNING - [station_id=PC] Found 1 out-of-range values in WS_max, setting to NaN
2025-06-02 09:41:39 - PreprocessingPipeline_PC - INFO - [station_id=PC] CRNP_Processed: 2162 records
2025-06-02 09:41:39 - PreprocessingPipeline_PC - INFO - [station_id=PC] Saved file: data\output\PC\preprocessed\PC_CRNP_input.xlsx (2162 records)
2025-06-02 09:41:39 - PreprocessingPipeline_PC - INFO - [station_id=PC] CRNP processing summary: 2162 records, 2024-08-01 13:00:00 to 2024-10-30 14:00:00
2025-06-02 09:41:39 - PreprocessingPipeline_PC - INFO - [station_id=PC]   N_counts: 100.0% complete
2025-06-02 09:41:39 - PreprocessingPipeline_PC - INFO - [station_id=PC]   Ta: 100.0% complete
2025-06-02 09:41:39 - PreprocessingPipeline_PC - INFO - [station_id=PC]   Pa: 100.0% complete
2025-06-02 09:41:39 - PreprocessingPipeline_PC - INFO - [station_id=PC]   RH: 100.0% complete
2025-06-02 09:41:39 - PreprocessingPipeline_PC - INFO - [station_id=PC] CRNP processing completed: 2 files
2025-06-02 09:41:39 - PreprocessingPipeline_PC - INFO - [station_id=PC] Preprocessing completed successfully
2025-06-02 09:45:03 - PreprocessingPipeline_PC - INFO - [station_id=PC] Discovered 12 files in data\input\PC\fdr
2025-06-02 09:45:03 - PreprocessingPipeline_PC - INFO - [station_id=PC] Discovered 12 CSV files
2025-06-02 09:45:03 - PreprocessingPipeline_PC - INFO - [station_id=PC] Discovered 12 files in data\input\PC\fdr
2025-06-02 09:45:03 - PreprocessingPipeline_PC - INFO - [station_id=PC] FDR file matching: 12 matched, 0 unmatched
2025-06-02 09:45:03 - PreprocessingPipeline_PC - INFO - [station_id=PC] Successfully matched 12 files with sensor info
2025-06-02 09:45:03 - PreprocessingPipeline_PC - INFO - [station_id=PC] Starting FDR data validation for S25
2025-06-02 09:45:03 - PreprocessingPipeline_PC - INFO - [station_id=PC] FDR validation complete: 4 issues found
2025-06-02 09:45:03 - PreprocessingPipeline_PC - WARNING - [station_id=PC] Validation issues in S25: 3 critical, continuing anyway
2025-06-02 09:45:03 - PreprocessingPipeline_PC - INFO - [station_id=PC] Processed S25: 6975 records
2025-06-02 09:45:03 - PreprocessingPipeline_PC - INFO - [station_id=PC] FDR_S25: 6975 records
2025-06-02 09:45:03 - PreprocessingPipeline_PC - INFO - [station_id=PC] Starting FDR data validation for N50
2025-06-02 09:45:03 - PreprocessingPipeline_PC - INFO - [station_id=PC] FDR validation complete: 4 issues found
2025-06-02 09:45:03 - PreprocessingPipeline_PC - WARNING - [station_id=PC] Validation issues in N50: 3 critical, continuing anyway
2025-06-02 09:45:03 - PreprocessingPipeline_PC - INFO - [station_id=PC] Processed N50: 6978 records
2025-06-02 09:45:03 - PreprocessingPipeline_PC - INFO - [station_id=PC] FDR_N50: 6978 records
2025-06-02 09:45:03 - PreprocessingPipeline_PC - INFO - [station_id=PC] Starting FDR data validation for N100
2025-06-02 09:45:03 - PreprocessingPipeline_PC - INFO - [station_id=PC] FDR validation complete: 4 issues found
2025-06-02 09:45:03 - PreprocessingPipeline_PC - WARNING - [station_id=PC] Validation issues in N100: 4 critical, continuing anyway
2025-06-02 09:45:03 - PreprocessingPipeline_PC - INFO - [station_id=PC] Processed N100: 6975 records
2025-06-02 09:45:03 - PreprocessingPipeline_PC - INFO - [station_id=PC] FDR_N100: 6975 records
2025-06-02 09:45:03 - PreprocessingPipeline_PC - INFO - [station_id=PC] Starting FDR data validation for SW35
2025-06-02 09:45:03 - PreprocessingPipeline_PC - INFO - [station_id=PC] FDR validation complete: 3 issues found
2025-06-02 09:45:03 - PreprocessingPipeline_PC - WARNING - [station_id=PC] Validation issues in SW35: 3 critical, continuing anyway
2025-06-02 09:45:04 - PreprocessingPipeline_PC - INFO - [station_id=PC] Processed SW35: 6978 records
2025-06-02 09:45:04 - PreprocessingPipeline_PC - INFO - [station_id=PC] FDR_SW35: 6978 records
2025-06-02 09:45:04 - PreprocessingPipeline_PC - INFO - [station_id=PC] Starting FDR data validation for NW100
2025-06-02 09:45:04 - PreprocessingPipeline_PC - INFO - [station_id=PC] FDR validation complete: 4 issues found
2025-06-02 09:45:04 - PreprocessingPipeline_PC - WARNING - [station_id=PC] Validation issues in NW100: 4 critical, continuing anyway
2025-06-02 09:45:04 - PreprocessingPipeline_PC - INFO - [station_id=PC] Processed NW100: 7026 records
2025-06-02 09:45:04 - PreprocessingPipeline_PC - INFO - [station_id=PC] FDR_NW100: 7026 records
2025-06-02 09:45:04 - PreprocessingPipeline_PC - INFO - [station_id=PC] Starting FDR data validation for E50
2025-06-02 09:45:04 - PreprocessingPipeline_PC - INFO - [station_id=PC] FDR validation complete: 6 issues found
2025-06-02 09:45:04 - PreprocessingPipeline_PC - WARNING - [station_id=PC] Validation issues in E50: 3 critical, continuing anyway
2025-06-02 09:45:04 - PreprocessingPipeline_PC - INFO - [station_id=PC] Processed E50: 6921 records
2025-06-02 09:45:04 - PreprocessingPipeline_PC - INFO - [station_id=PC] FDR_E50: 6921 records
2025-06-02 09:45:04 - PreprocessingPipeline_PC - INFO - [station_id=PC] Starting FDR data validation for NE50
2025-06-02 09:45:04 - PreprocessingPipeline_PC - INFO - [station_id=PC] FDR validation complete: 4 issues found
2025-06-02 09:45:04 - PreprocessingPipeline_PC - WARNING - [station_id=PC] Validation issues in NE50: 4 critical, continuing anyway
2025-06-02 09:45:04 - PreprocessingPipeline_PC - INFO - [station_id=PC] Processed NE50: 6975 records
2025-06-02 09:45:04 - PreprocessingPipeline_PC - INFO - [station_id=PC] FDR_NE50: 6975 records
2025-06-02 09:45:04 - PreprocessingPipeline_PC - INFO - [station_id=PC] Starting FDR data validation for NW25
2025-06-02 09:45:04 - PreprocessingPipeline_PC - INFO - [station_id=PC] FDR validation complete: 4 issues found
2025-06-02 09:45:04 - PreprocessingPipeline_PC - WARNING - [station_id=PC] Validation issues in NW25: 3 critical, continuing anyway
2025-06-02 09:45:04 - PreprocessingPipeline_PC - INFO - [station_id=PC] Processed NW25: 6444 records
2025-06-02 09:45:04 - PreprocessingPipeline_PC - INFO - [station_id=PC] FDR_NW25: 6444 records
2025-06-02 09:45:04 - PreprocessingPipeline_PC - INFO - [station_id=PC] Starting FDR data validation for SE75
2025-06-02 09:45:04 - PreprocessingPipeline_PC - INFO - [station_id=PC] FDR validation complete: 4 issues found
2025-06-02 09:45:04 - PreprocessingPipeline_PC - WARNING - [station_id=PC] Validation issues in SE75: 2 critical, continuing anyway
2025-06-02 09:45:04 - PreprocessingPipeline_PC - INFO - [station_id=PC] Processed SE75: 6960 records
2025-06-02 09:45:04 - PreprocessingPipeline_PC - INFO - [station_id=PC] FDR_SE75: 6960 records
2025-06-02 09:45:04 - PreprocessingPipeline_PC - INFO - [station_id=PC] Starting FDR data validation for NE75
2025-06-02 09:45:04 - PreprocessingPipeline_PC - INFO - [station_id=PC] FDR validation complete: 4 issues found
2025-06-02 09:45:04 - PreprocessingPipeline_PC - WARNING - [station_id=PC] Validation issues in NE75: 4 critical, continuing anyway
2025-06-02 09:45:04 - PreprocessingPipeline_PC - INFO - [station_id=PC] Processed NE75: 5088 records
2025-06-02 09:45:04 - PreprocessingPipeline_PC - INFO - [station_id=PC] FDR_NE75: 5088 records
2025-06-02 09:45:04 - PreprocessingPipeline_PC - INFO - [station_id=PC] Starting FDR data validation for S75
2025-06-02 09:45:04 - PreprocessingPipeline_PC - INFO - [station_id=PC] FDR validation complete: 3 issues found
2025-06-02 09:45:04 - PreprocessingPipeline_PC - WARNING - [station_id=PC] Validation issues in S75: 2 critical, continuing anyway
2025-06-02 09:45:04 - PreprocessingPipeline_PC - INFO - [station_id=PC] Processed S75: 6969 records
2025-06-02 09:45:04 - PreprocessingPipeline_PC - INFO - [station_id=PC] FDR_S75: 6969 records
2025-06-02 09:45:04 - PreprocessingPipeline_PC - INFO - [station_id=PC] Starting FDR data validation for SE100
2025-06-02 09:45:04 - PreprocessingPipeline_PC - INFO - [station_id=PC] FDR validation complete: 3 issues found
2025-06-02 09:45:04 - PreprocessingPipeline_PC - WARNING - [station_id=PC] Validation issues in SE100: 3 critical, continuing anyway
2025-06-02 09:45:04 - PreprocessingPipeline_PC - INFO - [station_id=PC] Processed SE100: 5064 records
2025-06-02 09:45:04 - PreprocessingPipeline_PC - INFO - [station_id=PC] FDR_SE100: 5064 records
2025-06-02 09:45:04 - PreprocessingPipeline_PC - INFO - [station_id=PC] Successfully processed 12 out of 12 sensors
2025-06-02 09:45:13 - PreprocessingPipeline_PC - INFO - [station_id=PC] Saved file: data\output\PC\preprocessed\PC_FDR_input.xlsx (79353 records)
2025-06-02 09:45:14 - PreprocessingPipeline_PC - INFO - [station_id=PC] Saved file: data\output\PC\preprocessed\PC_FDR_daily_avg.xlsx (99 records)
2025-06-02 09:45:14 - PreprocessingPipeline_PC - INFO - [station_id=PC] Saved file: data\output\PC\preprocessed\PC_FDR_all_sites.xlsx (99 records)
2025-06-02 09:45:14 - PreprocessingPipeline_PC - INFO - [station_id=PC] Saved multi-sheet Excel: data\output\PC\preprocessed\PC_FDR_daily_depths.xlsx (3 sheets)
2025-06-02 09:45:14 - PreprocessingPipeline_PC - INFO - [station_id=PC] FDR processing complete. Generated 4 output files
2025-06-02 09:45:20 - PreprocessingPipeline_PC - INFO - [station_id=PC] FDR processing completed: 4 files
2025-06-02 09:45:20 - PreprocessingPipeline_PC - INFO - [station_id=PC] Discovered 1 files in data\input\PC\crnp
2025-06-02 09:45:20 - PreprocessingPipeline_PC - INFO - [station_id=PC] Discovered 0 files in data\input\PC\crnp
2025-06-02 09:45:20 - PreprocessingPipeline_PC - INFO - [station_id=PC] Selected CRNP file: hourly_CRNP.xlsx
2025-06-02 09:45:20 - PreprocessingPipeline_PC - INFO - [station_id=PC] ✅ Neutron counts found: mean=1419.6, range=[1182.0, 1694.0]
2025-06-02 09:45:20 - PreprocessingPipeline_PC - INFO - [station_id=PC] Successfully read CRNP file: 2162 records, 9 columns
2025-06-02 09:45:20 - PreprocessingPipeline_PC - INFO - [station_id=PC] Final columns: ['Timestamp', 'RN', 'Ta', 'RH', 'Pa', 'WS', 'WS_max', 'WD_VCT', 'N_counts']
2025-06-02 09:45:20 - PreprocessingPipeline_PC - INFO - [station_id=PC] CRNP_Raw: 2162 records
2025-06-02 09:45:20 - PreprocessingPipeline_PC - INFO - [station_id=PC] ✅ Found 2162 neutron count records
2025-06-02 09:45:20 - PreprocessingPipeline_PC - WARNING - [station_id=PC] Found 1 out-of-range values in WS_max, setting to NaN
2025-06-02 09:45:20 - PreprocessingPipeline_PC - INFO - [station_id=PC] CRNP_Processed: 2162 records
2025-06-02 09:45:20 - PreprocessingPipeline_PC - INFO - [station_id=PC] Saved file: data\output\PC\preprocessed\PC_CRNP_input.xlsx (2162 records)
2025-06-02 09:45:20 - PreprocessingPipeline_PC - INFO - [station_id=PC] CRNP processing summary: 2162 records, 2024-08-01 13:00:00 to 2024-10-30 14:00:00
2025-06-02 09:45:20 - PreprocessingPipeline_PC - INFO - [station_id=PC]   N_counts: 100.0% complete
2025-06-02 09:45:20 - PreprocessingPipeline_PC - INFO - [station_id=PC]   Ta: 100.0% complete
2025-06-02 09:45:20 - PreprocessingPipeline_PC - INFO - [station_id=PC]   Pa: 100.0% complete
2025-06-02 09:45:20 - PreprocessingPipeline_PC - INFO - [station_id=PC]   RH: 100.0% complete
2025-06-02 09:45:21 - PreprocessingPipeline_PC - INFO - [station_id=PC] CRNP processing completed: 2 files
2025-06-02 09:45:21 - PreprocessingPipeline_PC - INFO - [station_id=PC] Preprocessing completed successfully
2025-06-02 09:57:55 - PreprocessingPipeline_PC - INFO - [station_id=PC] Discovered 12 files in data\input\PC\fdr
2025-06-02 09:57:55 - PreprocessingPipeline_PC - INFO - [station_id=PC] Discovered 12 CSV files
2025-06-02 09:57:55 - PreprocessingPipeline_PC - INFO - [station_id=PC] Discovered 12 files in data\input\PC\fdr
2025-06-02 09:57:55 - PreprocessingPipeline_PC - INFO - [station_id=PC] FDR file matching: 12 matched, 0 unmatched
2025-06-02 09:57:55 - PreprocessingPipeline_PC - INFO - [station_id=PC] Successfully matched 12 files with sensor info
2025-06-02 09:57:55 - PreprocessingPipeline_PC - INFO - [station_id=PC] Starting FDR data validation for S25
2025-06-02 09:57:55 - PreprocessingPipeline_PC - INFO - [station_id=PC] FDR validation complete: 4 issues found
2025-06-02 09:57:55 - PreprocessingPipeline_PC - WARNING - [station_id=PC] Validation issues in S25: 3 critical, continuing anyway
2025-06-02 09:57:55 - PreprocessingPipeline_PC - INFO - [station_id=PC] Processed S25: 6975 records
2025-06-02 09:57:55 - PreprocessingPipeline_PC - INFO - [station_id=PC] FDR_S25: 6975 records
2025-06-02 09:57:55 - PreprocessingPipeline_PC - INFO - [station_id=PC] Starting FDR data validation for N50
2025-06-02 09:57:55 - PreprocessingPipeline_PC - INFO - [station_id=PC] FDR validation complete: 4 issues found
2025-06-02 09:57:55 - PreprocessingPipeline_PC - WARNING - [station_id=PC] Validation issues in N50: 3 critical, continuing anyway
2025-06-02 09:57:55 - PreprocessingPipeline_PC - INFO - [station_id=PC] Processed N50: 6978 records
2025-06-02 09:57:55 - PreprocessingPipeline_PC - INFO - [station_id=PC] FDR_N50: 6978 records
2025-06-02 09:57:55 - PreprocessingPipeline_PC - INFO - [station_id=PC] Starting FDR data validation for N100
2025-06-02 09:57:55 - PreprocessingPipeline_PC - INFO - [station_id=PC] FDR validation complete: 4 issues found
2025-06-02 09:57:55 - PreprocessingPipeline_PC - WARNING - [station_id=PC] Validation issues in N100: 4 critical, continuing anyway
2025-06-02 09:57:55 - PreprocessingPipeline_PC - INFO - [station_id=PC] Processed N100: 6975 records
2025-06-02 09:57:55 - PreprocessingPipeline_PC - INFO - [station_id=PC] FDR_N100: 6975 records
2025-06-02 09:57:55 - PreprocessingPipeline_PC - INFO - [station_id=PC] Starting FDR data validation for SW35
2025-06-02 09:57:55 - PreprocessingPipeline_PC - INFO - [station_id=PC] FDR validation complete: 3 issues found
2025-06-02 09:57:55 - PreprocessingPipeline_PC - WARNING - [station_id=PC] Validation issues in SW35: 3 critical, continuing anyway
2025-06-02 09:57:55 - PreprocessingPipeline_PC - INFO - [station_id=PC] Processed SW35: 6978 records
2025-06-02 09:57:55 - PreprocessingPipeline_PC - INFO - [station_id=PC] FDR_SW35: 6978 records
2025-06-02 09:57:55 - PreprocessingPipeline_PC - INFO - [station_id=PC] Starting FDR data validation for NW100
2025-06-02 09:57:55 - PreprocessingPipeline_PC - INFO - [station_id=PC] FDR validation complete: 4 issues found
2025-06-02 09:57:55 - PreprocessingPipeline_PC - WARNING - [station_id=PC] Validation issues in NW100: 4 critical, continuing anyway
2025-06-02 09:57:55 - PreprocessingPipeline_PC - INFO - [station_id=PC] Processed NW100: 7026 records
2025-06-02 09:57:55 - PreprocessingPipeline_PC - INFO - [station_id=PC] FDR_NW100: 7026 records
2025-06-02 09:57:56 - PreprocessingPipeline_PC - INFO - [station_id=PC] Starting FDR data validation for E50
2025-06-02 09:57:56 - PreprocessingPipeline_PC - INFO - [station_id=PC] FDR validation complete: 6 issues found
2025-06-02 09:57:56 - PreprocessingPipeline_PC - WARNING - [station_id=PC] Validation issues in E50: 3 critical, continuing anyway
2025-06-02 09:57:56 - PreprocessingPipeline_PC - INFO - [station_id=PC] Processed E50: 6921 records
2025-06-02 09:57:56 - PreprocessingPipeline_PC - INFO - [station_id=PC] FDR_E50: 6921 records
2025-06-02 09:57:56 - PreprocessingPipeline_PC - INFO - [station_id=PC] Starting FDR data validation for NE50
2025-06-02 09:57:56 - PreprocessingPipeline_PC - INFO - [station_id=PC] FDR validation complete: 4 issues found
2025-06-02 09:57:56 - PreprocessingPipeline_PC - WARNING - [station_id=PC] Validation issues in NE50: 4 critical, continuing anyway
2025-06-02 09:57:56 - PreprocessingPipeline_PC - INFO - [station_id=PC] Processed NE50: 6975 records
2025-06-02 09:57:56 - PreprocessingPipeline_PC - INFO - [station_id=PC] FDR_NE50: 6975 records
2025-06-02 09:57:56 - PreprocessingPipeline_PC - INFO - [station_id=PC] Starting FDR data validation for NW25
2025-06-02 09:57:56 - PreprocessingPipeline_PC - INFO - [station_id=PC] FDR validation complete: 4 issues found
2025-06-02 09:57:56 - PreprocessingPipeline_PC - WARNING - [station_id=PC] Validation issues in NW25: 3 critical, continuing anyway
2025-06-02 09:57:56 - PreprocessingPipeline_PC - INFO - [station_id=PC] Processed NW25: 6444 records
2025-06-02 09:57:56 - PreprocessingPipeline_PC - INFO - [station_id=PC] FDR_NW25: 6444 records
2025-06-02 09:57:56 - PreprocessingPipeline_PC - INFO - [station_id=PC] Starting FDR data validation for SE75
2025-06-02 09:57:56 - PreprocessingPipeline_PC - INFO - [station_id=PC] FDR validation complete: 4 issues found
2025-06-02 09:57:56 - PreprocessingPipeline_PC - WARNING - [station_id=PC] Validation issues in SE75: 2 critical, continuing anyway
2025-06-02 09:57:56 - PreprocessingPipeline_PC - INFO - [station_id=PC] Processed SE75: 6960 records
2025-06-02 09:57:56 - PreprocessingPipeline_PC - INFO - [station_id=PC] FDR_SE75: 6960 records
2025-06-02 09:57:56 - PreprocessingPipeline_PC - INFO - [station_id=PC] Starting FDR data validation for NE75
2025-06-02 09:57:56 - PreprocessingPipeline_PC - INFO - [station_id=PC] FDR validation complete: 4 issues found
2025-06-02 09:57:56 - PreprocessingPipeline_PC - WARNING - [station_id=PC] Validation issues in NE75: 4 critical, continuing anyway
2025-06-02 09:57:56 - PreprocessingPipeline_PC - INFO - [station_id=PC] Processed NE75: 5088 records
2025-06-02 09:57:56 - PreprocessingPipeline_PC - INFO - [station_id=PC] FDR_NE75: 5088 records
2025-06-02 09:57:56 - PreprocessingPipeline_PC - INFO - [station_id=PC] Starting FDR data validation for S75
2025-06-02 09:57:56 - PreprocessingPipeline_PC - INFO - [station_id=PC] FDR validation complete: 3 issues found
2025-06-02 09:57:56 - PreprocessingPipeline_PC - WARNING - [station_id=PC] Validation issues in S75: 2 critical, continuing anyway
2025-06-02 09:57:56 - PreprocessingPipeline_PC - INFO - [station_id=PC] Processed S75: 6969 records
2025-06-02 09:57:56 - PreprocessingPipeline_PC - INFO - [station_id=PC] FDR_S75: 6969 records
2025-06-02 09:57:56 - PreprocessingPipeline_PC - INFO - [station_id=PC] Starting FDR data validation for SE100
2025-06-02 09:57:56 - PreprocessingPipeline_PC - INFO - [station_id=PC] FDR validation complete: 3 issues found
2025-06-02 09:57:56 - PreprocessingPipeline_PC - WARNING - [station_id=PC] Validation issues in SE100: 3 critical, continuing anyway
2025-06-02 09:57:56 - PreprocessingPipeline_PC - INFO - [station_id=PC] Processed SE100: 5064 records
2025-06-02 09:57:56 - PreprocessingPipeline_PC - INFO - [station_id=PC] FDR_SE100: 5064 records
2025-06-02 09:57:56 - PreprocessingPipeline_PC - INFO - [station_id=PC] Successfully processed 12 out of 12 sensors
2025-06-02 09:58:05 - PreprocessingPipeline_PC - INFO - [station_id=PC] Saved file: data\output\PC\preprocessed\PC_FDR_input.xlsx (79353 records)
2025-06-02 09:58:05 - PreprocessingPipeline_PC - INFO - [station_id=PC] Saved file: data\output\PC\preprocessed\PC_FDR_daily_avg.xlsx (99 records)
2025-06-02 09:58:05 - PreprocessingPipeline_PC - INFO - [station_id=PC] Saved file: data\output\PC\preprocessed\PC_FDR_all_sites.xlsx (99 records)
2025-06-02 09:58:06 - PreprocessingPipeline_PC - INFO - [station_id=PC] Saved multi-sheet Excel: data\output\PC\preprocessed\PC_FDR_daily_depths.xlsx (3 sheets)
2025-06-02 09:58:06 - PreprocessingPipeline_PC - INFO - [station_id=PC] FDR processing complete. Generated 4 output files
2025-06-02 09:58:11 - PreprocessingPipeline_PC - INFO - [station_id=PC] FDR processing completed: 4 files
2025-06-02 09:58:11 - PreprocessingPipeline_PC - INFO - [station_id=PC] Discovered 1 files in data\input\PC\crnp
2025-06-02 09:58:11 - PreprocessingPipeline_PC - INFO - [station_id=PC] Discovered 0 files in data\input\PC\crnp
2025-06-02 09:58:11 - PreprocessingPipeline_PC - INFO - [station_id=PC] Selected CRNP file: hourly_CRNP.xlsx
2025-06-02 09:58:12 - PreprocessingPipeline_PC - INFO - [station_id=PC] ✅ Neutron counts found: mean=1419.6, range=[1182.0, 1694.0]
2025-06-02 09:58:12 - PreprocessingPipeline_PC - INFO - [station_id=PC] Successfully read CRNP file: 2162 records, 9 columns
2025-06-02 09:58:12 - PreprocessingPipeline_PC - INFO - [station_id=PC] Final columns: ['Timestamp', 'RN', 'Ta', 'RH', 'Pa', 'WS', 'WS_max', 'WD_VCT', 'N_counts']
2025-06-02 09:58:12 - PreprocessingPipeline_PC - INFO - [station_id=PC] CRNP_Raw: 2162 records
2025-06-02 09:58:12 - PreprocessingPipeline_PC - INFO - [station_id=PC] ✅ Found 2162 neutron count records
2025-06-02 09:58:12 - PreprocessingPipeline_PC - WARNING - [station_id=PC] Found 1 out-of-range values in WS_max, setting to NaN
2025-06-02 09:58:12 - PreprocessingPipeline_PC - INFO - [station_id=PC] CRNP_Processed: 2162 records
2025-06-02 09:58:12 - PreprocessingPipeline_PC - INFO - [station_id=PC] Saved file: data\output\PC\preprocessed\PC_CRNP_input.xlsx (2162 records)
2025-06-02 09:58:12 - PreprocessingPipeline_PC - INFO - [station_id=PC] CRNP processing summary: 2162 records, 2024-08-01 13:00:00 to 2024-10-30 14:00:00
2025-06-02 09:58:12 - PreprocessingPipeline_PC - INFO - [station_id=PC]   N_counts: 100.0% complete
2025-06-02 09:58:12 - PreprocessingPipeline_PC - INFO - [station_id=PC]   Ta: 100.0% complete
2025-06-02 09:58:12 - PreprocessingPipeline_PC - INFO - [station_id=PC]   Pa: 100.0% complete
2025-06-02 09:58:12 - PreprocessingPipeline_PC - INFO - [station_id=PC]   RH: 100.0% complete
2025-06-02 09:58:12 - PreprocessingPipeline_PC - INFO - [station_id=PC] CRNP processing completed: 2 files
2025-06-02 09:58:12 - PreprocessingPipeline_PC - INFO - [station_id=PC] Preprocessing completed successfully
