2025-06-01 10:28:42 - PreprocessingPipeline_PC - INFO - [station_id=PC] Discovered 12 files in data\input\PC\fdr
2025-06-01 10:28:42 - PreprocessingPipeline_PC - INFO - [station_id=PC] Discovered 12 CSV files
2025-06-01 10:28:42 - PreprocessingPipeline_PC - INFO - [station_id=PC] Discovered 12 files in data\input\PC\fdr
2025-06-01 10:28:42 - PreprocessingPipeline_PC - INFO - [station_id=PC] FDR file matching: 12 matched, 0 unmatched
2025-06-01 10:28:42 - PreprocessingPipeline_PC - INFO - [station_id=PC] Successfully matched 12 files with sensor info
2025-06-01 10:28:42 - PreprocessingPipeline_PC - INFO - [station_id=PC] Starting FDR data validation for S25
2025-06-01 10:28:42 - PreprocessingPipeline_PC - INFO - [station_id=PC] FDR validation complete: 4 issues found
2025-06-01 10:28:42 - PreprocessingPipeline_PC - WARNING - [station_id=PC] Validation issues in S25: 3 critical, continuing anyway
2025-06-01 10:28:42 - PreprocessingPipeline_PC - INFO - [station_id=PC] Processed S25: 6975 records
2025-06-01 10:28:42 - PreprocessingPipeline_PC - INFO - [station_id=PC] FDR_S25: 6975 records
2025-06-01 10:28:42 - PreprocessingPipeline_PC - INFO - [station_id=PC] Starting FDR data validation for N50
2025-06-01 10:28:42 - PreprocessingPipeline_PC - INFO - [station_id=PC] FDR validation complete: 4 issues found
2025-06-01 10:28:42 - PreprocessingPipeline_PC - WARNING - [station_id=PC] Validation issues in N50: 3 critical, continuing anyway
2025-06-01 10:28:42 - PreprocessingPipeline_PC - INFO - [station_id=PC] Processed N50: 6978 records
2025-06-01 10:28:42 - PreprocessingPipeline_PC - INFO - [station_id=PC] FDR_N50: 6978 records
2025-06-01 10:28:42 - PreprocessingPipeline_PC - INFO - [station_id=PC] Starting FDR data validation for N100
2025-06-01 10:28:43 - PreprocessingPipeline_PC - INFO - [station_id=PC] FDR validation complete: 4 issues found
2025-06-01 10:28:43 - PreprocessingPipeline_PC - WARNING - [station_id=PC] Validation issues in N100: 4 critical, continuing anyway
2025-06-01 10:28:43 - PreprocessingPipeline_PC - INFO - [station_id=PC] Processed N100: 6975 records
2025-06-01 10:28:43 - PreprocessingPipeline_PC - INFO - [station_id=PC] FDR_N100: 6975 records
2025-06-01 10:28:43 - PreprocessingPipeline_PC - INFO - [station_id=PC] Starting FDR data validation for SW35
2025-06-01 10:28:43 - PreprocessingPipeline_PC - INFO - [station_id=PC] FDR validation complete: 3 issues found
2025-06-01 10:28:43 - PreprocessingPipeline_PC - WARNING - [station_id=PC] Validation issues in SW35: 3 critical, continuing anyway
2025-06-01 10:28:43 - PreprocessingPipeline_PC - INFO - [station_id=PC] Processed SW35: 6978 records
2025-06-01 10:28:43 - PreprocessingPipeline_PC - INFO - [station_id=PC] FDR_SW35: 6978 records
2025-06-01 10:28:43 - PreprocessingPipeline_PC - INFO - [station_id=PC] Starting FDR data validation for NW100
2025-06-01 10:28:43 - PreprocessingPipeline_PC - INFO - [station_id=PC] FDR validation complete: 4 issues found
2025-06-01 10:28:43 - PreprocessingPipeline_PC - WARNING - [station_id=PC] Validation issues in NW100: 4 critical, continuing anyway
2025-06-01 10:28:43 - PreprocessingPipeline_PC - INFO - [station_id=PC] Processed NW100: 7026 records
2025-06-01 10:28:43 - PreprocessingPipeline_PC - INFO - [station_id=PC] FDR_NW100: 7026 records
2025-06-01 10:28:43 - PreprocessingPipeline_PC - INFO - [station_id=PC] Starting FDR data validation for E50
2025-06-01 10:28:43 - PreprocessingPipeline_PC - INFO - [station_id=PC] FDR validation complete: 6 issues found
2025-06-01 10:28:43 - PreprocessingPipeline_PC - WARNING - [station_id=PC] Validation issues in E50: 3 critical, continuing anyway
2025-06-01 10:28:43 - PreprocessingPipeline_PC - INFO - [station_id=PC] Processed E50: 6921 records
2025-06-01 10:28:43 - PreprocessingPipeline_PC - INFO - [station_id=PC] FDR_E50: 6921 records
2025-06-01 10:28:43 - PreprocessingPipeline_PC - INFO - [station_id=PC] Starting FDR data validation for NE50
2025-06-01 10:28:43 - PreprocessingPipeline_PC - INFO - [station_id=PC] FDR validation complete: 4 issues found
2025-06-01 10:28:43 - PreprocessingPipeline_PC - WARNING - [station_id=PC] Validation issues in NE50: 4 critical, continuing anyway
2025-06-01 10:28:43 - PreprocessingPipeline_PC - INFO - [station_id=PC] Processed NE50: 6975 records
2025-06-01 10:28:43 - PreprocessingPipeline_PC - INFO - [station_id=PC] FDR_NE50: 6975 records
2025-06-01 10:28:43 - PreprocessingPipeline_PC - INFO - [station_id=PC] Starting FDR data validation for NW25
2025-06-01 10:28:43 - PreprocessingPipeline_PC - INFO - [station_id=PC] FDR validation complete: 4 issues found
2025-06-01 10:28:43 - PreprocessingPipeline_PC - WARNING - [station_id=PC] Validation issues in NW25: 3 critical, continuing anyway
2025-06-01 10:28:43 - PreprocessingPipeline_PC - INFO - [station_id=PC] Processed NW25: 6444 records
2025-06-01 10:28:43 - PreprocessingPipeline_PC - INFO - [station_id=PC] FDR_NW25: 6444 records
2025-06-01 10:28:43 - PreprocessingPipeline_PC - INFO - [station_id=PC] Starting FDR data validation for SE75
2025-06-01 10:28:43 - PreprocessingPipeline_PC - INFO - [station_id=PC] FDR validation complete: 4 issues found
2025-06-01 10:28:43 - PreprocessingPipeline_PC - WARNING - [station_id=PC] Validation issues in SE75: 2 critical, continuing anyway
2025-06-01 10:28:43 - PreprocessingPipeline_PC - INFO - [station_id=PC] Processed SE75: 6960 records
2025-06-01 10:28:43 - PreprocessingPipeline_PC - INFO - [station_id=PC] FDR_SE75: 6960 records
2025-06-01 10:28:43 - PreprocessingPipeline_PC - INFO - [station_id=PC] Starting FDR data validation for NE75
2025-06-01 10:28:43 - PreprocessingPipeline_PC - INFO - [station_id=PC] FDR validation complete: 4 issues found
2025-06-01 10:28:43 - PreprocessingPipeline_PC - WARNING - [station_id=PC] Validation issues in NE75: 4 critical, continuing anyway
2025-06-01 10:28:44 - PreprocessingPipeline_PC - INFO - [station_id=PC] Processed NE75: 5088 records
2025-06-01 10:28:44 - PreprocessingPipeline_PC - INFO - [station_id=PC] FDR_NE75: 5088 records
2025-06-01 10:28:44 - PreprocessingPipeline_PC - INFO - [station_id=PC] Starting FDR data validation for S75
2025-06-01 10:28:44 - PreprocessingPipeline_PC - INFO - [station_id=PC] FDR validation complete: 3 issues found
2025-06-01 10:28:44 - PreprocessingPipeline_PC - WARNING - [station_id=PC] Validation issues in S75: 2 critical, continuing anyway
2025-06-01 10:28:44 - PreprocessingPipeline_PC - INFO - [station_id=PC] Processed S75: 6969 records
2025-06-01 10:28:44 - PreprocessingPipeline_PC - INFO - [station_id=PC] FDR_S75: 6969 records
2025-06-01 10:28:44 - PreprocessingPipeline_PC - INFO - [station_id=PC] Starting FDR data validation for SE100
2025-06-01 10:28:44 - PreprocessingPipeline_PC - INFO - [station_id=PC] FDR validation complete: 3 issues found
2025-06-01 10:28:44 - PreprocessingPipeline_PC - WARNING - [station_id=PC] Validation issues in SE100: 3 critical, continuing anyway
2025-06-01 10:28:44 - PreprocessingPipeline_PC - INFO - [station_id=PC] Processed SE100: 5064 records
2025-06-01 10:28:44 - PreprocessingPipeline_PC - INFO - [station_id=PC] FDR_SE100: 5064 records
2025-06-01 10:28:44 - PreprocessingPipeline_PC - INFO - [station_id=PC] Successfully processed 12 out of 12 sensors
2025-06-01 10:28:53 - PreprocessingPipeline_PC - INFO - [station_id=PC] Saved file: data\output\PC\preprocessed\PC_FDR_input.xlsx (79353 records)
2025-06-01 10:28:53 - PreprocessingPipeline_PC - INFO - [station_id=PC] Saved file: data\output\PC\preprocessed\PC_FDR_daily_avg.xlsx (99 records)
2025-06-01 10:28:53 - PreprocessingPipeline_PC - INFO - [station_id=PC] Saved file: data\output\PC\preprocessed\PC_FDR_all_sites.xlsx (99 records)
2025-06-01 10:28:53 - PreprocessingPipeline_PC - INFO - [station_id=PC] Saved multi-sheet Excel: data\output\PC\preprocessed\PC_FDR_daily_depths.xlsx (3 sheets)
2025-06-01 10:28:53 - PreprocessingPipeline_PC - INFO - [station_id=PC] FDR processing complete. Generated 4 output files
2025-06-01 10:28:59 - PreprocessingPipeline_PC - INFO - [station_id=PC] FDR processing completed: 4 files
2025-06-01 10:28:59 - PreprocessingPipeline_PC - INFO - [station_id=PC] Discovered 1 files in data\input\PC\crnp
2025-06-01 10:28:59 - PreprocessingPipeline_PC - INFO - [station_id=PC] Discovered 0 files in data\input\PC\crnp
2025-06-01 10:28:59 - PreprocessingPipeline_PC - INFO - [station_id=PC] Selected CRNP file: hourly_CRNP.xlsx
2025-06-01 10:28:59 - PreprocessingPipeline_PC - INFO - [station_id=PC] Analyzing TOA5 header structure:
2025-06-01 10:28:59 - PreprocessingPipeline_PC - INFO - [station_id=PC]   Row 0: ['TOA5', 'KIHS_CosmicRay_PyeongChang', 'CR300', 20352, 'CR310.Std.10.07']
2025-06-01 10:28:59 - PreprocessingPipeline_PC - INFO - [station_id=PC]   Row 1: ['TIMESTAMP', 'RECORD', 'Air_Temp_Avg', 'RH_Avg', 'Air_Press_Avg']
2025-06-01 10:28:59 - PreprocessingPipeline_PC - INFO - [station_id=PC]   Row 2: ['TS', 'RN', 'DegC', '%', 'hPa']
2025-06-01 10:28:59 - PreprocessingPipeline_PC - INFO - [station_id=PC]   Row 3: [nan, nan, 'Avg', 'Avg', 'Avg']
2025-06-01 10:28:59 - PreprocessingPipeline_PC - INFO - [station_id=PC]   Row 4: [datetime.datetime(2024, 8, 1, 12, 0), 0, 26.99, 79.57, 945.75]
2025-06-01 10:28:59 - PreprocessingPipeline_PC - INFO - [station_id=PC]   Row 5: [datetime.datetime(2024, 8, 1, 13, 0), 1, 27.72, 78.82, 945.4167]
2025-06-01 10:28:59 - PreprocessingPipeline_PC - INFO - [station_id=PC] Processing Excel TOA5 format
2025-06-01 10:28:59 - PreprocessingPipeline_PC - INFO - [station_id=PC] TOA5 columns from row 1: ['TIMESTAMP', 'RECORD', 'Air_Temp_Avg', 'RH_Avg', 'Air_Press_Avg', 'WS_avg_Avg', 'WS_max_Max', 'WD_VCT', 'HI_NeutronCts_Tot']
2025-06-01 10:28:59 - PreprocessingPipeline_PC - INFO - [station_id=PC] TOA5 abbreviations from row 2: ['TS', 'RN', 'DegC', '%', 'hPa', 'm/s', 'm/s', 'Deg']
2025-06-01 10:28:59 - PreprocessingPipeline_PC - INFO - [station_id=PC] Data shape after reading: (2162, 9)
2025-06-01 10:28:59 - PreprocessingPipeline_PC - INFO - [station_id=PC] Original data columns: [datetime.datetime(2024, 8, 1, 12, 0), 0, 26.99, 79.57, 945.75, 0.773, 3.5, 25.66, 955]
2025-06-01 10:28:59 - PreprocessingPipeline_PC - INFO - [station_id=PC] Applied TOA5 column names: ['TIMESTAMP', 'RECORD', 'Air_Temp_Avg', 'RH_Avg', 'Air_Press_Avg', 'WS_avg_Avg', 'WS_max_Max', 'WD_VCT', 'HI_NeutronCts_Tot']
2025-06-01 10:28:59 - PreprocessingPipeline_PC - INFO - [station_id=PC] Sample data (first 3 rows):
2025-06-01 10:28:59 - PreprocessingPipeline_PC - INFO - [station_id=PC]   Data row 0: [Timestamp('2024-08-01 13:00:00'), 1, 27.72, 78.82, 945.4167]
2025-06-01 10:28:59 - PreprocessingPipeline_PC - INFO - [station_id=PC]   Data row 1: [Timestamp('2024-08-01 14:00:00'), 2, 28.12, 76.92, 945.2]
2025-06-01 10:28:59 - PreprocessingPipeline_PC - INFO - [station_id=PC]   Data row 2: [Timestamp('2024-08-01 15:00:00'), 3, 28.43, 76.08, 944.8766]
2025-06-01 10:28:59 - PreprocessingPipeline_PC - INFO - [station_id=PC] Mapping TOA5 columns to standard CRNP format
2025-06-01 10:28:59 - PreprocessingPipeline_PC - INFO - [station_id=PC] Available columns: ['TIMESTAMP', 'RECORD', 'Air_Temp_Avg', 'RH_Avg', 'Air_Press_Avg', 'WS_avg_Avg', 'WS_max_Max', 'WD_VCT', 'HI_NeutronCts_Tot']
2025-06-01 10:28:59 - PreprocessingPipeline_PC - INFO - [station_id=PC]   ✅ Timestamp ← TIMESTAMP
2025-06-01 10:28:59 - PreprocessingPipeline_PC - INFO - [station_id=PC]   ✅ RN ← RECORD
2025-06-01 10:28:59 - PreprocessingPipeline_PC - INFO - [station_id=PC]   ✅ Ta ← Air_Temp_Avg
2025-06-01 10:28:59 - PreprocessingPipeline_PC - INFO - [station_id=PC]   ✅ RH ← RH_Avg
2025-06-01 10:28:59 - PreprocessingPipeline_PC - INFO - [station_id=PC]   ✅ Pa ← Air_Press_Avg
2025-06-01 10:28:59 - PreprocessingPipeline_PC - INFO - [station_id=PC]   ✅ WS ← WS_avg_Avg
2025-06-01 10:28:59 - PreprocessingPipeline_PC - INFO - [station_id=PC]   ✅ WS_max ← WS_max_Max
2025-06-01 10:28:59 - PreprocessingPipeline_PC - INFO - [station_id=PC]   ✅ WD_VCT ← WD_VCT
2025-06-01 10:28:59 - PreprocessingPipeline_PC - INFO - [station_id=PC]   ✅ N_counts ← HI_NeutronCts_Tot
2025-06-01 10:28:59 - PreprocessingPipeline_PC - INFO - [station_id=PC] Mapping complete: 9/9 columns mapped
2025-06-01 10:28:59 - PreprocessingPipeline_PC - INFO - [station_id=PC] ✅ Neutron counts found: mean=1419.6, range=[1182.0, 1694.0]
2025-06-01 10:28:59 - PreprocessingPipeline_PC - INFO - [station_id=PC] Successfully read CRNP file: 2162 records, 9 columns
2025-06-01 10:28:59 - PreprocessingPipeline_PC - INFO - [station_id=PC] Final columns: ['Timestamp', 'RN', 'Ta', 'RH', 'Pa', 'WS', 'WS_max', 'WD_VCT', 'N_counts']
2025-06-01 10:28:59 - PreprocessingPipeline_PC - INFO - [station_id=PC] CRNP_Raw: 2162 records
2025-06-01 10:28:59 - PreprocessingPipeline_PC - INFO - [station_id=PC] ✅ Found 2162 neutron count records
2025-06-01 10:28:59 - PreprocessingPipeline_PC - INFO - [station_id=PC] CRNP data preprocessing started
2025-06-01 10:28:59 - PreprocessingPipeline_PC - INFO - [station_id=PC] Original data shape: (2162, 9)
2025-06-01 10:28:59 - PreprocessingPipeline_PC - INFO - [station_id=PC] Timestamp already in datetime format
2025-06-01 10:28:59 - PreprocessingPipeline_PC - INFO - [station_id=PC] Final timestamp range: 2024-08-01 13:00:00 to 2024-10-30 14:00:00
2025-06-01 10:28:59 - PreprocessingPipeline_PC - WARNING - [station_id=PC] Found 1 out-of-range values in WS_max, setting to NaN
2025-06-01 10:28:59 - PreprocessingPipeline_PC - INFO - [station_id=PC] CRNP_Processed: 2162 records
2025-06-01 10:29:00 - PreprocessingPipeline_PC - INFO - [station_id=PC] Saved file: data\output\PC\preprocessed\PC_CRNP_input.xlsx (2162 records)
2025-06-01 10:29:00 - PreprocessingPipeline_PC - INFO - [station_id=PC] CRNP processing summary: 2162 records, 2024-08-01 13:00:00 to 2024-10-30 14:00:00
2025-06-01 10:29:00 - PreprocessingPipeline_PC - INFO - [station_id=PC]   N_counts: 100.0% complete
2025-06-01 10:29:00 - PreprocessingPipeline_PC - INFO - [station_id=PC]   Ta: 100.0% complete
2025-06-01 10:29:00 - PreprocessingPipeline_PC - INFO - [station_id=PC]   Pa: 100.0% complete
2025-06-01 10:29:00 - PreprocessingPipeline_PC - INFO - [station_id=PC]   RH: 100.0% complete
2025-06-01 10:29:00 - PreprocessingPipeline_PC - INFO - [station_id=PC] CRNP processing completed: 2 files
2025-06-01 10:29:00 - PreprocessingPipeline_PC - INFO - [station_id=PC] Preprocessing completed successfully
2025-06-01 10:59:48 - PreprocessingPipeline_PC - INFO - [station_id=PC] Discovered 12 files in data\input\PC\fdr
2025-06-01 10:59:48 - PreprocessingPipeline_PC - INFO - [station_id=PC] Discovered 12 CSV files
2025-06-01 10:59:48 - PreprocessingPipeline_PC - INFO - [station_id=PC] Discovered 12 files in data\input\PC\fdr
2025-06-01 10:59:48 - PreprocessingPipeline_PC - INFO - [station_id=PC] FDR file matching: 12 matched, 0 unmatched
2025-06-01 10:59:48 - PreprocessingPipeline_PC - INFO - [station_id=PC] Successfully matched 12 files with sensor info
2025-06-01 10:59:48 - PreprocessingPipeline_PC - INFO - [station_id=PC] Starting FDR data validation for S25
2025-06-01 10:59:48 - PreprocessingPipeline_PC - INFO - [station_id=PC] FDR validation complete: 4 issues found
2025-06-01 10:59:48 - PreprocessingPipeline_PC - WARNING - [station_id=PC] Validation issues in S25: 3 critical, continuing anyway
2025-06-01 10:59:48 - PreprocessingPipeline_PC - INFO - [station_id=PC] Processed S25: 6975 records
2025-06-01 10:59:48 - PreprocessingPipeline_PC - INFO - [station_id=PC] FDR_S25: 6975 records
2025-06-01 10:59:48 - PreprocessingPipeline_PC - INFO - [station_id=PC] Starting FDR data validation for N50
2025-06-01 10:59:48 - PreprocessingPipeline_PC - INFO - [station_id=PC] FDR validation complete: 4 issues found
2025-06-01 10:59:48 - PreprocessingPipeline_PC - WARNING - [station_id=PC] Validation issues in N50: 3 critical, continuing anyway
2025-06-01 10:59:48 - PreprocessingPipeline_PC - INFO - [station_id=PC] Processed N50: 6978 records
2025-06-01 10:59:48 - PreprocessingPipeline_PC - INFO - [station_id=PC] FDR_N50: 6978 records
2025-06-01 10:59:48 - PreprocessingPipeline_PC - INFO - [station_id=PC] Starting FDR data validation for N100
2025-06-01 10:59:48 - PreprocessingPipeline_PC - INFO - [station_id=PC] FDR validation complete: 4 issues found
2025-06-01 10:59:48 - PreprocessingPipeline_PC - WARNING - [station_id=PC] Validation issues in N100: 4 critical, continuing anyway
2025-06-01 10:59:48 - PreprocessingPipeline_PC - INFO - [station_id=PC] Processed N100: 6975 records
2025-06-01 10:59:48 - PreprocessingPipeline_PC - INFO - [station_id=PC] FDR_N100: 6975 records
2025-06-01 10:59:48 - PreprocessingPipeline_PC - INFO - [station_id=PC] Starting FDR data validation for SW35
2025-06-01 10:59:48 - PreprocessingPipeline_PC - INFO - [station_id=PC] FDR validation complete: 3 issues found
2025-06-01 10:59:48 - PreprocessingPipeline_PC - WARNING - [station_id=PC] Validation issues in SW35: 3 critical, continuing anyway
2025-06-01 10:59:48 - PreprocessingPipeline_PC - INFO - [station_id=PC] Processed SW35: 6978 records
2025-06-01 10:59:48 - PreprocessingPipeline_PC - INFO - [station_id=PC] FDR_SW35: 6978 records
2025-06-01 10:59:48 - PreprocessingPipeline_PC - INFO - [station_id=PC] Starting FDR data validation for NW100
2025-06-01 10:59:48 - PreprocessingPipeline_PC - INFO - [station_id=PC] FDR validation complete: 4 issues found
2025-06-01 10:59:48 - PreprocessingPipeline_PC - WARNING - [station_id=PC] Validation issues in NW100: 4 critical, continuing anyway
2025-06-01 10:59:48 - PreprocessingPipeline_PC - INFO - [station_id=PC] Processed NW100: 7026 records
2025-06-01 10:59:48 - PreprocessingPipeline_PC - INFO - [station_id=PC] FDR_NW100: 7026 records
2025-06-01 10:59:48 - PreprocessingPipeline_PC - INFO - [station_id=PC] Starting FDR data validation for E50
2025-06-01 10:59:48 - PreprocessingPipeline_PC - INFO - [station_id=PC] FDR validation complete: 6 issues found
2025-06-01 10:59:48 - PreprocessingPipeline_PC - WARNING - [station_id=PC] Validation issues in E50: 3 critical, continuing anyway
2025-06-01 10:59:48 - PreprocessingPipeline_PC - INFO - [station_id=PC] Processed E50: 6921 records
2025-06-01 10:59:48 - PreprocessingPipeline_PC - INFO - [station_id=PC] FDR_E50: 6921 records
2025-06-01 10:59:48 - PreprocessingPipeline_PC - INFO - [station_id=PC] Starting FDR data validation for NE50
2025-06-01 10:59:48 - PreprocessingPipeline_PC - INFO - [station_id=PC] FDR validation complete: 4 issues found
2025-06-01 10:59:48 - PreprocessingPipeline_PC - WARNING - [station_id=PC] Validation issues in NE50: 4 critical, continuing anyway
2025-06-01 10:59:48 - PreprocessingPipeline_PC - INFO - [station_id=PC] Processed NE50: 6975 records
2025-06-01 10:59:48 - PreprocessingPipeline_PC - INFO - [station_id=PC] FDR_NE50: 6975 records
2025-06-01 10:59:48 - PreprocessingPipeline_PC - INFO - [station_id=PC] Starting FDR data validation for NW25
2025-06-01 10:59:48 - PreprocessingPipeline_PC - INFO - [station_id=PC] FDR validation complete: 4 issues found
2025-06-01 10:59:48 - PreprocessingPipeline_PC - WARNING - [station_id=PC] Validation issues in NW25: 3 critical, continuing anyway
2025-06-01 10:59:49 - PreprocessingPipeline_PC - INFO - [station_id=PC] Processed NW25: 6444 records
2025-06-01 10:59:49 - PreprocessingPipeline_PC - INFO - [station_id=PC] FDR_NW25: 6444 records
2025-06-01 10:59:49 - PreprocessingPipeline_PC - INFO - [station_id=PC] Starting FDR data validation for SE75
2025-06-01 10:59:49 - PreprocessingPipeline_PC - INFO - [station_id=PC] FDR validation complete: 4 issues found
2025-06-01 10:59:49 - PreprocessingPipeline_PC - WARNING - [station_id=PC] Validation issues in SE75: 2 critical, continuing anyway
2025-06-01 10:59:49 - PreprocessingPipeline_PC - INFO - [station_id=PC] Processed SE75: 6960 records
2025-06-01 10:59:49 - PreprocessingPipeline_PC - INFO - [station_id=PC] FDR_SE75: 6960 records
2025-06-01 10:59:49 - PreprocessingPipeline_PC - INFO - [station_id=PC] Starting FDR data validation for NE75
2025-06-01 10:59:49 - PreprocessingPipeline_PC - INFO - [station_id=PC] FDR validation complete: 4 issues found
2025-06-01 10:59:49 - PreprocessingPipeline_PC - WARNING - [station_id=PC] Validation issues in NE75: 4 critical, continuing anyway
2025-06-01 10:59:49 - PreprocessingPipeline_PC - INFO - [station_id=PC] Processed NE75: 5088 records
2025-06-01 10:59:49 - PreprocessingPipeline_PC - INFO - [station_id=PC] FDR_NE75: 5088 records
2025-06-01 10:59:49 - PreprocessingPipeline_PC - INFO - [station_id=PC] Starting FDR data validation for S75
2025-06-01 10:59:49 - PreprocessingPipeline_PC - INFO - [station_id=PC] FDR validation complete: 3 issues found
2025-06-01 10:59:49 - PreprocessingPipeline_PC - WARNING - [station_id=PC] Validation issues in S75: 2 critical, continuing anyway
2025-06-01 10:59:49 - PreprocessingPipeline_PC - INFO - [station_id=PC] Processed S75: 6969 records
2025-06-01 10:59:49 - PreprocessingPipeline_PC - INFO - [station_id=PC] FDR_S75: 6969 records
2025-06-01 10:59:49 - PreprocessingPipeline_PC - INFO - [station_id=PC] Starting FDR data validation for SE100
2025-06-01 10:59:49 - PreprocessingPipeline_PC - INFO - [station_id=PC] FDR validation complete: 3 issues found
2025-06-01 10:59:49 - PreprocessingPipeline_PC - WARNING - [station_id=PC] Validation issues in SE100: 3 critical, continuing anyway
2025-06-01 10:59:49 - PreprocessingPipeline_PC - INFO - [station_id=PC] Processed SE100: 5064 records
2025-06-01 10:59:49 - PreprocessingPipeline_PC - INFO - [station_id=PC] FDR_SE100: 5064 records
2025-06-01 10:59:49 - PreprocessingPipeline_PC - INFO - [station_id=PC] Successfully processed 12 out of 12 sensors
2025-06-01 10:59:58 - PreprocessingPipeline_PC - INFO - [station_id=PC] Saved file: data\output\PC\preprocessed\PC_FDR_input.xlsx (79353 records)
2025-06-01 10:59:58 - PreprocessingPipeline_PC - INFO - [station_id=PC] Saved file: data\output\PC\preprocessed\PC_FDR_daily_avg.xlsx (99 records)
2025-06-01 10:59:58 - PreprocessingPipeline_PC - INFO - [station_id=PC] Saved file: data\output\PC\preprocessed\PC_FDR_all_sites.xlsx (99 records)
2025-06-01 10:59:58 - PreprocessingPipeline_PC - INFO - [station_id=PC] Saved multi-sheet Excel: data\output\PC\preprocessed\PC_FDR_daily_depths.xlsx (3 sheets)
2025-06-01 10:59:58 - PreprocessingPipeline_PC - INFO - [station_id=PC] FDR processing complete. Generated 4 output files
2025-06-01 11:00:04 - PreprocessingPipeline_PC - INFO - [station_id=PC] FDR processing completed: 4 files
2025-06-01 11:00:04 - PreprocessingPipeline_PC - INFO - [station_id=PC] Discovered 1 files in data\input\PC\crnp
2025-06-01 11:00:04 - PreprocessingPipeline_PC - INFO - [station_id=PC] Discovered 0 files in data\input\PC\crnp
2025-06-01 11:00:04 - PreprocessingPipeline_PC - INFO - [station_id=PC] Selected CRNP file: hourly_CRNP.xlsx
2025-06-01 11:00:04 - PreprocessingPipeline_PC - INFO - [station_id=PC] Analyzing TOA5 header structure:
2025-06-01 11:00:04 - PreprocessingPipeline_PC - INFO - [station_id=PC]   Row 0: ['TOA5', 'KIHS_CosmicRay_PyeongChang', 'CR300', 20352, 'CR310.Std.10.07']
2025-06-01 11:00:04 - PreprocessingPipeline_PC - INFO - [station_id=PC]   Row 1: ['TIMESTAMP', 'RECORD', 'Air_Temp_Avg', 'RH_Avg', 'Air_Press_Avg']
2025-06-01 11:00:04 - PreprocessingPipeline_PC - INFO - [station_id=PC]   Row 2: ['TS', 'RN', 'DegC', '%', 'hPa']
2025-06-01 11:00:04 - PreprocessingPipeline_PC - INFO - [station_id=PC]   Row 3: [nan, nan, 'Avg', 'Avg', 'Avg']
2025-06-01 11:00:04 - PreprocessingPipeline_PC - INFO - [station_id=PC]   Row 4: [datetime.datetime(2024, 8, 1, 12, 0), 0, 26.99, 79.57, 945.75]
2025-06-01 11:00:04 - PreprocessingPipeline_PC - INFO - [station_id=PC]   Row 5: [datetime.datetime(2024, 8, 1, 13, 0), 1, 27.72, 78.82, 945.4167]
2025-06-01 11:00:04 - PreprocessingPipeline_PC - INFO - [station_id=PC] Processing Excel TOA5 format
2025-06-01 11:00:04 - PreprocessingPipeline_PC - INFO - [station_id=PC] TOA5 columns from row 1: ['TIMESTAMP', 'RECORD', 'Air_Temp_Avg', 'RH_Avg', 'Air_Press_Avg', 'WS_avg_Avg', 'WS_max_Max', 'WD_VCT', 'HI_NeutronCts_Tot']
2025-06-01 11:00:04 - PreprocessingPipeline_PC - INFO - [station_id=PC] TOA5 abbreviations from row 2: ['TS', 'RN', 'DegC', '%', 'hPa', 'm/s', 'm/s', 'Deg']
2025-06-01 11:00:04 - PreprocessingPipeline_PC - INFO - [station_id=PC] Sample data (first 3 rows):
2025-06-01 11:00:04 - PreprocessingPipeline_PC - INFO - [station_id=PC]   Data row 0: [Timestamp('2024-08-01 13:00:00'), 1, 27.72, 78.82, 945.4167]
2025-06-01 11:00:04 - PreprocessingPipeline_PC - INFO - [station_id=PC]   Data row 1: [Timestamp('2024-08-01 14:00:00'), 2, 28.12, 76.92, 945.2]
2025-06-01 11:00:04 - PreprocessingPipeline_PC - INFO - [station_id=PC]   Data row 2: [Timestamp('2024-08-01 15:00:00'), 3, 28.43, 76.08, 944.8766]
2025-06-01 11:00:04 - PreprocessingPipeline_PC - INFO - [station_id=PC] Mapping TOA5 columns to standard CRNP format
2025-06-01 11:00:04 - PreprocessingPipeline_PC - INFO - [station_id=PC] Available columns: ['TIMESTAMP', 'RECORD', 'Air_Temp_Avg', 'RH_Avg', 'Air_Press_Avg', 'WS_avg_Avg', 'WS_max_Max', 'WD_VCT', 'HI_NeutronCts_Tot']
2025-06-01 11:00:04 - PreprocessingPipeline_PC - INFO - [station_id=PC]   ✅ Timestamp ← TIMESTAMP
2025-06-01 11:00:04 - PreprocessingPipeline_PC - INFO - [station_id=PC]   ✅ RN ← RECORD
2025-06-01 11:00:04 - PreprocessingPipeline_PC - INFO - [station_id=PC]   ✅ Ta ← Air_Temp_Avg
2025-06-01 11:00:04 - PreprocessingPipeline_PC - INFO - [station_id=PC]   ✅ RH ← RH_Avg
2025-06-01 11:00:04 - PreprocessingPipeline_PC - INFO - [station_id=PC]   ✅ Pa ← Air_Press_Avg
2025-06-01 11:00:04 - PreprocessingPipeline_PC - INFO - [station_id=PC]   ✅ WS ← WS_avg_Avg
2025-06-01 11:00:04 - PreprocessingPipeline_PC - INFO - [station_id=PC]   ✅ WS_max ← WS_max_Max
2025-06-01 11:00:04 - PreprocessingPipeline_PC - INFO - [station_id=PC]   ✅ WD_VCT ← WD_VCT
2025-06-01 11:00:04 - PreprocessingPipeline_PC - INFO - [station_id=PC]   ✅ N_counts ← HI_NeutronCts_Tot
2025-06-01 11:00:04 - PreprocessingPipeline_PC - INFO - [station_id=PC] Mapping complete: 9/9 columns mapped
2025-06-01 11:00:04 - PreprocessingPipeline_PC - INFO - [station_id=PC] ✅ Neutron counts found: mean=1419.6, range=[1182.0, 1694.0]
2025-06-01 11:00:04 - PreprocessingPipeline_PC - INFO - [station_id=PC] Successfully read CRNP file: 2162 records, 9 columns
2025-06-01 11:00:04 - PreprocessingPipeline_PC - INFO - [station_id=PC] Final columns: ['Timestamp', 'RN', 'Ta', 'RH', 'Pa', 'WS', 'WS_max', 'WD_VCT', 'N_counts']
2025-06-01 11:00:04 - PreprocessingPipeline_PC - INFO - [station_id=PC] CRNP_Raw: 2162 records
2025-06-01 11:00:04 - PreprocessingPipeline_PC - INFO - [station_id=PC] ✅ Found 2162 neutron count records
2025-06-01 11:00:04 - PreprocessingPipeline_PC - INFO - [station_id=PC] CRNP data preprocessing started
2025-06-01 11:00:04 - PreprocessingPipeline_PC - INFO - [station_id=PC] Original data shape: (2162, 9)
2025-06-01 11:00:04 - PreprocessingPipeline_PC - INFO - [station_id=PC] Final timestamp range: 2024-08-01 13:00:00 to 2024-10-30 14:00:00
2025-06-01 11:00:04 - PreprocessingPipeline_PC - WARNING - [station_id=PC] Found 1 out-of-range values in WS_max, setting to NaN
2025-06-01 11:00:04 - PreprocessingPipeline_PC - INFO - [station_id=PC] CRNP_Processed: 2162 records
2025-06-01 11:00:05 - PreprocessingPipeline_PC - INFO - [station_id=PC] Saved file: data\output\PC\preprocessed\PC_CRNP_input.xlsx (2162 records)
2025-06-01 11:00:05 - PreprocessingPipeline_PC - INFO - [station_id=PC] CRNP processing summary: 2162 records, 2024-08-01 13:00:00 to 2024-10-30 14:00:00
2025-06-01 11:00:05 - PreprocessingPipeline_PC - INFO - [station_id=PC]   N_counts: 100.0% complete
2025-06-01 11:00:05 - PreprocessingPipeline_PC - INFO - [station_id=PC]   Ta: 100.0% complete
2025-06-01 11:00:05 - PreprocessingPipeline_PC - INFO - [station_id=PC]   Pa: 100.0% complete
2025-06-01 11:00:05 - PreprocessingPipeline_PC - INFO - [station_id=PC]   RH: 100.0% complete
2025-06-01 11:00:05 - PreprocessingPipeline_PC - INFO - [station_id=PC] CRNP processing completed: 2 files
2025-06-01 11:00:05 - PreprocessingPipeline_PC - INFO - [station_id=PC] Preprocessing completed successfully
2025-06-01 11:04:16 - PreprocessingPipeline_PC - INFO - [station_id=PC] Discovered 12 files in data\input\PC\fdr
2025-06-01 11:04:16 - PreprocessingPipeline_PC - INFO - [station_id=PC] Discovered 12 CSV files
2025-06-01 11:04:16 - PreprocessingPipeline_PC - INFO - [station_id=PC] Discovered 12 files in data\input\PC\fdr
2025-06-01 11:04:16 - PreprocessingPipeline_PC - INFO - [station_id=PC] FDR file matching: 12 matched, 0 unmatched
2025-06-01 11:04:16 - PreprocessingPipeline_PC - INFO - [station_id=PC] Successfully matched 12 files with sensor info
2025-06-01 11:04:16 - PreprocessingPipeline_PC - INFO - [station_id=PC] Starting FDR data validation for S25
2025-06-01 11:04:16 - PreprocessingPipeline_PC - INFO - [station_id=PC] FDR validation complete: 4 issues found
2025-06-01 11:04:16 - PreprocessingPipeline_PC - WARNING - [station_id=PC] Validation issues in S25: 3 critical, continuing anyway
2025-06-01 11:04:16 - PreprocessingPipeline_PC - INFO - [station_id=PC] Processed S25: 6975 records
2025-06-01 11:04:16 - PreprocessingPipeline_PC - INFO - [station_id=PC] FDR_S25: 6975 records
2025-06-01 11:04:16 - PreprocessingPipeline_PC - INFO - [station_id=PC] Starting FDR data validation for N50
2025-06-01 11:04:16 - PreprocessingPipeline_PC - INFO - [station_id=PC] FDR validation complete: 4 issues found
2025-06-01 11:04:16 - PreprocessingPipeline_PC - WARNING - [station_id=PC] Validation issues in N50: 3 critical, continuing anyway
2025-06-01 11:04:17 - PreprocessingPipeline_PC - INFO - [station_id=PC] Processed N50: 6978 records
2025-06-01 11:04:17 - PreprocessingPipeline_PC - INFO - [station_id=PC] FDR_N50: 6978 records
2025-06-01 11:04:17 - PreprocessingPipeline_PC - INFO - [station_id=PC] Starting FDR data validation for N100
2025-06-01 11:04:17 - PreprocessingPipeline_PC - INFO - [station_id=PC] FDR validation complete: 4 issues found
2025-06-01 11:04:17 - PreprocessingPipeline_PC - WARNING - [station_id=PC] Validation issues in N100: 4 critical, continuing anyway
2025-06-01 11:04:17 - PreprocessingPipeline_PC - INFO - [station_id=PC] Processed N100: 6975 records
2025-06-01 11:04:17 - PreprocessingPipeline_PC - INFO - [station_id=PC] FDR_N100: 6975 records
2025-06-01 11:04:17 - PreprocessingPipeline_PC - INFO - [station_id=PC] Starting FDR data validation for SW35
2025-06-01 11:04:17 - PreprocessingPipeline_PC - INFO - [station_id=PC] FDR validation complete: 3 issues found
2025-06-01 11:04:17 - PreprocessingPipeline_PC - WARNING - [station_id=PC] Validation issues in SW35: 3 critical, continuing anyway
2025-06-01 11:04:17 - PreprocessingPipeline_PC - INFO - [station_id=PC] Processed SW35: 6978 records
2025-06-01 11:04:17 - PreprocessingPipeline_PC - INFO - [station_id=PC] FDR_SW35: 6978 records
2025-06-01 11:04:17 - PreprocessingPipeline_PC - INFO - [station_id=PC] Starting FDR data validation for NW100
2025-06-01 11:04:17 - PreprocessingPipeline_PC - INFO - [station_id=PC] FDR validation complete: 4 issues found
2025-06-01 11:04:17 - PreprocessingPipeline_PC - WARNING - [station_id=PC] Validation issues in NW100: 4 critical, continuing anyway
2025-06-01 11:04:17 - PreprocessingPipeline_PC - INFO - [station_id=PC] Processed NW100: 7026 records
2025-06-01 11:04:17 - PreprocessingPipeline_PC - INFO - [station_id=PC] FDR_NW100: 7026 records
2025-06-01 11:04:17 - PreprocessingPipeline_PC - INFO - [station_id=PC] Starting FDR data validation for E50
2025-06-01 11:04:17 - PreprocessingPipeline_PC - INFO - [station_id=PC] FDR validation complete: 6 issues found
2025-06-01 11:04:17 - PreprocessingPipeline_PC - WARNING - [station_id=PC] Validation issues in E50: 3 critical, continuing anyway
2025-06-01 11:04:17 - PreprocessingPipeline_PC - INFO - [station_id=PC] Processed E50: 6921 records
2025-06-01 11:04:17 - PreprocessingPipeline_PC - INFO - [station_id=PC] FDR_E50: 6921 records
2025-06-01 11:04:17 - PreprocessingPipeline_PC - INFO - [station_id=PC] Starting FDR data validation for NE50
2025-06-01 11:04:17 - PreprocessingPipeline_PC - INFO - [station_id=PC] FDR validation complete: 4 issues found
2025-06-01 11:04:17 - PreprocessingPipeline_PC - WARNING - [station_id=PC] Validation issues in NE50: 4 critical, continuing anyway
2025-06-01 11:04:17 - PreprocessingPipeline_PC - INFO - [station_id=PC] Processed NE50: 6975 records
2025-06-01 11:04:17 - PreprocessingPipeline_PC - INFO - [station_id=PC] FDR_NE50: 6975 records
2025-06-01 11:04:17 - PreprocessingPipeline_PC - INFO - [station_id=PC] Starting FDR data validation for NW25
2025-06-01 11:04:17 - PreprocessingPipeline_PC - INFO - [station_id=PC] FDR validation complete: 4 issues found
2025-06-01 11:04:17 - PreprocessingPipeline_PC - WARNING - [station_id=PC] Validation issues in NW25: 3 critical, continuing anyway
2025-06-01 11:04:17 - PreprocessingPipeline_PC - INFO - [station_id=PC] Processed NW25: 6444 records
2025-06-01 11:04:17 - PreprocessingPipeline_PC - INFO - [station_id=PC] FDR_NW25: 6444 records
2025-06-01 11:04:17 - PreprocessingPipeline_PC - INFO - [station_id=PC] Starting FDR data validation for SE75
2025-06-01 11:04:17 - PreprocessingPipeline_PC - INFO - [station_id=PC] FDR validation complete: 4 issues found
2025-06-01 11:04:17 - PreprocessingPipeline_PC - WARNING - [station_id=PC] Validation issues in SE75: 2 critical, continuing anyway
2025-06-01 11:04:17 - PreprocessingPipeline_PC - INFO - [station_id=PC] Processed SE75: 6960 records
2025-06-01 11:04:17 - PreprocessingPipeline_PC - INFO - [station_id=PC] FDR_SE75: 6960 records
2025-06-01 11:04:17 - PreprocessingPipeline_PC - INFO - [station_id=PC] Starting FDR data validation for NE75
2025-06-01 11:04:17 - PreprocessingPipeline_PC - INFO - [station_id=PC] FDR validation complete: 4 issues found
2025-06-01 11:04:17 - PreprocessingPipeline_PC - WARNING - [station_id=PC] Validation issues in NE75: 4 critical, continuing anyway
2025-06-01 11:04:17 - PreprocessingPipeline_PC - INFO - [station_id=PC] Processed NE75: 5088 records
2025-06-01 11:04:17 - PreprocessingPipeline_PC - INFO - [station_id=PC] FDR_NE75: 5088 records
2025-06-01 11:04:17 - PreprocessingPipeline_PC - INFO - [station_id=PC] Starting FDR data validation for S75
2025-06-01 11:04:17 - PreprocessingPipeline_PC - INFO - [station_id=PC] FDR validation complete: 3 issues found
2025-06-01 11:04:17 - PreprocessingPipeline_PC - WARNING - [station_id=PC] Validation issues in S75: 2 critical, continuing anyway
2025-06-01 11:04:17 - PreprocessingPipeline_PC - INFO - [station_id=PC] Processed S75: 6969 records
2025-06-01 11:04:17 - PreprocessingPipeline_PC - INFO - [station_id=PC] FDR_S75: 6969 records
2025-06-01 11:04:18 - PreprocessingPipeline_PC - INFO - [station_id=PC] Starting FDR data validation for SE100
2025-06-01 11:04:18 - PreprocessingPipeline_PC - INFO - [station_id=PC] FDR validation complete: 3 issues found
2025-06-01 11:04:18 - PreprocessingPipeline_PC - WARNING - [station_id=PC] Validation issues in SE100: 3 critical, continuing anyway
2025-06-01 11:04:18 - PreprocessingPipeline_PC - INFO - [station_id=PC] Processed SE100: 5064 records
2025-06-01 11:04:18 - PreprocessingPipeline_PC - INFO - [station_id=PC] FDR_SE100: 5064 records
2025-06-01 11:04:18 - PreprocessingPipeline_PC - INFO - [station_id=PC] Successfully processed 12 out of 12 sensors
2025-06-01 11:04:26 - PreprocessingPipeline_PC - INFO - [station_id=PC] Saved file: data\output\PC\preprocessed\PC_FDR_input.xlsx (79353 records)
2025-06-01 11:04:26 - PreprocessingPipeline_PC - INFO - [station_id=PC] Saved file: data\output\PC\preprocessed\PC_FDR_daily_avg.xlsx (99 records)
2025-06-01 11:04:27 - PreprocessingPipeline_PC - INFO - [station_id=PC] Saved file: data\output\PC\preprocessed\PC_FDR_all_sites.xlsx (99 records)
2025-06-01 11:04:27 - PreprocessingPipeline_PC - INFO - [station_id=PC] Saved multi-sheet Excel: data\output\PC\preprocessed\PC_FDR_daily_depths.xlsx (3 sheets)
2025-06-01 11:04:27 - PreprocessingPipeline_PC - INFO - [station_id=PC] FDR processing complete. Generated 4 output files
2025-06-01 11:04:33 - PreprocessingPipeline_PC - INFO - [station_id=PC] FDR processing completed: 4 files
2025-06-01 11:04:33 - PreprocessingPipeline_PC - INFO - [station_id=PC] Discovered 1 files in data\input\PC\crnp
2025-06-01 11:04:33 - PreprocessingPipeline_PC - INFO - [station_id=PC] Discovered 0 files in data\input\PC\crnp
2025-06-01 11:04:33 - PreprocessingPipeline_PC - INFO - [station_id=PC] Selected CRNP file: hourly_CRNP.xlsx
2025-06-01 11:04:33 - PreprocessingPipeline_PC - INFO - [station_id=PC] ✅ Neutron counts found: mean=1419.6, range=[1182.0, 1694.0]
2025-06-01 11:04:33 - PreprocessingPipeline_PC - INFO - [station_id=PC] Successfully read CRNP file: 2162 records, 9 columns
2025-06-01 11:04:33 - PreprocessingPipeline_PC - INFO - [station_id=PC] Final columns: ['Timestamp', 'RN', 'Ta', 'RH', 'Pa', 'WS', 'WS_max', 'WD_VCT', 'N_counts']
2025-06-01 11:04:33 - PreprocessingPipeline_PC - INFO - [station_id=PC] CRNP_Raw: 2162 records
2025-06-01 11:04:33 - PreprocessingPipeline_PC - INFO - [station_id=PC] ✅ Found 2162 neutron count records
2025-06-01 11:04:33 - PreprocessingPipeline_PC - WARNING - [station_id=PC] Found 1 out-of-range values in WS_max, setting to NaN
2025-06-01 11:04:33 - PreprocessingPipeline_PC - INFO - [station_id=PC] CRNP_Processed: 2162 records
2025-06-01 11:04:33 - PreprocessingPipeline_PC - INFO - [station_id=PC] Saved file: data\output\PC\preprocessed\PC_CRNP_input.xlsx (2162 records)
2025-06-01 11:04:33 - PreprocessingPipeline_PC - INFO - [station_id=PC]   N_counts: 100.0% complete
2025-06-01 11:04:33 - PreprocessingPipeline_PC - INFO - [station_id=PC]   Ta: 100.0% complete
2025-06-01 11:04:33 - PreprocessingPipeline_PC - INFO - [station_id=PC]   Pa: 100.0% complete
2025-06-01 11:04:33 - PreprocessingPipeline_PC - INFO - [station_id=PC]   RH: 100.0% complete
2025-06-01 11:04:33 - PreprocessingPipeline_PC - INFO - [station_id=PC] CRNP processing completed: 2 files
2025-06-01 11:04:33 - PreprocessingPipeline_PC - INFO - [station_id=PC] Preprocessing completed successfully
2025-06-01 11:08:13 - PreprocessingPipeline_PC - INFO - [station_id=PC] Discovered 12 files in data\input\PC\fdr
2025-06-01 11:08:13 - PreprocessingPipeline_PC - INFO - [station_id=PC] Discovered 12 CSV files
2025-06-01 11:08:13 - PreprocessingPipeline_PC - INFO - [station_id=PC] Discovered 12 files in data\input\PC\fdr
2025-06-01 11:08:13 - PreprocessingPipeline_PC - INFO - [station_id=PC] FDR file matching: 12 matched, 0 unmatched
2025-06-01 11:08:13 - PreprocessingPipeline_PC - INFO - [station_id=PC] Successfully matched 12 files with sensor info
2025-06-01 11:08:13 - PreprocessingPipeline_PC - INFO - [station_id=PC] Starting FDR data validation for S25
2025-06-01 11:08:13 - PreprocessingPipeline_PC - INFO - [station_id=PC] FDR validation complete: 4 issues found
2025-06-01 11:08:13 - PreprocessingPipeline_PC - WARNING - [station_id=PC] Validation issues in S25: 3 critical, continuing anyway
2025-06-01 11:08:13 - PreprocessingPipeline_PC - INFO - [station_id=PC] Processed S25: 6975 records
2025-06-01 11:08:13 - PreprocessingPipeline_PC - INFO - [station_id=PC] FDR_S25: 6975 records
2025-06-01 11:08:13 - PreprocessingPipeline_PC - INFO - [station_id=PC] Starting FDR data validation for N50
2025-06-01 11:08:13 - PreprocessingPipeline_PC - INFO - [station_id=PC] FDR validation complete: 4 issues found
2025-06-01 11:08:13 - PreprocessingPipeline_PC - WARNING - [station_id=PC] Validation issues in N50: 3 critical, continuing anyway
2025-06-01 11:08:13 - PreprocessingPipeline_PC - INFO - [station_id=PC] Processed N50: 6978 records
2025-06-01 11:08:13 - PreprocessingPipeline_PC - INFO - [station_id=PC] FDR_N50: 6978 records
2025-06-01 11:08:13 - PreprocessingPipeline_PC - INFO - [station_id=PC] Starting FDR data validation for N100
2025-06-01 11:08:13 - PreprocessingPipeline_PC - INFO - [station_id=PC] FDR validation complete: 4 issues found
2025-06-01 11:08:13 - PreprocessingPipeline_PC - WARNING - [station_id=PC] Validation issues in N100: 4 critical, continuing anyway
2025-06-01 11:08:13 - PreprocessingPipeline_PC - INFO - [station_id=PC] Processed N100: 6975 records
2025-06-01 11:08:13 - PreprocessingPipeline_PC - INFO - [station_id=PC] FDR_N100: 6975 records
2025-06-01 11:08:13 - PreprocessingPipeline_PC - INFO - [station_id=PC] Starting FDR data validation for SW35
2025-06-01 11:08:13 - PreprocessingPipeline_PC - INFO - [station_id=PC] FDR validation complete: 3 issues found
2025-06-01 11:08:13 - PreprocessingPipeline_PC - WARNING - [station_id=PC] Validation issues in SW35: 3 critical, continuing anyway
2025-06-01 11:08:13 - PreprocessingPipeline_PC - INFO - [station_id=PC] Processed SW35: 6978 records
2025-06-01 11:08:13 - PreprocessingPipeline_PC - INFO - [station_id=PC] FDR_SW35: 6978 records
2025-06-01 11:08:13 - PreprocessingPipeline_PC - INFO - [station_id=PC] Starting FDR data validation for NW100
2025-06-01 11:08:13 - PreprocessingPipeline_PC - INFO - [station_id=PC] FDR validation complete: 4 issues found
2025-06-01 11:08:13 - PreprocessingPipeline_PC - WARNING - [station_id=PC] Validation issues in NW100: 4 critical, continuing anyway
2025-06-01 11:08:13 - PreprocessingPipeline_PC - INFO - [station_id=PC] Processed NW100: 7026 records
2025-06-01 11:08:13 - PreprocessingPipeline_PC - INFO - [station_id=PC] FDR_NW100: 7026 records
2025-06-01 11:08:13 - PreprocessingPipeline_PC - INFO - [station_id=PC] Starting FDR data validation for E50
2025-06-01 11:08:13 - PreprocessingPipeline_PC - INFO - [station_id=PC] FDR validation complete: 6 issues found
2025-06-01 11:08:13 - PreprocessingPipeline_PC - WARNING - [station_id=PC] Validation issues in E50: 3 critical, continuing anyway
2025-06-01 11:08:14 - PreprocessingPipeline_PC - INFO - [station_id=PC] Processed E50: 6921 records
2025-06-01 11:08:14 - PreprocessingPipeline_PC - INFO - [station_id=PC] FDR_E50: 6921 records
2025-06-01 11:08:14 - PreprocessingPipeline_PC - INFO - [station_id=PC] Starting FDR data validation for NE50
2025-06-01 11:08:14 - PreprocessingPipeline_PC - INFO - [station_id=PC] FDR validation complete: 4 issues found
2025-06-01 11:08:14 - PreprocessingPipeline_PC - WARNING - [station_id=PC] Validation issues in NE50: 4 critical, continuing anyway
2025-06-01 11:08:14 - PreprocessingPipeline_PC - INFO - [station_id=PC] Processed NE50: 6975 records
2025-06-01 11:08:14 - PreprocessingPipeline_PC - INFO - [station_id=PC] FDR_NE50: 6975 records
2025-06-01 11:08:14 - PreprocessingPipeline_PC - INFO - [station_id=PC] Starting FDR data validation for NW25
2025-06-01 11:08:14 - PreprocessingPipeline_PC - INFO - [station_id=PC] FDR validation complete: 4 issues found
2025-06-01 11:08:14 - PreprocessingPipeline_PC - WARNING - [station_id=PC] Validation issues in NW25: 3 critical, continuing anyway
2025-06-01 11:08:14 - PreprocessingPipeline_PC - INFO - [station_id=PC] Processed NW25: 6444 records
2025-06-01 11:08:14 - PreprocessingPipeline_PC - INFO - [station_id=PC] FDR_NW25: 6444 records
2025-06-01 11:08:14 - PreprocessingPipeline_PC - INFO - [station_id=PC] Starting FDR data validation for SE75
2025-06-01 11:08:14 - PreprocessingPipeline_PC - INFO - [station_id=PC] FDR validation complete: 4 issues found
2025-06-01 11:08:14 - PreprocessingPipeline_PC - WARNING - [station_id=PC] Validation issues in SE75: 2 critical, continuing anyway
2025-06-01 11:08:14 - PreprocessingPipeline_PC - INFO - [station_id=PC] Processed SE75: 6960 records
2025-06-01 11:08:14 - PreprocessingPipeline_PC - INFO - [station_id=PC] FDR_SE75: 6960 records
2025-06-01 11:08:14 - PreprocessingPipeline_PC - INFO - [station_id=PC] Starting FDR data validation for NE75
2025-06-01 11:08:14 - PreprocessingPipeline_PC - INFO - [station_id=PC] FDR validation complete: 4 issues found
2025-06-01 11:08:14 - PreprocessingPipeline_PC - WARNING - [station_id=PC] Validation issues in NE75: 4 critical, continuing anyway
2025-06-01 11:08:14 - PreprocessingPipeline_PC - INFO - [station_id=PC] Processed NE75: 5088 records
2025-06-01 11:08:14 - PreprocessingPipeline_PC - INFO - [station_id=PC] FDR_NE75: 5088 records
2025-06-01 11:08:14 - PreprocessingPipeline_PC - INFO - [station_id=PC] Starting FDR data validation for S75
2025-06-01 11:08:14 - PreprocessingPipeline_PC - INFO - [station_id=PC] FDR validation complete: 3 issues found
2025-06-01 11:08:14 - PreprocessingPipeline_PC - WARNING - [station_id=PC] Validation issues in S75: 2 critical, continuing anyway
2025-06-01 11:08:14 - PreprocessingPipeline_PC - INFO - [station_id=PC] Processed S75: 6969 records
2025-06-01 11:08:14 - PreprocessingPipeline_PC - INFO - [station_id=PC] FDR_S75: 6969 records
2025-06-01 11:08:14 - PreprocessingPipeline_PC - INFO - [station_id=PC] Starting FDR data validation for SE100
2025-06-01 11:08:14 - PreprocessingPipeline_PC - INFO - [station_id=PC] FDR validation complete: 3 issues found
2025-06-01 11:08:14 - PreprocessingPipeline_PC - WARNING - [station_id=PC] Validation issues in SE100: 3 critical, continuing anyway
2025-06-01 11:08:14 - PreprocessingPipeline_PC - INFO - [station_id=PC] Processed SE100: 5064 records
2025-06-01 11:08:14 - PreprocessingPipeline_PC - INFO - [station_id=PC] FDR_SE100: 5064 records
2025-06-01 11:08:14 - PreprocessingPipeline_PC - INFO - [station_id=PC] Successfully processed 12 out of 12 sensors
2025-06-01 11:08:23 - PreprocessingPipeline_PC - INFO - [station_id=PC] Saved file: data\output\PC\preprocessed\PC_FDR_input.xlsx (79353 records)
2025-06-01 11:08:23 - PreprocessingPipeline_PC - INFO - [station_id=PC] Saved file: data\output\PC\preprocessed\PC_FDR_daily_avg.xlsx (99 records)
2025-06-01 11:08:23 - PreprocessingPipeline_PC - INFO - [station_id=PC] Saved file: data\output\PC\preprocessed\PC_FDR_all_sites.xlsx (99 records)
2025-06-01 11:08:24 - PreprocessingPipeline_PC - INFO - [station_id=PC] Saved multi-sheet Excel: data\output\PC\preprocessed\PC_FDR_daily_depths.xlsx (3 sheets)
2025-06-01 11:08:24 - PreprocessingPipeline_PC - INFO - [station_id=PC] FDR processing complete. Generated 4 output files
2025-06-01 11:08:29 - PreprocessingPipeline_PC - INFO - [station_id=PC] FDR processing completed: 4 files
2025-06-01 11:08:29 - PreprocessingPipeline_PC - INFO - [station_id=PC] Discovered 1 files in data\input\PC\crnp
2025-06-01 11:08:29 - PreprocessingPipeline_PC - INFO - [station_id=PC] Discovered 0 files in data\input\PC\crnp
2025-06-01 11:08:29 - PreprocessingPipeline_PC - INFO - [station_id=PC] Selected CRNP file: hourly_CRNP.xlsx
2025-06-01 11:08:30 - PreprocessingPipeline_PC - INFO - [station_id=PC] ✅ Neutron counts found: mean=1419.6, range=[1182.0, 1694.0]
2025-06-01 11:08:30 - PreprocessingPipeline_PC - INFO - [station_id=PC] Successfully read CRNP file: 2162 records, 9 columns
2025-06-01 11:08:30 - PreprocessingPipeline_PC - INFO - [station_id=PC] Final columns: ['Timestamp', 'RN', 'Ta', 'RH', 'Pa', 'WS', 'WS_max', 'WD_VCT', 'N_counts']
2025-06-01 11:08:30 - PreprocessingPipeline_PC - INFO - [station_id=PC] CRNP_Raw: 2162 records
2025-06-01 11:08:30 - PreprocessingPipeline_PC - INFO - [station_id=PC] ✅ Found 2162 neutron count records
2025-06-01 11:08:30 - PreprocessingPipeline_PC - WARNING - [station_id=PC] Found 1 out-of-range values in WS_max, setting to NaN
2025-06-01 11:08:30 - PreprocessingPipeline_PC - INFO - [station_id=PC] CRNP_Processed: 2162 records
2025-06-01 11:08:30 - PreprocessingPipeline_PC - INFO - [station_id=PC] Saved file: data\output\PC\preprocessed\PC_CRNP_input.xlsx (2162 records)
2025-06-01 11:08:30 - PreprocessingPipeline_PC - INFO - [station_id=PC] CRNP processing summary: 2162 records, 2024-08-01 13:00:00 to 2024-10-30 14:00:00
2025-06-01 11:08:30 - PreprocessingPipeline_PC - INFO - [station_id=PC]   N_counts: 100.0% complete
2025-06-01 11:08:30 - PreprocessingPipeline_PC - INFO - [station_id=PC]   Ta: 100.0% complete
2025-06-01 11:08:30 - PreprocessingPipeline_PC - INFO - [station_id=PC]   Pa: 100.0% complete
2025-06-01 11:08:30 - PreprocessingPipeline_PC - INFO - [station_id=PC]   RH: 100.0% complete
2025-06-01 11:08:30 - PreprocessingPipeline_PC - INFO - [station_id=PC] CRNP processing completed: 2 files
2025-06-01 11:08:30 - PreprocessingPipeline_PC - INFO - [station_id=PC] Preprocessing completed successfully
2025-06-01 22:56:44 - PreprocessingPipeline_PC - INFO - [station_id=PC] Discovered 12 files in data\input\PC\fdr
2025-06-01 22:56:44 - PreprocessingPipeline_PC - INFO - [station_id=PC] Discovered 12 CSV files
2025-06-01 22:56:44 - PreprocessingPipeline_PC - INFO - [station_id=PC] Discovered 12 files in data\input\PC\fdr
2025-06-01 22:56:44 - PreprocessingPipeline_PC - INFO - [station_id=PC] FDR file matching: 12 matched, 0 unmatched
2025-06-01 22:56:44 - PreprocessingPipeline_PC - INFO - [station_id=PC] Successfully matched 12 files with sensor info
2025-06-01 22:56:44 - PreprocessingPipeline_PC - INFO - [station_id=PC] Starting FDR data validation for S25
2025-06-01 22:56:44 - PreprocessingPipeline_PC - INFO - [station_id=PC] FDR validation complete: 4 issues found
2025-06-01 22:56:44 - PreprocessingPipeline_PC - WARNING - [station_id=PC] Validation issues in S25: 3 critical, continuing anyway
2025-06-01 22:56:44 - PreprocessingPipeline_PC - INFO - [station_id=PC] Processed S25: 6975 records
2025-06-01 22:56:44 - PreprocessingPipeline_PC - INFO - [station_id=PC] FDR_S25: 6975 records
2025-06-01 22:56:44 - PreprocessingPipeline_PC - INFO - [station_id=PC] Starting FDR data validation for N50
2025-06-01 22:56:44 - PreprocessingPipeline_PC - INFO - [station_id=PC] FDR validation complete: 4 issues found
2025-06-01 22:56:44 - PreprocessingPipeline_PC - WARNING - [station_id=PC] Validation issues in N50: 3 critical, continuing anyway
2025-06-01 22:56:44 - PreprocessingPipeline_PC - INFO - [station_id=PC] Processed N50: 6978 records
2025-06-01 22:56:44 - PreprocessingPipeline_PC - INFO - [station_id=PC] FDR_N50: 6978 records
2025-06-01 22:56:44 - PreprocessingPipeline_PC - INFO - [station_id=PC] Starting FDR data validation for N100
2025-06-01 22:56:44 - PreprocessingPipeline_PC - INFO - [station_id=PC] FDR validation complete: 4 issues found
2025-06-01 22:56:44 - PreprocessingPipeline_PC - WARNING - [station_id=PC] Validation issues in N100: 4 critical, continuing anyway
2025-06-01 22:56:44 - PreprocessingPipeline_PC - INFO - [station_id=PC] Processed N100: 6975 records
2025-06-01 22:56:44 - PreprocessingPipeline_PC - INFO - [station_id=PC] FDR_N100: 6975 records
2025-06-01 22:56:44 - PreprocessingPipeline_PC - INFO - [station_id=PC] Starting FDR data validation for SW35
2025-06-01 22:56:44 - PreprocessingPipeline_PC - INFO - [station_id=PC] FDR validation complete: 3 issues found
2025-06-01 22:56:44 - PreprocessingPipeline_PC - WARNING - [station_id=PC] Validation issues in SW35: 3 critical, continuing anyway
2025-06-01 22:56:45 - PreprocessingPipeline_PC - INFO - [station_id=PC] Processed SW35: 6978 records
2025-06-01 22:56:45 - PreprocessingPipeline_PC - INFO - [station_id=PC] FDR_SW35: 6978 records
2025-06-01 22:56:45 - PreprocessingPipeline_PC - INFO - [station_id=PC] Starting FDR data validation for NW100
2025-06-01 22:56:45 - PreprocessingPipeline_PC - INFO - [station_id=PC] FDR validation complete: 4 issues found
2025-06-01 22:56:45 - PreprocessingPipeline_PC - WARNING - [station_id=PC] Validation issues in NW100: 4 critical, continuing anyway
2025-06-01 22:56:45 - PreprocessingPipeline_PC - INFO - [station_id=PC] Processed NW100: 7026 records
2025-06-01 22:56:45 - PreprocessingPipeline_PC - INFO - [station_id=PC] FDR_NW100: 7026 records
2025-06-01 22:56:45 - PreprocessingPipeline_PC - INFO - [station_id=PC] Starting FDR data validation for E50
2025-06-01 22:56:45 - PreprocessingPipeline_PC - INFO - [station_id=PC] FDR validation complete: 6 issues found
2025-06-01 22:56:45 - PreprocessingPipeline_PC - WARNING - [station_id=PC] Validation issues in E50: 3 critical, continuing anyway
2025-06-01 22:56:45 - PreprocessingPipeline_PC - INFO - [station_id=PC] Processed E50: 6921 records
2025-06-01 22:56:45 - PreprocessingPipeline_PC - INFO - [station_id=PC] FDR_E50: 6921 records
2025-06-01 22:56:45 - PreprocessingPipeline_PC - INFO - [station_id=PC] Starting FDR data validation for NE50
2025-06-01 22:56:45 - PreprocessingPipeline_PC - INFO - [station_id=PC] FDR validation complete: 4 issues found
2025-06-01 22:56:45 - PreprocessingPipeline_PC - WARNING - [station_id=PC] Validation issues in NE50: 4 critical, continuing anyway
2025-06-01 22:56:45 - PreprocessingPipeline_PC - INFO - [station_id=PC] Processed NE50: 6975 records
2025-06-01 22:56:45 - PreprocessingPipeline_PC - INFO - [station_id=PC] FDR_NE50: 6975 records
2025-06-01 22:56:45 - PreprocessingPipeline_PC - INFO - [station_id=PC] Starting FDR data validation for NW25
2025-06-01 22:56:45 - PreprocessingPipeline_PC - INFO - [station_id=PC] FDR validation complete: 4 issues found
2025-06-01 22:56:45 - PreprocessingPipeline_PC - WARNING - [station_id=PC] Validation issues in NW25: 3 critical, continuing anyway
2025-06-01 22:56:45 - PreprocessingPipeline_PC - INFO - [station_id=PC] Processed NW25: 6444 records
2025-06-01 22:56:45 - PreprocessingPipeline_PC - INFO - [station_id=PC] FDR_NW25: 6444 records
2025-06-01 22:56:45 - PreprocessingPipeline_PC - INFO - [station_id=PC] Starting FDR data validation for SE75
2025-06-01 22:56:45 - PreprocessingPipeline_PC - INFO - [station_id=PC] FDR validation complete: 4 issues found
2025-06-01 22:56:45 - PreprocessingPipeline_PC - WARNING - [station_id=PC] Validation issues in SE75: 2 critical, continuing anyway
2025-06-01 22:56:45 - PreprocessingPipeline_PC - INFO - [station_id=PC] Processed SE75: 6960 records
2025-06-01 22:56:45 - PreprocessingPipeline_PC - INFO - [station_id=PC] FDR_SE75: 6960 records
2025-06-01 22:56:45 - PreprocessingPipeline_PC - INFO - [station_id=PC] Starting FDR data validation for NE75
2025-06-01 22:56:45 - PreprocessingPipeline_PC - INFO - [station_id=PC] FDR validation complete: 4 issues found
2025-06-01 22:56:45 - PreprocessingPipeline_PC - WARNING - [station_id=PC] Validation issues in NE75: 4 critical, continuing anyway
2025-06-01 22:56:45 - PreprocessingPipeline_PC - INFO - [station_id=PC] Processed NE75: 5088 records
2025-06-01 22:56:45 - PreprocessingPipeline_PC - INFO - [station_id=PC] FDR_NE75: 5088 records
2025-06-01 22:56:45 - PreprocessingPipeline_PC - INFO - [station_id=PC] Starting FDR data validation for S75
2025-06-01 22:56:45 - PreprocessingPipeline_PC - INFO - [station_id=PC] FDR validation complete: 3 issues found
2025-06-01 22:56:45 - PreprocessingPipeline_PC - WARNING - [station_id=PC] Validation issues in S75: 2 critical, continuing anyway
2025-06-01 22:56:45 - PreprocessingPipeline_PC - INFO - [station_id=PC] Processed S75: 6969 records
2025-06-01 22:56:45 - PreprocessingPipeline_PC - INFO - [station_id=PC] FDR_S75: 6969 records
2025-06-01 22:56:45 - PreprocessingPipeline_PC - INFO - [station_id=PC] Starting FDR data validation for SE100
2025-06-01 22:56:45 - PreprocessingPipeline_PC - INFO - [station_id=PC] FDR validation complete: 3 issues found
2025-06-01 22:56:45 - PreprocessingPipeline_PC - WARNING - [station_id=PC] Validation issues in SE100: 3 critical, continuing anyway
2025-06-01 22:56:45 - PreprocessingPipeline_PC - INFO - [station_id=PC] Processed SE100: 5064 records
2025-06-01 22:56:45 - PreprocessingPipeline_PC - INFO - [station_id=PC] FDR_SE100: 5064 records
2025-06-01 22:56:45 - PreprocessingPipeline_PC - INFO - [station_id=PC] Successfully processed 12 out of 12 sensors
2025-06-01 22:56:55 - PreprocessingPipeline_PC - INFO - [station_id=PC] Saved file: data\output\PC\preprocessed\PC_FDR_input.xlsx (79353 records)
2025-06-01 22:56:55 - PreprocessingPipeline_PC - INFO - [station_id=PC] Saved file: data\output\PC\preprocessed\PC_FDR_daily_avg.xlsx (99 records)
2025-06-01 22:56:55 - PreprocessingPipeline_PC - INFO - [station_id=PC] Saved file: data\output\PC\preprocessed\PC_FDR_all_sites.xlsx (99 records)
2025-06-01 22:56:55 - PreprocessingPipeline_PC - INFO - [station_id=PC] Saved multi-sheet Excel: data\output\PC\preprocessed\PC_FDR_daily_depths.xlsx (3 sheets)
2025-06-01 22:56:55 - PreprocessingPipeline_PC - INFO - [station_id=PC] FDR processing complete. Generated 4 output files
2025-06-01 22:57:01 - PreprocessingPipeline_PC - INFO - [station_id=PC] FDR processing completed: 4 files
2025-06-01 22:57:01 - PreprocessingPipeline_PC - INFO - [station_id=PC] Discovered 1 files in data\input\PC\crnp
2025-06-01 22:57:01 - PreprocessingPipeline_PC - INFO - [station_id=PC] Discovered 0 files in data\input\PC\crnp
2025-06-01 22:57:01 - PreprocessingPipeline_PC - INFO - [station_id=PC] Selected CRNP file: hourly_CRNP.xlsx
2025-06-01 22:57:01 - PreprocessingPipeline_PC - INFO - [station_id=PC] ✅ Neutron counts found: mean=1419.6, range=[1182.0, 1694.0]
2025-06-01 22:57:01 - PreprocessingPipeline_PC - INFO - [station_id=PC] Successfully read CRNP file: 2162 records, 9 columns
2025-06-01 22:57:01 - PreprocessingPipeline_PC - INFO - [station_id=PC] Final columns: ['Timestamp', 'RN', 'Ta', 'RH', 'Pa', 'WS', 'WS_max', 'WD_VCT', 'N_counts']
2025-06-01 22:57:01 - PreprocessingPipeline_PC - INFO - [station_id=PC] CRNP_Raw: 2162 records
2025-06-01 22:57:01 - PreprocessingPipeline_PC - INFO - [station_id=PC] ✅ Found 2162 neutron count records
2025-06-01 22:57:01 - PreprocessingPipeline_PC - WARNING - [station_id=PC] Found 1 out-of-range values in WS_max, setting to NaN
2025-06-01 22:57:01 - PreprocessingPipeline_PC - INFO - [station_id=PC] CRNP_Processed: 2162 records
2025-06-01 22:57:02 - PreprocessingPipeline_PC - INFO - [station_id=PC] Saved file: data\output\PC\preprocessed\PC_CRNP_input.xlsx (2162 records)
2025-06-01 22:57:02 - PreprocessingPipeline_PC - INFO - [station_id=PC] CRNP processing summary: 2162 records, 2024-08-01 13:00:00 to 2024-10-30 14:00:00
2025-06-01 22:57:02 - PreprocessingPipeline_PC - INFO - [station_id=PC]   N_counts: 100.0% complete
2025-06-01 22:57:02 - PreprocessingPipeline_PC - INFO - [station_id=PC]   Ta: 100.0% complete
2025-06-01 22:57:02 - PreprocessingPipeline_PC - INFO - [station_id=PC]   Pa: 100.0% complete
2025-06-01 22:57:02 - PreprocessingPipeline_PC - INFO - [station_id=PC]   RH: 100.0% complete
2025-06-01 22:57:02 - PreprocessingPipeline_PC - INFO - [station_id=PC] CRNP processing completed: 2 files
2025-06-01 22:57:02 - PreprocessingPipeline_PC - INFO - [station_id=PC] Preprocessing completed successfully
2025-06-01 23:03:58 - PreprocessingPipeline_PC - INFO - [station_id=PC] Discovered 12 files in data\input\PC\fdr
2025-06-01 23:03:58 - PreprocessingPipeline_PC - INFO - [station_id=PC] Discovered 12 CSV files
2025-06-01 23:03:58 - PreprocessingPipeline_PC - INFO - [station_id=PC] Discovered 12 files in data\input\PC\fdr
2025-06-01 23:03:58 - PreprocessingPipeline_PC - INFO - [station_id=PC] FDR file matching: 12 matched, 0 unmatched
2025-06-01 23:03:58 - PreprocessingPipeline_PC - INFO - [station_id=PC] Successfully matched 12 files with sensor info
2025-06-01 23:03:58 - PreprocessingPipeline_PC - INFO - [station_id=PC] Starting FDR data validation for S25
2025-06-01 23:03:58 - PreprocessingPipeline_PC - INFO - [station_id=PC] FDR validation complete: 4 issues found
2025-06-01 23:03:58 - PreprocessingPipeline_PC - WARNING - [station_id=PC] Validation issues in S25: 3 critical, continuing anyway
2025-06-01 23:03:58 - PreprocessingPipeline_PC - INFO - [station_id=PC] Processed S25: 6975 records
2025-06-01 23:03:58 - PreprocessingPipeline_PC - INFO - [station_id=PC] FDR_S25: 6975 records
2025-06-01 23:03:58 - PreprocessingPipeline_PC - INFO - [station_id=PC] Starting FDR data validation for N50
2025-06-01 23:03:58 - PreprocessingPipeline_PC - INFO - [station_id=PC] FDR validation complete: 4 issues found
2025-06-01 23:03:58 - PreprocessingPipeline_PC - WARNING - [station_id=PC] Validation issues in N50: 3 critical, continuing anyway
2025-06-01 23:03:58 - PreprocessingPipeline_PC - INFO - [station_id=PC] Processed N50: 6978 records
2025-06-01 23:03:58 - PreprocessingPipeline_PC - INFO - [station_id=PC] FDR_N50: 6978 records
2025-06-01 23:03:58 - PreprocessingPipeline_PC - INFO - [station_id=PC] Starting FDR data validation for N100
2025-06-01 23:03:58 - PreprocessingPipeline_PC - INFO - [station_id=PC] FDR validation complete: 4 issues found
2025-06-01 23:03:58 - PreprocessingPipeline_PC - WARNING - [station_id=PC] Validation issues in N100: 4 critical, continuing anyway
2025-06-01 23:03:59 - PreprocessingPipeline_PC - INFO - [station_id=PC] Processed N100: 6975 records
2025-06-01 23:03:59 - PreprocessingPipeline_PC - INFO - [station_id=PC] FDR_N100: 6975 records
2025-06-01 23:03:59 - PreprocessingPipeline_PC - INFO - [station_id=PC] Starting FDR data validation for SW35
2025-06-01 23:03:59 - PreprocessingPipeline_PC - INFO - [station_id=PC] FDR validation complete: 3 issues found
2025-06-01 23:03:59 - PreprocessingPipeline_PC - WARNING - [station_id=PC] Validation issues in SW35: 3 critical, continuing anyway
2025-06-01 23:03:59 - PreprocessingPipeline_PC - INFO - [station_id=PC] Processed SW35: 6978 records
2025-06-01 23:03:59 - PreprocessingPipeline_PC - INFO - [station_id=PC] FDR_SW35: 6978 records
2025-06-01 23:03:59 - PreprocessingPipeline_PC - INFO - [station_id=PC] Starting FDR data validation for NW100
2025-06-01 23:03:59 - PreprocessingPipeline_PC - INFO - [station_id=PC] FDR validation complete: 4 issues found
2025-06-01 23:03:59 - PreprocessingPipeline_PC - WARNING - [station_id=PC] Validation issues in NW100: 4 critical, continuing anyway
2025-06-01 23:03:59 - PreprocessingPipeline_PC - INFO - [station_id=PC] Processed NW100: 7026 records
2025-06-01 23:03:59 - PreprocessingPipeline_PC - INFO - [station_id=PC] FDR_NW100: 7026 records
2025-06-01 23:03:59 - PreprocessingPipeline_PC - INFO - [station_id=PC] Starting FDR data validation for E50
2025-06-01 23:03:59 - PreprocessingPipeline_PC - INFO - [station_id=PC] FDR validation complete: 6 issues found
2025-06-01 23:03:59 - PreprocessingPipeline_PC - WARNING - [station_id=PC] Validation issues in E50: 3 critical, continuing anyway
2025-06-01 23:03:59 - PreprocessingPipeline_PC - INFO - [station_id=PC] Processed E50: 6921 records
2025-06-01 23:03:59 - PreprocessingPipeline_PC - INFO - [station_id=PC] FDR_E50: 6921 records
2025-06-01 23:03:59 - PreprocessingPipeline_PC - INFO - [station_id=PC] Starting FDR data validation for NE50
2025-06-01 23:03:59 - PreprocessingPipeline_PC - INFO - [station_id=PC] FDR validation complete: 4 issues found
2025-06-01 23:03:59 - PreprocessingPipeline_PC - WARNING - [station_id=PC] Validation issues in NE50: 4 critical, continuing anyway
2025-06-01 23:03:59 - PreprocessingPipeline_PC - INFO - [station_id=PC] Processed NE50: 6975 records
2025-06-01 23:03:59 - PreprocessingPipeline_PC - INFO - [station_id=PC] FDR_NE50: 6975 records
2025-06-01 23:03:59 - PreprocessingPipeline_PC - INFO - [station_id=PC] Starting FDR data validation for NW25
2025-06-01 23:03:59 - PreprocessingPipeline_PC - INFO - [station_id=PC] FDR validation complete: 4 issues found
2025-06-01 23:03:59 - PreprocessingPipeline_PC - WARNING - [station_id=PC] Validation issues in NW25: 3 critical, continuing anyway
2025-06-01 23:03:59 - PreprocessingPipeline_PC - INFO - [station_id=PC] Processed NW25: 6444 records
2025-06-01 23:03:59 - PreprocessingPipeline_PC - INFO - [station_id=PC] FDR_NW25: 6444 records
2025-06-01 23:03:59 - PreprocessingPipeline_PC - INFO - [station_id=PC] Starting FDR data validation for SE75
2025-06-01 23:03:59 - PreprocessingPipeline_PC - INFO - [station_id=PC] FDR validation complete: 4 issues found
2025-06-01 23:03:59 - PreprocessingPipeline_PC - WARNING - [station_id=PC] Validation issues in SE75: 2 critical, continuing anyway
2025-06-01 23:03:59 - PreprocessingPipeline_PC - INFO - [station_id=PC] Processed SE75: 6960 records
2025-06-01 23:03:59 - PreprocessingPipeline_PC - INFO - [station_id=PC] FDR_SE75: 6960 records
2025-06-01 23:03:59 - PreprocessingPipeline_PC - INFO - [station_id=PC] Starting FDR data validation for NE75
2025-06-01 23:03:59 - PreprocessingPipeline_PC - INFO - [station_id=PC] FDR validation complete: 4 issues found
2025-06-01 23:03:59 - PreprocessingPipeline_PC - WARNING - [station_id=PC] Validation issues in NE75: 4 critical, continuing anyway
2025-06-01 23:03:59 - PreprocessingPipeline_PC - INFO - [station_id=PC] Processed NE75: 5088 records
2025-06-01 23:03:59 - PreprocessingPipeline_PC - INFO - [station_id=PC] FDR_NE75: 5088 records
2025-06-01 23:03:59 - PreprocessingPipeline_PC - INFO - [station_id=PC] Starting FDR data validation for S75
2025-06-01 23:03:59 - PreprocessingPipeline_PC - INFO - [station_id=PC] FDR validation complete: 3 issues found
2025-06-01 23:03:59 - PreprocessingPipeline_PC - WARNING - [station_id=PC] Validation issues in S75: 2 critical, continuing anyway
2025-06-01 23:03:59 - PreprocessingPipeline_PC - INFO - [station_id=PC] Processed S75: 6969 records
2025-06-01 23:03:59 - PreprocessingPipeline_PC - INFO - [station_id=PC] FDR_S75: 6969 records
2025-06-01 23:03:59 - PreprocessingPipeline_PC - INFO - [station_id=PC] Starting FDR data validation for SE100
2025-06-01 23:03:59 - PreprocessingPipeline_PC - INFO - [station_id=PC] FDR validation complete: 3 issues found
2025-06-01 23:03:59 - PreprocessingPipeline_PC - WARNING - [station_id=PC] Validation issues in SE100: 3 critical, continuing anyway
2025-06-01 23:03:59 - PreprocessingPipeline_PC - INFO - [station_id=PC] Processed SE100: 5064 records
2025-06-01 23:03:59 - PreprocessingPipeline_PC - INFO - [station_id=PC] FDR_SE100: 5064 records
2025-06-01 23:03:59 - PreprocessingPipeline_PC - INFO - [station_id=PC] Successfully processed 12 out of 12 sensors
2025-06-01 23:04:09 - PreprocessingPipeline_PC - INFO - [station_id=PC] Saved file: data\output\PC\preprocessed\PC_FDR_input.xlsx (79353 records)
2025-06-01 23:04:09 - PreprocessingPipeline_PC - INFO - [station_id=PC] Saved file: data\output\PC\preprocessed\PC_FDR_daily_avg.xlsx (99 records)
2025-06-01 23:04:09 - PreprocessingPipeline_PC - INFO - [station_id=PC] Saved file: data\output\PC\preprocessed\PC_FDR_all_sites.xlsx (99 records)
2025-06-01 23:04:09 - PreprocessingPipeline_PC - INFO - [station_id=PC] Saved multi-sheet Excel: data\output\PC\preprocessed\PC_FDR_daily_depths.xlsx (3 sheets)
2025-06-01 23:04:09 - PreprocessingPipeline_PC - INFO - [station_id=PC] FDR processing complete. Generated 4 output files
2025-06-01 23:04:15 - PreprocessingPipeline_PC - INFO - [station_id=PC] FDR processing completed: 4 files
2025-06-01 23:04:15 - PreprocessingPipeline_PC - INFO - [station_id=PC] Discovered 1 files in data\input\PC\crnp
2025-06-01 23:04:15 - PreprocessingPipeline_PC - INFO - [station_id=PC] Discovered 0 files in data\input\PC\crnp
2025-06-01 23:04:15 - PreprocessingPipeline_PC - INFO - [station_id=PC] Selected CRNP file: hourly_CRNP.xlsx
2025-06-01 23:04:15 - PreprocessingPipeline_PC - INFO - [station_id=PC] ✅ Neutron counts found: mean=1419.6, range=[1182.0, 1694.0]
2025-06-01 23:04:15 - PreprocessingPipeline_PC - INFO - [station_id=PC] Successfully read CRNP file: 2162 records, 9 columns
2025-06-01 23:04:15 - PreprocessingPipeline_PC - INFO - [station_id=PC] Final columns: ['Timestamp', 'RN', 'Ta', 'RH', 'Pa', 'WS', 'WS_max', 'WD_VCT', 'N_counts']
2025-06-01 23:04:15 - PreprocessingPipeline_PC - INFO - [station_id=PC] CRNP_Raw: 2162 records
2025-06-01 23:04:15 - PreprocessingPipeline_PC - INFO - [station_id=PC] ✅ Found 2162 neutron count records
2025-06-01 23:04:15 - PreprocessingPipeline_PC - WARNING - [station_id=PC] Found 1 out-of-range values in WS_max, setting to NaN
2025-06-01 23:04:15 - PreprocessingPipeline_PC - INFO - [station_id=PC] CRNP_Processed: 2162 records
2025-06-01 23:04:15 - PreprocessingPipeline_PC - INFO - [station_id=PC] Saved file: data\output\PC\preprocessed\PC_CRNP_input.xlsx (2162 records)
2025-06-01 23:04:15 - PreprocessingPipeline_PC - INFO - [station_id=PC] CRNP processing summary: 2162 records, 2024-08-01 13:00:00 to 2024-10-30 14:00:00
2025-06-01 23:04:15 - PreprocessingPipeline_PC - INFO - [station_id=PC]   N_counts: 100.0% complete
2025-06-01 23:04:15 - PreprocessingPipeline_PC - INFO - [station_id=PC]   Ta: 100.0% complete
2025-06-01 23:04:15 - PreprocessingPipeline_PC - INFO - [station_id=PC]   Pa: 100.0% complete
2025-06-01 23:04:15 - PreprocessingPipeline_PC - INFO - [station_id=PC]   RH: 100.0% complete
2025-06-01 23:04:15 - PreprocessingPipeline_PC - INFO - [station_id=PC] CRNP processing completed: 2 files
2025-06-01 23:04:15 - PreprocessingPipeline_PC - INFO - [station_id=PC] Preprocessing completed successfully
