2025-06-02 09:41:39 - CalibrationManager_PC - INFO - [process=Calibration for PC] Starting Calibration for PC
2025-06-02 09:41:39 - CalibrationManager_PC - INFO - [process=Calibration for PC] Calibration period: 2024-08-17 to 2024-08-25
2025-06-02 09:41:39 - CalibrationManager_PC - INFO - [process=Calibration for PC] All required data files found
2025-06-02 09:41:39 - CalibrationManager_PC - INFO - [process=CRNP Calibration] Starting CRNP Calibration
2025-06-02 09:41:39 - CalibrationManager_PC - INFO - [process=Loading calibration data] Starting Loading calibration data
2025-06-02 09:41:39 - CalibrationManager_PC - INFO - [process=Loading calibration data] Loading FDR data from data\output\PC\preprocessed\PC_FDR_input.xlsx
2025-06-02 09:41:45 - CalibrationManager_PC - INFO - [process=Loading calibration data] Loading CRNP data from data\output\PC\preprocessed\PC_CRNP_input.xlsx
2025-06-02 09:41:45 - CalibrationManager_PC - INFO - [process=Loading calibration data] FDR_Calibration: 6024 records
2025-06-02 09:41:45 - CalibrationManager_PC - INFO - [process=Loading calibration data] CRNP_Calibration: 193 records
2025-06-02 09:41:45 - CalibrationManager_PC - INFO - [process=Loading calibration data] Completed Loading calibration data (5.9s)
2025-06-02 09:41:45 - CalibrationManager_PC - INFO - [process=Loading calibration data] Downloading neutron flux data from MXCO
2025-06-02 09:41:47 - CalibrationManager_PC - INFO - [process=Loading calibration data] Incoming flux correction applied (Iref=217.24)
2025-06-02 09:41:47 - CalibrationManager_PC - INFO - [process=Loading calibration data] Pressure correction applied (Pref=949.22 hPa)
2025-06-02 09:41:47 - CalibrationManager_PC - INFO - [process=Loading calibration data] Humidity correction applied (Aref=19.4118 g/cm³)
2025-06-02 09:41:47 - CalibrationManager_PC - INFO - [process=Loading calibration data] Neutron correction statistics:
2025-06-02 09:41:47 - CalibrationManager_PC - INFO - [process=Loading calibration data]   fi: mean=1.0000, std=0.0067, range=[0.9870, 1.0160]
2025-06-02 09:41:47 - CalibrationManager_PC - INFO - [process=Loading calibration data]   fp: mean=1.0001, std=0.0158, range=[0.9797, 1.0530]
2025-06-02 09:41:47 - CalibrationManager_PC - INFO - [process=Loading calibration data]   fw: mean=1.0000, std=0.0088, range=[0.9849, 1.0184]
2025-06-02 09:41:47 - CalibrationManager_PC - INFO - [process=Loading calibration data]   fb: mean=1.0000, std=0.0000, range=[1.0000, 1.0000]
2025-06-02 09:41:47 - CalibrationManager_PC - INFO - [process=Loading calibration data] Neutron counts: raw=1503.2, corrected=1503.7, change=+0.03%
2025-06-02 09:41:47 - CalibrationManager_PC - WARNING - [process=Loading calibration data] Removing 2 outliers from total_corrected_neutrons
2025-06-02 09:41:47 - CalibrationManager_PC - INFO - [process=Loading calibration data] Daily CRNP data: 9 days
2025-06-02 09:41:47 - CalibrationManager_PC - INFO - [process=Loading calibration data] Enhanced matching: 9 matched, 9 failed
2025-06-02 09:41:47 - CalibrationManager_PC - INFO - [process=Loading calibration data] Enhanced_Matched: 9 records
2025-06-02 09:41:47 - CalibrationManager_PC - INFO - [process=Loading calibration data] Field SM range: 0.297 ~ 0.310
2025-06-02 09:41:47 - CalibrationManager_PC - INFO - [process=Loading calibration data] Neutron range: 1420.2 ~ 1570.2
2025-06-02 09:41:47 - CalibrationManager_PC - INFO - [process=Loading calibration data] Field SM std: 0.0048, Neutron std: 57.9
2025-06-02 09:41:47 - CalibrationManager_PC - WARNING - [process=Loading calibration data] ⚠️ Field SM variability is very low - may affect calibration quality
2025-06-02 09:41:47 - CalibrationManager_PC - INFO - [process=Loading calibration data] Optimization parameters:
2025-06-02 09:41:47 - CalibrationManager_PC - INFO - [process=Loading calibration data]   Data points: 9
2025-06-02 09:41:47 - CalibrationManager_PC - INFO - [process=Loading calibration data]   Bulk density: 1.2
2025-06-02 09:41:47 - CalibrationManager_PC - INFO - [process=Loading calibration data]   Lattice water: 0.0340
2025-06-02 09:41:47 - CalibrationManager_PC - INFO - [process=Loading calibration data]   Field SM range: 0.297 - 0.310
2025-06-02 09:41:47 - CalibrationManager_PC - INFO - [process=Loading calibration data]   Neutron range: 1420.2 - 1570.2
2025-06-02 09:41:47 - CalibrationManager_PC - INFO - [process=Loading calibration data] Testing N0 values:
2025-06-02 09:41:47 - CalibrationManager_PC - INFO - [process=Loading calibration data] Best initial N0: 2625 (RMSE: 0.0481)
2025-06-02 09:41:47 - CalibrationManager_PC - INFO - [process=Loading calibration data] Starting optimization from N0=2625
2025-06-02 09:41:47 - CalibrationManager_PC - INFO - [process=Loading calibration data] Performance calculation details:
2025-06-02 09:41:47 - CalibrationManager_PC - INFO - [process=Loading calibration data]   Observed: mean=0.304231, std=0.004496, var=0.000020
2025-06-02 09:41:47 - CalibrationManager_PC - INFO - [process=Loading calibration data]   Predicted: mean=0.296168, std=0.050703
2025-06-02 09:41:47 - CalibrationManager_PC - INFO - [process=Loading calibration data]   Correlation: 0.816742
2025-06-02 09:41:47 - CalibrationManager_PC - INFO - [process=Loading calibration data]   RMSE: 0.047788, MAE: 0.043362
2025-06-02 09:41:47 - CalibrationManager_PC - WARNING - [process=Loading calibration data]   Very low variability, using relative error method: 0.607308 (rel_rmse=0.157077)
2025-06-02 09:41:47 - CalibrationManager_PC - INFO - [process=Loading calibration data]   Final R² = 0.607308 (method: relative_error_based)
2025-06-02 09:41:47 - CalibrationManager_PC - WARNING - [process=Loading calibration data]   Very low observed variability may limit calibration quality
2025-06-02 09:41:47 - CalibrationManager_PC - INFO - [process=Loading calibration data] Calibration result: N0=2614.8, R²=0.607, RMSE=0.0478
2025-06-02 09:41:47 - CalibrationManager_PC - INFO - [process=Loading calibration data] Calculated reference values: {'Pref': 949.2221393782385, 'Aref': 19.411819509476345, 'Iref': 217.23834715025905}
2025-06-02 09:41:48 - CalibrationManager_PC - INFO - [process=Loading calibration data] Saved: PC_calibration_diagnostics.png
2025-06-02 09:41:49 - CalibrationManager_PC - INFO - [process=Loading calibration data] Saved: PC_calibration_comparison.png
2025-06-02 09:41:49 - CalibrationManager_PC - INFO - [process=Loading calibration data] Saved: PC_calibration_debug_data.xlsx
2025-06-02 09:41:49 - CalibrationManager_PC - INFO - [process=Loading calibration data] Saved: PC_calibration_result.json
2025-06-02 09:41:49 - CalibrationManager_PC - INFO - [process=Loading calibration data] Saved: PC_Parameters.xlsx
2025-06-02 09:41:49 - CalibrationManager_PC - INFO - [process=Loading calibration data] Calibration completed successfully. N0 = 2614.76
2025-06-02 09:41:49 - CalibrationManager_PC - INFO - [process=Loading calibration data] Completed CRNP Calibration (10.2s)
2025-06-02 09:41:49 - CalibrationManager_PC - INFO - [process=Loading calibration data] Calibration result validation passed
2025-06-02 09:41:49 - CalibrationManager_PC - INFO - [process=Loading calibration data] Saved: PC_calibration_report.txt
2025-06-02 09:41:49 - CalibrationManager_PC - INFO - [process=Loading calibration data] Completed Calibration for PC (10.2s)
2025-06-02 09:41:49 - CalibrationManager_PC - INFO - Loaded calibration parameters (N0=2614.76)
2025-06-02 09:45:39 - CalibrationManager_PC - INFO - [process=Calibration for PC] Starting Calibration for PC
2025-06-02 09:45:39 - CalibrationManager_PC - INFO - [process=Calibration for PC] Calibration period: 2024-08-17 to 2024-08-25
2025-06-02 09:45:39 - CalibrationManager_PC - INFO - [process=Calibration for PC] All required data files found
2025-06-02 09:45:39 - CalibrationManager_PC - INFO - [process=CRNP Calibration] Starting CRNP Calibration
2025-06-02 09:45:39 - CalibrationManager_PC - INFO - [process=Loading calibration data] Starting Loading calibration data
2025-06-02 09:45:39 - CalibrationManager_PC - INFO - [process=Loading calibration data] Loading FDR data from data\output\PC\preprocessed\PC_FDR_input.xlsx
2025-06-02 09:45:44 - CalibrationManager_PC - INFO - [process=Loading calibration data] Loading CRNP data from data\output\PC\preprocessed\PC_CRNP_input.xlsx
2025-06-02 09:45:45 - CalibrationManager_PC - INFO - [process=Loading calibration data] FDR_Calibration: 6024 records
2025-06-02 09:45:45 - CalibrationManager_PC - INFO - [process=Loading calibration data] CRNP_Calibration: 193 records
2025-06-02 09:45:45 - CalibrationManager_PC - INFO - [process=Loading calibration data] Completed Loading calibration data (5.9s)
2025-06-02 09:45:45 - CalibrationManager_PC - INFO - [process=Loading calibration data] Downloading neutron flux data from MXCO
2025-06-02 09:45:46 - CalibrationManager_PC - INFO - [process=Loading calibration data] Incoming flux correction applied (Iref=217.24)
2025-06-02 09:45:46 - CalibrationManager_PC - INFO - [process=Loading calibration data] Pressure correction applied (Pref=949.22 hPa)
2025-06-02 09:45:46 - CalibrationManager_PC - INFO - [process=Loading calibration data] Humidity correction applied (Aref=19.4118 g/cm³)
2025-06-02 09:45:46 - CalibrationManager_PC - INFO - [process=Loading calibration data] Neutron correction statistics:
2025-06-02 09:45:46 - CalibrationManager_PC - INFO - [process=Loading calibration data]   fi: mean=1.0000, std=0.0067, range=[0.9870, 1.0160]
2025-06-02 09:45:46 - CalibrationManager_PC - INFO - [process=Loading calibration data]   fp: mean=1.0001, std=0.0158, range=[0.9797, 1.0530]
2025-06-02 09:45:46 - CalibrationManager_PC - INFO - [process=Loading calibration data]   fw: mean=1.0000, std=0.0088, range=[0.9849, 1.0184]
2025-06-02 09:45:46 - CalibrationManager_PC - INFO - [process=Loading calibration data]   fb: mean=1.0000, std=0.0000, range=[1.0000, 1.0000]
2025-06-02 09:45:46 - CalibrationManager_PC - INFO - [process=Loading calibration data] Neutron counts: raw=1503.2, corrected=1503.7, change=+0.03%
2025-06-02 09:45:46 - CalibrationManager_PC - WARNING - [process=Loading calibration data] Removing 2 outliers from total_corrected_neutrons
2025-06-02 09:45:46 - CalibrationManager_PC - INFO - [process=Loading calibration data] Daily CRNP data: 9 days
2025-06-02 09:45:46 - CalibrationManager_PC - INFO - [process=Loading calibration data] Enhanced matching: 9 matched, 9 failed
2025-06-02 09:45:46 - CalibrationManager_PC - INFO - [process=Loading calibration data] Enhanced_Matched: 9 records
2025-06-02 09:45:46 - CalibrationManager_PC - INFO - [process=Loading calibration data] Field SM range: 0.297 ~ 0.310
2025-06-02 09:45:46 - CalibrationManager_PC - INFO - [process=Loading calibration data] Neutron range: 1420.2 ~ 1570.2
2025-06-02 09:45:46 - CalibrationManager_PC - INFO - [process=Loading calibration data] Field SM std: 0.0048, Neutron std: 57.9
2025-06-02 09:45:46 - CalibrationManager_PC - WARNING - [process=Loading calibration data] ⚠️ Field SM variability is very low - may affect calibration quality
2025-06-02 09:45:46 - CalibrationManager_PC - INFO - [process=Loading calibration data] Optimization parameters:
2025-06-02 09:45:46 - CalibrationManager_PC - INFO - [process=Loading calibration data]   Data points: 9
2025-06-02 09:45:46 - CalibrationManager_PC - INFO - [process=Loading calibration data]   Bulk density: 1.2
2025-06-02 09:45:46 - CalibrationManager_PC - INFO - [process=Loading calibration data]   Lattice water: 0.0340
2025-06-02 09:45:46 - CalibrationManager_PC - INFO - [process=Loading calibration data]   Field SM range: 0.297 - 0.310
2025-06-02 09:45:46 - CalibrationManager_PC - INFO - [process=Loading calibration data]   Neutron range: 1420.2 - 1570.2
2025-06-02 09:45:46 - CalibrationManager_PC - INFO - [process=Loading calibration data] Testing N0 values:
2025-06-02 09:45:46 - CalibrationManager_PC - INFO - [process=Loading calibration data] Best initial N0: 2625 (RMSE: 0.0481)
2025-06-02 09:45:46 - CalibrationManager_PC - INFO - [process=Loading calibration data] Starting optimization from N0=2625
2025-06-02 09:45:46 - CalibrationManager_PC - INFO - [process=Loading calibration data] Performance calculation details:
2025-06-02 09:45:46 - CalibrationManager_PC - INFO - [process=Loading calibration data]   Observed: mean=0.304231, std=0.004496, var=0.000020
2025-06-02 09:45:46 - CalibrationManager_PC - INFO - [process=Loading calibration data]   Predicted: mean=0.296168, std=0.050703
2025-06-02 09:45:46 - CalibrationManager_PC - INFO - [process=Loading calibration data]   Correlation: 0.816742
2025-06-02 09:45:46 - CalibrationManager_PC - INFO - [process=Loading calibration data]   RMSE: 0.047788, MAE: 0.043362
2025-06-02 09:45:46 - CalibrationManager_PC - WARNING - [process=Loading calibration data]   Very low variability, using relative error method: 0.607308 (rel_rmse=0.157077)
2025-06-02 09:45:46 - CalibrationManager_PC - INFO - [process=Loading calibration data]   Final R² = 0.607308 (method: relative_error_based)
2025-06-02 09:45:46 - CalibrationManager_PC - WARNING - [process=Loading calibration data]   Very low observed variability may limit calibration quality
2025-06-02 09:45:46 - CalibrationManager_PC - INFO - [process=Loading calibration data] Calibration result: N0=2614.8, R²=0.607, RMSE=0.0478
2025-06-02 09:45:46 - CalibrationManager_PC - INFO - [process=Loading calibration data] Calculated reference values: {'Pref': 949.2221393782385, 'Aref': 19.411819509476345, 'Iref': 217.23834715025905}
2025-06-02 09:45:48 - CalibrationManager_PC - INFO - [process=Loading calibration data] Saved: PC_calibration_diagnostics.png
2025-06-02 09:45:49 - CalibrationManager_PC - INFO - [process=Loading calibration data] Saved: PC_calibration_comparison.png
2025-06-02 09:45:49 - CalibrationManager_PC - INFO - [process=Loading calibration data] Saved: PC_calibration_debug_data.xlsx
2025-06-02 09:45:49 - CalibrationManager_PC - INFO - [process=Loading calibration data] Saved: PC_calibration_result.json
2025-06-02 09:45:49 - CalibrationManager_PC - INFO - [process=Loading calibration data] Saved: PC_Parameters.xlsx
2025-06-02 09:45:49 - CalibrationManager_PC - INFO - [process=Loading calibration data] Calibration completed successfully. N0 = 2614.76
2025-06-02 09:45:49 - CalibrationManager_PC - INFO - [process=Loading calibration data] Completed CRNP Calibration (10.0s)
2025-06-02 09:45:49 - CalibrationManager_PC - INFO - [process=Loading calibration data] Calibration result validation passed
2025-06-02 09:45:49 - CalibrationManager_PC - INFO - [process=Loading calibration data] Saved: PC_calibration_report.txt
2025-06-02 09:45:49 - CalibrationManager_PC - INFO - [process=Loading calibration data] Completed Calibration for PC (10.0s)
2025-06-02 09:46:04 - CalibrationManager_PC - INFO - Loaded calibration parameters (N0=2614.76)
2025-06-02 09:58:12 - CalibrationManager_PC - INFO - [process=Calibration for PC] Starting Calibration for PC
2025-06-02 09:58:12 - CalibrationManager_PC - INFO - [process=Calibration for PC] Calibration period: 2024-08-17 to 2024-08-25
2025-06-02 09:58:12 - CalibrationManager_PC - INFO - [process=Calibration for PC] Using existing calibration result
2025-06-02 09:58:12 - CalibrationManager_PC - INFO - [process=Calibration for PC] Completed Calibration for PC (0.0s)
2025-06-02 09:58:12 - CalibrationManager_PC - INFO - Loaded calibration parameters (N0=2614.76)
