2025-05-29 18:06:41 - CalibrationManager_PC - INFO - info:105 - [process=Calibration for PC] Process started: Calibration for PC
2025-05-29 18:06:41 - CalibrationManager_PC - INFO - info:105 - [process=Calibration for PC] Calibration period: 2024-08-17 to 2024-08-25
2025-05-29 18:06:41 - CalibrationManager_PC - INFO - info:105 - [process=Calibration for PC] All required data files found
2025-05-29 18:06:41 - CalibrationManager_PC - INFO - info:105 - [process=CRNP Calibration] Process started: CRNP Calibration (period=2024-08-17T00:00:00 to 2024-08-25T00:00:00)
2025-05-29 18:06:41 - CalibrationManager_PC - INFO - info:105 - [process=Loading calibration data] Process started: Loading calibration data
2025-05-29 18:06:41 - CalibrationManager_PC - INFO - info:105 - [process=Loading calibration data] Loading FDR data from data\output\PC\preprocessed\PC_FDR_input.xlsx
2025-05-29 18:06:48 - CalibrationManager_PC - INFO - info:105 - [process=Loading calibration data] Loading CRNP data from data\output\PC\preprocessed\PC_CRNP_input.xlsx
2025-05-29 18:06:48 - CalibrationManager_PC - INFO - info:105 - [process=Loading calibration data] Data loaded: FDR_Calibration - 6024 records
2025-05-29 18:06:48 - CalibrationManager_PC - INFO - info:105 - [process=Loading calibration data] Data loaded: CRNP_Calibration - 0 records
2025-05-29 18:06:48 - CalibrationManager_PC - INFO - info:105 - [process=Loading calibration data] Process completed: Loading calibration data in 6.32s
2025-05-29 18:06:48 - CalibrationManager_PC - INFO - info:105 - [process=Applying neutron corrections] Process started: Applying neutron corrections
2025-05-29 18:06:48 - CalibrationManager_PC - INFO - info:105 - [process=Neutron Corrections] Process started: Neutron Corrections
2025-05-29 18:06:48 - CalibrationManager_PC - INFO - info:105 - [process=Neutron Corrections] Downloading neutron flux data from MXCO
2025-05-29 18:06:49 - CalibrationManager_PC - ERROR - error:113 - [process=Neutron Corrections] Failed to apply incoming flux correction: 'NoneType' object is not subscriptable
2025-05-29 18:06:49 - CalibrationManager_PC - INFO - info:105 - [process=Neutron Corrections] Pressure correction applied (Pref=nan hPa)
2025-05-29 18:06:49 - CalibrationManager_PC - INFO - info:105 - [process=Neutron Corrections] Humidity correction applied (Aref=nan g/cm続)
2025-05-29 18:06:49 - CalibrationManager_PC - INFO - info:105 - [process=Neutron Corrections] Neutron correction statistics:
2025-05-29 18:06:49 - CalibrationManager_PC - INFO - info:105 - [process=Neutron Corrections] Neutron counts: raw=nan, corrected=nan, change=+nan%
2025-05-29 18:06:49 - CalibrationManager_PC - INFO - info:105 - [process=Neutron Corrections] Process completed: Neutron Corrections in 1.71s
2025-05-29 18:06:49 - CalibrationManager_PC - INFO - info:105 - [process=Neutron Corrections] Process completed: Applying neutron corrections in 1.71s
2025-05-29 18:06:49 - CalibrationManager_PC - INFO - info:105 - [process=Matching daily data] Process started: Matching daily data
2025-05-29 18:06:49 - CalibrationManager_PC - INFO - info:105 - [process=Matching daily data] Data loaded: Matched_Daily - 0 records
2025-05-29 18:06:49 - CalibrationManager_PC - INFO - info:105 - [process=Matching daily data] Process completed: Matching daily data in 0.01s
2025-05-29 18:06:49 - CalibrationManager_PC - INFO - info:105 - [process=N0 Optimization] Process started: N0 Optimization
2025-05-29 18:06:49 - CalibrationManager_PC - ERROR - error:113 - [process=N0 Optimization] Error in N0 Optimization (duration: 0.00s): ValueError: No matched data available for optimization
2025-05-29 18:06:49 - CalibrationManager_PC - ERROR - error:113 - [process=N0 Optimization] Error in Calibration process: ValueError: No matched data available for optimization
2025-05-29 18:06:49 - CalibrationManager_PC - ERROR - error:113 - [process=N0 Optimization] Error in CRNP Calibration (duration: 8.04s): ValueError: No matched data available for optimization
2025-05-29 18:06:49 - CalibrationManager_PC - ERROR - error:113 - [process=N0 Optimization] Error in Calibration for PC: ValueError: No matched data available for optimization
2025-05-29 18:06:49 - CalibrationManager_PC - ERROR - error:113 - [process=N0 Optimization] Error in Calibration for PC (duration: 8.05s): ValueError: No matched data available for optimization
2025-05-29 18:15:34 - CalibrationManager_PC - INFO - info:105 - [process=Calibration for PC] Process started: Calibration for PC
2025-05-29 18:15:34 - CalibrationManager_PC - INFO - info:105 - [process=Calibration for PC] Calibration period: 2024-08-17 to 2024-08-25
2025-05-29 18:15:34 - CalibrationManager_PC - INFO - info:105 - [process=Calibration for PC] All required data files found
2025-05-29 18:15:34 - CalibrationManager_PC - INFO - info:105 - [process=CRNP Calibration] Process started: CRNP Calibration (period=2024-08-17T00:00:00 to 2024-08-25T00:00:00)
2025-05-29 18:15:34 - CalibrationManager_PC - INFO - info:105 - [process=Loading calibration data] Process started: Loading calibration data
2025-05-29 18:15:34 - CalibrationManager_PC - INFO - info:105 - [process=Loading calibration data] Loading FDR data from data\output\PC\preprocessed\PC_FDR_input.xlsx
2025-05-29 18:15:40 - CalibrationManager_PC - INFO - info:105 - [process=Loading calibration data] Loading CRNP data from data\output\PC\preprocessed\PC_CRNP_input.xlsx
2025-05-29 18:15:40 - CalibrationManager_PC - INFO - info:105 - [process=Loading calibration data] Data loaded: FDR_Calibration - 6024 records
2025-05-29 18:15:40 - CalibrationManager_PC - INFO - info:105 - [process=Loading calibration data] Data loaded: CRNP_Calibration - 0 records
2025-05-29 18:15:40 - CalibrationManager_PC - INFO - info:105 - [process=Loading calibration data] Process completed: Loading calibration data in 6.15s
2025-05-29 18:15:40 - CalibrationManager_PC - INFO - info:105 - [process=Applying neutron corrections] Process started: Applying neutron corrections
2025-05-29 18:15:40 - CalibrationManager_PC - INFO - info:105 - [process=Neutron Corrections] Process started: Neutron Corrections
2025-05-29 18:15:40 - CalibrationManager_PC - INFO - info:105 - [process=Neutron Corrections] Downloading neutron flux data from MXCO
2025-05-29 18:15:42 - CalibrationManager_PC - ERROR - error:113 - [process=Neutron Corrections] Failed to apply incoming flux correction: 'NoneType' object is not subscriptable
2025-05-29 18:15:42 - CalibrationManager_PC - INFO - info:105 - [process=Neutron Corrections] Pressure correction applied (Pref=nan hPa)
2025-05-29 18:15:42 - CalibrationManager_PC - INFO - info:105 - [process=Neutron Corrections] Humidity correction applied (Aref=nan g/cm続)
2025-05-29 18:15:42 - CalibrationManager_PC - INFO - info:105 - [process=Neutron Corrections] Neutron correction statistics:
2025-05-29 18:15:42 - CalibrationManager_PC - INFO - info:105 - [process=Neutron Corrections] Neutron counts: raw=nan, corrected=nan, change=+nan%
2025-05-29 18:15:42 - CalibrationManager_PC - INFO - info:105 - [process=Neutron Corrections] Process completed: Neutron Corrections in 1.70s
2025-05-29 18:15:42 - CalibrationManager_PC - INFO - info:105 - [process=Neutron Corrections] Process completed: Applying neutron corrections in 1.70s
2025-05-29 18:15:42 - CalibrationManager_PC - INFO - info:105 - [process=Matching daily data] Process started: Matching daily data
2025-05-29 18:15:42 - CalibrationManager_PC - INFO - info:105 - [process=Matching daily data] Data loaded: Matched_Daily - 0 records
2025-05-29 18:15:42 - CalibrationManager_PC - INFO - info:105 - [process=Matching daily data] Process completed: Matching daily data in 0.01s
2025-05-29 18:15:42 - CalibrationManager_PC - INFO - info:105 - [process=N0 Optimization] Process started: N0 Optimization
2025-05-29 18:15:42 - CalibrationManager_PC - ERROR - error:113 - [process=N0 Optimization] Error in N0 Optimization (duration: 0.00s): ValueError: No matched data available for optimization
2025-05-29 18:15:42 - CalibrationManager_PC - ERROR - error:113 - [process=N0 Optimization] Error in Calibration process: ValueError: No matched data available for optimization
2025-05-29 18:15:42 - CalibrationManager_PC - ERROR - error:113 - [process=N0 Optimization] Error in CRNP Calibration (duration: 7.86s): ValueError: No matched data available for optimization
2025-05-29 18:15:42 - CalibrationManager_PC - ERROR - error:113 - [process=N0 Optimization] Error in Calibration for PC: ValueError: No matched data available for optimization
2025-05-29 18:15:42 - CalibrationManager_PC - ERROR - error:113 - [process=N0 Optimization] Error in Calibration for PC (duration: 7.86s): ValueError: No matched data available for optimization
2025-05-29 18:23:37 - CalibrationManager_PC - INFO - info:105 - [process=Calibration for PC] Process started: Calibration for PC
2025-05-29 18:23:37 - CalibrationManager_PC - INFO - info:105 - [process=Calibration for PC] Calibration period: 2024-08-17 to 2024-08-25
2025-05-29 18:23:37 - CalibrationManager_PC - INFO - info:105 - [process=Calibration for PC] All required data files found
2025-05-29 18:23:37 - CalibrationManager_PC - INFO - info:105 - [process=CRNP Calibration] Process started: CRNP Calibration (period=2024-08-17T00:00:00 to 2024-08-25T00:00:00)
2025-05-29 18:23:37 - CalibrationManager_PC - INFO - info:105 - [process=Loading calibration data] Process started: Loading calibration data
2025-05-29 18:23:37 - CalibrationManager_PC - INFO - info:105 - [process=Loading calibration data] Loading FDR data from data\output\PC\preprocessed\PC_FDR_input.xlsx
2025-05-29 18:23:43 - CalibrationManager_PC - INFO - info:105 - [process=Loading calibration data] Loading CRNP data from data\output\PC\preprocessed\PC_CRNP_input.xlsx
2025-05-29 18:23:43 - CalibrationManager_PC - INFO - info:105 - [process=Loading calibration data] Data loaded: FDR_Calibration - 6024 records
2025-05-29 18:23:43 - CalibrationManager_PC - INFO - info:105 - [process=Loading calibration data] Data loaded: CRNP_Calibration - 0 records
2025-05-29 18:23:43 - CalibrationManager_PC - INFO - info:105 - [process=Loading calibration data] Process completed: Loading calibration data in 6.23s
2025-05-29 18:23:43 - CalibrationManager_PC - INFO - info:105 - [process=Applying neutron corrections] Process started: Applying neutron corrections
2025-05-29 18:23:43 - CalibrationManager_PC - INFO - info:105 - [process=Neutron Corrections] Process started: Neutron Corrections
2025-05-29 18:23:43 - CalibrationManager_PC - INFO - info:105 - [process=Neutron Corrections] Downloading neutron flux data from MXCO
2025-05-29 18:23:44 - CalibrationManager_PC - ERROR - error:113 - [process=Neutron Corrections] Failed to apply incoming flux correction: 'NoneType' object is not subscriptable
2025-05-29 18:23:44 - CalibrationManager_PC - INFO - info:105 - [process=Neutron Corrections] Pressure correction applied (Pref=nan hPa)
2025-05-29 18:23:44 - CalibrationManager_PC - INFO - info:105 - [process=Neutron Corrections] Humidity correction applied (Aref=nan g/cm続)
2025-05-29 18:23:44 - CalibrationManager_PC - INFO - info:105 - [process=Neutron Corrections] Neutron correction statistics:
2025-05-29 18:23:44 - CalibrationManager_PC - INFO - info:105 - [process=Neutron Corrections] Neutron counts: raw=nan, corrected=nan, change=+nan%
2025-05-29 18:23:44 - CalibrationManager_PC - INFO - info:105 - [process=Neutron Corrections] Process completed: Neutron Corrections in 1.65s
2025-05-29 18:23:44 - CalibrationManager_PC - INFO - info:105 - [process=Neutron Corrections] Process completed: Applying neutron corrections in 1.65s
2025-05-29 18:23:44 - CalibrationManager_PC - INFO - info:105 - [process=Matching daily data] Process started: Matching daily data
2025-05-29 18:23:44 - CalibrationManager_PC - INFO - info:105 - [process=Matching daily data] Data loaded: Matched_Daily - 0 records
2025-05-29 18:23:44 - CalibrationManager_PC - INFO - info:105 - [process=Matching daily data] Process completed: Matching daily data in 0.01s
2025-05-29 18:23:44 - CalibrationManager_PC - INFO - info:105 - [process=N0 Optimization] Process started: N0 Optimization
2025-05-29 18:23:44 - CalibrationManager_PC - ERROR - error:113 - [process=N0 Optimization] Error in N0 Optimization (duration: 0.00s): ValueError: No matched data available for optimization
2025-05-29 18:23:44 - CalibrationManager_PC - ERROR - error:113 - [process=N0 Optimization] Error in Calibration process: ValueError: No matched data available for optimization
2025-05-29 18:23:44 - CalibrationManager_PC - ERROR - error:113 - [process=N0 Optimization] Error in CRNP Calibration (duration: 7.89s): ValueError: No matched data available for optimization
2025-05-29 18:23:44 - CalibrationManager_PC - ERROR - error:113 - [process=N0 Optimization] Error in Calibration for PC: ValueError: No matched data available for optimization
2025-05-29 18:23:44 - CalibrationManager_PC - ERROR - error:113 - [process=N0 Optimization] Error in Calibration for PC (duration: 7.89s): ValueError: No matched data available for optimization
2025-05-29 18:27:50 - CalibrationManager_PC - INFO - info:105 - [process=Calibration for PC] Process started: Calibration for PC
2025-05-29 18:27:50 - CalibrationManager_PC - INFO - info:105 - [process=Calibration for PC] Calibration period: 2024-08-17 to 2024-08-25
2025-05-29 18:27:50 - CalibrationManager_PC - INFO - info:105 - [process=Calibration for PC] All required data files found
2025-05-29 18:27:50 - CalibrationManager_PC - INFO - info:105 - [process=CRNP Calibration] Process started: CRNP Calibration (period=2024-08-17T00:00:00 to 2024-08-25T00:00:00)
2025-05-29 18:27:50 - CalibrationManager_PC - INFO - info:105 - [process=Loading calibration data] Process started: Loading calibration data
2025-05-29 18:27:50 - CalibrationManager_PC - INFO - info:105 - [process=Loading calibration data] Loading FDR data from data\output\PC\preprocessed\PC_FDR_input.xlsx
2025-05-29 18:27:56 - CalibrationManager_PC - INFO - info:105 - [process=Loading calibration data] Loading CRNP data from data\output\PC\preprocessed\PC_CRNP_input.xlsx
2025-05-29 18:27:56 - CalibrationManager_PC - INFO - info:105 - [process=Loading calibration data] Data loaded: FDR_Calibration - 6024 records
2025-05-29 18:27:56 - CalibrationManager_PC - INFO - info:105 - [process=Loading calibration data] Data loaded: CRNP_Calibration - 0 records
2025-05-29 18:27:56 - CalibrationManager_PC - INFO - info:105 - [process=Loading calibration data] Process completed: Loading calibration data in 6.20s
2025-05-29 18:27:56 - CalibrationManager_PC - INFO - info:105 - [process=Applying neutron corrections] Process started: Applying neutron corrections
2025-05-29 18:27:56 - CalibrationManager_PC - INFO - info:105 - [process=Neutron Corrections] Process started: Neutron Corrections
2025-05-29 18:27:56 - CalibrationManager_PC - INFO - info:105 - [process=Neutron Corrections] Downloading neutron flux data from MXCO
2025-05-29 18:27:58 - CalibrationManager_PC - ERROR - error:113 - [process=Neutron Corrections] Failed to apply incoming flux correction: 'NoneType' object is not subscriptable
2025-05-29 18:27:58 - CalibrationManager_PC - INFO - info:105 - [process=Neutron Corrections] Pressure correction applied (Pref=nan hPa)
2025-05-29 18:27:58 - CalibrationManager_PC - INFO - info:105 - [process=Neutron Corrections] Humidity correction applied (Aref=nan g/cm続)
2025-05-29 18:27:58 - CalibrationManager_PC - INFO - info:105 - [process=Neutron Corrections] Neutron correction statistics:
2025-05-29 18:27:58 - CalibrationManager_PC - INFO - info:105 - [process=Neutron Corrections] Neutron counts: raw=nan, corrected=nan, change=+nan%
2025-05-29 18:27:58 - CalibrationManager_PC - INFO - info:105 - [process=Neutron Corrections] Process completed: Neutron Corrections in 1.46s
2025-05-29 18:27:58 - CalibrationManager_PC - INFO - info:105 - [process=Neutron Corrections] Process completed: Applying neutron corrections in 1.46s
2025-05-29 18:27:58 - CalibrationManager_PC - INFO - info:105 - [process=Matching daily data] Process started: Matching daily data
2025-05-29 18:27:58 - CalibrationManager_PC - INFO - info:105 - [process=Matching daily data] Data loaded: Matched_Daily - 0 records
2025-05-29 18:27:58 - CalibrationManager_PC - INFO - info:105 - [process=Matching daily data] Process completed: Matching daily data in 0.01s
2025-05-29 18:27:58 - CalibrationManager_PC - INFO - info:105 - [process=N0 Optimization] Process started: N0 Optimization
2025-05-29 18:27:58 - CalibrationManager_PC - ERROR - error:113 - [process=N0 Optimization] Error in N0 Optimization (duration: 0.00s): ValueError: No matched data available for optimization
2025-05-29 18:27:58 - CalibrationManager_PC - ERROR - error:113 - [process=N0 Optimization] Error in Calibration process: ValueError: No matched data available for optimization
2025-05-29 18:27:58 - CalibrationManager_PC - ERROR - error:113 - [process=N0 Optimization] Error in CRNP Calibration (duration: 7.67s): ValueError: No matched data available for optimization
2025-05-29 18:27:58 - CalibrationManager_PC - ERROR - error:113 - [process=N0 Optimization] Error in Calibration for PC: ValueError: No matched data available for optimization
2025-05-29 18:27:58 - CalibrationManager_PC - ERROR - error:113 - [process=N0 Optimization] Error in Calibration for PC (duration: 7.67s): ValueError: No matched data available for optimization
