2025-05-31 15:14:37 - CalibrationManager_PC - INFO - info:105 - [process=Calibration for PC] Process started: Calibration for PC
2025-05-31 15:14:37 - CalibrationManager_PC - INFO - info:105 - [process=Calibration for PC] Calibration period: 2024-08-17 to 2024-08-25
2025-05-31 15:14:37 - CalibrationManager_PC - INFO - info:105 - [process=Calibration for PC] All required data files found
2025-05-31 15:14:37 - CalibrationManager_PC - INFO - info:105 - [process=CRNP Calibration] Process started: CRNP Calibration (period=2024-08-17T00:00:00 to 2024-08-25T00:00:00)
2025-05-31 15:14:37 - CalibrationManager_PC - INFO - info:105 - [process=Loading calibration data] Process started: Loading calibration data
2025-05-31 15:14:38 - CalibrationManager_PC - INFO - info:105 - [process=Loading calibration data] Loading FDR data from data\output\PC\preprocessed\PC_FDR_input.xlsx
2025-05-31 15:14:44 - CalibrationManager_PC - INFO - info:105 - [process=Loading calibration data] Loading CRNP data from data\output\PC\preprocessed\PC_CRNP_input.xlsx
2025-05-31 15:14:44 - CalibrationManager_PC - INFO - info:105 - [process=Loading calibration data] Using existing timestamp column
2025-05-31 15:14:44 - CalibrationManager_PC - INFO - info:105 - [process=Loading calibration data] Valid timestamps in CRNP data: 2163/2163
2025-05-31 15:14:44 - CalibrationManager_PC - INFO - info:105 - [process=Loading calibration data] Data loaded: FDR_Calibration - 6024 records
2025-05-31 15:14:44 - CalibrationManager_PC - INFO - info:105 - [process=Loading calibration data] Data loaded: CRNP_Calibration - 193 records
2025-05-31 15:14:44 - CalibrationManager_PC - INFO - info:105 - [process=Loading calibration data] Neutron counts in calibration period: 191/193
2025-05-31 15:14:44 - CalibrationManager_PC - INFO - info:105 - [process=Loading calibration data] Process completed: Loading calibration data in 6.89s
2025-05-31 15:14:44 - CalibrationManager_PC - INFO - info:105 - [process=Applying neutron corrections] Process started: Applying neutron corrections
2025-05-31 15:14:44 - CalibrationManager_PC - INFO - info:105 - [process=Neutron Corrections] Process started: Neutron Corrections
2025-05-31 15:14:44 - CalibrationManager_PC - INFO - info:105 - [process=Neutron Corrections] Downloading neutron flux data from MXCO
2025-05-31 15:14:46 - CalibrationManager_PC - INFO - info:105 - [process=Neutron Corrections] Incoming flux correction applied (Iref=217.24)
2025-05-31 15:14:46 - CalibrationManager_PC - INFO - info:105 - [process=Neutron Corrections] Pressure correction applied (Pref=949.22 hPa)
2025-05-31 15:14:46 - CalibrationManager_PC - INFO - info:105 - [process=Neutron Corrections] Humidity correction applied (Aref=19.4118 g/cm³)
2025-05-31 15:14:46 - CalibrationManager_PC - INFO - info:105 - [process=Neutron Corrections] Neutron correction statistics:
2025-05-31 15:14:46 - CalibrationManager_PC - INFO - info:105 - [process=Neutron Corrections]   fi: mean=1.0000, std=0.0067, range=[0.9870, 1.0160]
2025-05-31 15:14:46 - CalibrationManager_PC - INFO - info:105 - [process=Neutron Corrections]   fp: mean=1.0001, std=0.0158, range=[0.9797, 1.0530]
2025-05-31 15:14:46 - CalibrationManager_PC - INFO - info:105 - [process=Neutron Corrections]   fw: mean=1.0000, std=0.0088, range=[0.9849, 1.0184]
2025-05-31 15:14:46 - CalibrationManager_PC - INFO - info:105 - [process=Neutron Corrections]   fb: mean=1.0000, std=0.0000, range=[1.0000, 1.0000]
2025-05-31 15:14:46 - CalibrationManager_PC - INFO - info:105 - [process=Neutron Corrections] Neutron counts: raw=1502.0, corrected=1502.2, change=+0.01%
2025-05-31 15:14:46 - CalibrationManager_PC - INFO - info:105 - [process=Neutron Corrections] Process completed: Neutron Corrections in 1.84s
2025-05-31 15:14:46 - CalibrationManager_PC - WARNING - warning:109 - [process=Neutron Corrections] Removing 2 outliers from total_corrected_neutrons
2025-05-31 15:14:46 - CalibrationManager_PC - INFO - info:105 - [process=Neutron Corrections] Process completed: Applying neutron corrections in 1.84s
2025-05-31 15:14:46 - CalibrationManager_PC - INFO - info:105 - [process=Matching daily data] Process started: Matching daily data
2025-05-31 15:14:46 - CalibrationManager_PC - INFO - info:105 - [process=Matching daily data] Input data: FDR=6024, CRNP=193
2025-05-31 15:14:46 - CalibrationManager_PC - INFO - info:105 - [process=Matching daily data] Calibration period: 2024-08-17 to 2024-08-25
2025-05-31 15:14:46 - CalibrationManager_PC - INFO - info:105 - [process=Matching daily data] Daily CRNP created: 9 days
2025-05-31 15:14:46 - CalibrationManager_PC - INFO - info:105 - [process=Matching daily data] FDR date range: 2024-08-17 to 2024-08-25
2025-05-31 15:14:46 - CalibrationManager_PC - INFO - info:105 - [process=Matching daily data] Matching summary: 9 success, 0 failed
2025-05-31 15:14:46 - CalibrationManager_PC - INFO - info:105 - [process=Matching daily data] Data loaded: Matched_Daily - 9 records
2025-05-31 15:14:46 - CalibrationManager_PC - INFO - info:105 - [process=Matching daily data] 🎉 SUCCESS: 9 daily records matched!
2025-05-31 15:14:46 - CalibrationManager_PC - INFO - info:105 - [process=Matching daily data] Process completed: Matching daily data in 0.01s
2025-05-31 15:14:46 - CalibrationManager_PC - INFO - info:105 - [process=N0 Optimization] Process started: N0 Optimization
2025-05-31 15:14:46 - CalibrationManager_PC - INFO - info:105 - [process=N0 Optimization] Matched data summary:
2025-05-31 15:14:46 - CalibrationManager_PC - INFO - info:105 - [process=N0 Optimization]   Neutron counts: 1420.2 - 1567.1 (mean: 1497.9)
2025-05-31 15:14:46 - CalibrationManager_PC - INFO - info:105 - [process=N0 Optimization]   Field SM: 0.297 - 0.310 (mean: 0.304)
2025-05-31 15:14:46 - CalibrationManager_PC - INFO - info:105 - [process=N0 Optimization] Starting N0 optimization (method: Nelder-Mead)
2025-05-31 15:14:46 - CalibrationManager_PC - INFO - info:105 - [process=N0 Optimization] Optimized VWC range: -0.110 - -0.098 (mean: -0.104)
2025-05-31 15:14:46 - CalibrationManager_PC - INFO - info:105 - [process=N0 Optimization] Calibration result: N0=1000.00, R2=-8261.7440, RMSE=0.4087, MAE=0.4086, NSE=-8261.7440, Bias=-0.4086, n_samples=9.0000
2025-05-31 15:14:46 - CalibrationManager_PC - INFO - info:105 - [process=N0 Optimization] Process completed: N0 Optimization in 0.02s
2025-05-31 15:14:46 - CalibrationManager_PC - INFO - info:105 - [process=N0 Optimization] Calculated reference values: {'Pref': 949.2221393782385, 'Aref': 19.411819509476345, 'Iref': 217.23834715025905}
2025-05-31 15:14:47 - CalibrationManager_PC - INFO - info:105 - [process=N0 Optimization] File save: data\output\PC\calibration\PC_calibration_result.json - success
2025-05-31 15:14:47 - CalibrationManager_PC - INFO - info:105 - [process=N0 Optimization] File save: data\output\PC\calibration\PC_Parameters.xlsx - success
2025-05-31 15:14:47 - CalibrationManager_PC - INFO - info:105 - [process=N0 Optimization] Calibration completed successfully. N0 = 1000.00
2025-05-31 15:14:47 - CalibrationManager_PC - INFO - info:105 - [process=N0 Optimization] Process completed: CRNP Calibration in 9.31s
2025-05-31 15:14:47 - CalibrationManager_PC - WARNING - warning:109 - [process=N0 Optimization] Low R² value: -8261.744
2025-05-31 15:14:47 - CalibrationManager_PC - WARNING - warning:109 - [process=N0 Optimization] High RMSE value: 0.409
2025-05-31 15:14:47 - CalibrationManager_PC - INFO - info:105 - [process=N0 Optimization] Calibration result validation passed
2025-05-31 15:14:47 - CalibrationManager_PC - INFO - info:105 - [process=N0 Optimization] File save: data\output\PC\calibration\PC_calibration_report.txt - success
2025-05-31 15:14:47 - CalibrationManager_PC - INFO - info:105 - [process=N0 Optimization] Process completed: Calibration for PC in 9.31s
2025-05-31 15:17:26 - CalibrationManager_PC - INFO - info:105 - [process=Calibration for PC] Process started: Calibration for PC
2025-05-31 15:17:26 - CalibrationManager_PC - INFO - info:105 - [process=Calibration for PC] Calibration period: 2024-08-17 to 2024-08-25
2025-05-31 15:17:26 - CalibrationManager_PC - INFO - info:105 - [process=Calibration for PC] All required data files found
2025-05-31 15:17:26 - CalibrationManager_PC - INFO - info:105 - [process=CRNP Calibration] Process started: CRNP Calibration (period=2024-08-17T00:00:00 to 2024-08-25T00:00:00)
2025-05-31 15:17:26 - CalibrationManager_PC - INFO - info:105 - [process=Loading calibration data] Process started: Loading calibration data
2025-05-31 15:17:26 - CalibrationManager_PC - INFO - info:105 - [process=Loading calibration data] Loading FDR data from data\output\PC\preprocessed\PC_FDR_input.xlsx
2025-05-31 15:17:32 - CalibrationManager_PC - INFO - info:105 - [process=Loading calibration data] Loading CRNP data from data\output\PC\preprocessed\PC_CRNP_input.xlsx
2025-05-31 15:17:32 - CalibrationManager_PC - INFO - info:105 - [process=Loading calibration data] Using existing timestamp column
2025-05-31 15:17:32 - CalibrationManager_PC - INFO - info:105 - [process=Loading calibration data] Valid timestamps in CRNP data: 2163/2163
2025-05-31 15:17:32 - CalibrationManager_PC - INFO - info:105 - [process=Loading calibration data] Data loaded: FDR_Calibration - 6024 records
2025-05-31 15:17:32 - CalibrationManager_PC - INFO - info:105 - [process=Loading calibration data] Data loaded: CRNP_Calibration - 193 records
2025-05-31 15:17:32 - CalibrationManager_PC - INFO - info:105 - [process=Loading calibration data] Neutron counts in calibration period: 191/193
2025-05-31 15:17:32 - CalibrationManager_PC - INFO - info:105 - [process=Loading calibration data] Process completed: Loading calibration data in 6.10s
2025-05-31 15:17:32 - CalibrationManager_PC - INFO - info:105 - [process=Applying neutron corrections] Process started: Applying neutron corrections
2025-05-31 15:17:32 - CalibrationManager_PC - INFO - info:105 - [process=Neutron Corrections] Process started: Neutron Corrections
2025-05-31 15:17:32 - CalibrationManager_PC - INFO - info:105 - [process=Neutron Corrections] Downloading neutron flux data from MXCO
2025-05-31 15:17:34 - CalibrationManager_PC - INFO - info:105 - [process=Neutron Corrections] Incoming flux correction applied (Iref=217.24)
2025-05-31 15:17:34 - CalibrationManager_PC - INFO - info:105 - [process=Neutron Corrections] Pressure correction applied (Pref=949.22 hPa)
2025-05-31 15:17:34 - CalibrationManager_PC - INFO - info:105 - [process=Neutron Corrections] Humidity correction applied (Aref=19.4118 g/cm³)
2025-05-31 15:17:34 - CalibrationManager_PC - INFO - info:105 - [process=Neutron Corrections] Neutron correction statistics:
2025-05-31 15:17:34 - CalibrationManager_PC - INFO - info:105 - [process=Neutron Corrections]   fi: mean=1.0000, std=0.0067, range=[0.9870, 1.0160]
2025-05-31 15:17:34 - CalibrationManager_PC - INFO - info:105 - [process=Neutron Corrections]   fp: mean=1.0001, std=0.0158, range=[0.9797, 1.0530]
2025-05-31 15:17:34 - CalibrationManager_PC - INFO - info:105 - [process=Neutron Corrections]   fw: mean=1.0000, std=0.0088, range=[0.9849, 1.0184]
2025-05-31 15:17:34 - CalibrationManager_PC - INFO - info:105 - [process=Neutron Corrections]   fb: mean=1.0000, std=0.0000, range=[1.0000, 1.0000]
2025-05-31 15:17:34 - CalibrationManager_PC - INFO - info:105 - [process=Neutron Corrections] Neutron counts: raw=1502.0, corrected=1502.2, change=+0.01%
2025-05-31 15:17:34 - CalibrationManager_PC - INFO - info:105 - [process=Neutron Corrections] Process completed: Neutron Corrections in 1.66s
2025-05-31 15:17:34 - CalibrationManager_PC - WARNING - warning:109 - [process=Neutron Corrections] Removing 2 outliers from total_corrected_neutrons
2025-05-31 15:17:34 - CalibrationManager_PC - INFO - info:105 - [process=Neutron Corrections] Process completed: Applying neutron corrections in 1.67s
2025-05-31 15:17:34 - CalibrationManager_PC - INFO - info:105 - [process=Matching daily data] Process started: Matching daily data
2025-05-31 15:17:34 - CalibrationManager_PC - INFO - info:105 - [process=Matching daily data] Input data: FDR=6024, CRNP=193
2025-05-31 15:17:34 - CalibrationManager_PC - INFO - info:105 - [process=Matching daily data] Calibration period: 2024-08-17 to 2024-08-25
2025-05-31 15:17:34 - CalibrationManager_PC - INFO - info:105 - [process=Matching daily data] Daily CRNP created: 9 days
2025-05-31 15:17:34 - CalibrationManager_PC - INFO - info:105 - [process=Matching daily data] FDR date range: 2024-08-17 to 2024-08-25
2025-05-31 15:17:34 - CalibrationManager_PC - INFO - info:105 - [process=Matching daily data] Matching summary: 9 success, 0 failed
2025-05-31 15:17:34 - CalibrationManager_PC - INFO - info:105 - [process=Matching daily data] Data loaded: Matched_Daily - 9 records
2025-05-31 15:17:34 - CalibrationManager_PC - INFO - info:105 - [process=Matching daily data] 🎉 SUCCESS: 9 daily records matched!
2025-05-31 15:17:34 - CalibrationManager_PC - INFO - info:105 - [process=Matching daily data] Process completed: Matching daily data in 0.02s
2025-05-31 15:17:34 - CalibrationManager_PC - INFO - info:105 - [process=N0 Optimization] Process started: N0 Optimization
2025-05-31 15:17:34 - CalibrationManager_PC - INFO - info:105 - [process=N0 Optimization] Matched data summary:
2025-05-31 15:17:34 - CalibrationManager_PC - INFO - info:105 - [process=N0 Optimization]   Neutron counts: 1420.2 - 1567.1 (mean: 1497.9)
2025-05-31 15:17:34 - CalibrationManager_PC - INFO - info:105 - [process=N0 Optimization]   Field SM: 0.297 - 0.310 (mean: 0.304)
2025-05-31 15:17:34 - CalibrationManager_PC - INFO - info:105 - [process=N0 Optimization] Starting N0 optimization (method: Nelder-Mead)
2025-05-31 15:17:34 - CalibrationManager_PC - INFO - info:105 - [process=N0 Optimization] Optimized VWC range: -0.110 - -0.098 (mean: -0.104)
2025-05-31 15:17:34 - CalibrationManager_PC - INFO - info:105 - [process=N0 Optimization] Calibration result: N0=1000.00, R2=-8261.7440, RMSE=0.4087, MAE=0.4086, NSE=-8261.7440, Bias=-0.4086, n_samples=9.0000
2025-05-31 15:17:34 - CalibrationManager_PC - INFO - info:105 - [process=N0 Optimization] Process completed: N0 Optimization in 0.03s
2025-05-31 15:17:34 - CalibrationManager_PC - INFO - info:105 - [process=N0 Optimization] Calculated reference values: {'Pref': 949.2221393782385, 'Aref': 19.411819509476345, 'Iref': 217.23834715025905}
2025-05-31 15:17:34 - CalibrationManager_PC - INFO - info:105 - [process=N0 Optimization] File save: data\output\PC\calibration\PC_calibration_result.json - success
2025-05-31 15:17:34 - CalibrationManager_PC - INFO - info:105 - [process=N0 Optimization] File save: data\output\PC\calibration\PC_Parameters.xlsx - success
2025-05-31 15:17:34 - CalibrationManager_PC - INFO - info:105 - [process=N0 Optimization] Calibration completed successfully. N0 = 1000.00
2025-05-31 15:17:34 - CalibrationManager_PC - INFO - info:105 - [process=N0 Optimization] Process completed: CRNP Calibration in 8.10s
2025-05-31 15:17:34 - CalibrationManager_PC - WARNING - warning:109 - [process=N0 Optimization] Low R² value: -8261.744
2025-05-31 15:17:34 - CalibrationManager_PC - WARNING - warning:109 - [process=N0 Optimization] High RMSE value: 0.409
2025-05-31 15:17:34 - CalibrationManager_PC - INFO - info:105 - [process=N0 Optimization] Calibration result validation passed
2025-05-31 15:17:34 - CalibrationManager_PC - INFO - info:105 - [process=N0 Optimization] File save: data\output\PC\calibration\PC_calibration_report.txt - success
2025-05-31 15:17:34 - CalibrationManager_PC - INFO - info:105 - [process=N0 Optimization] Process completed: Calibration for PC in 8.11s
2025-05-31 15:18:46 - CalibrationManager_PC - INFO - info:105 - [process=Calibration for PC] Process started: Calibration for PC
2025-05-31 15:18:46 - CalibrationManager_PC - INFO - info:105 - [process=Calibration for PC] Calibration period: 2024-08-17 to 2024-08-25
2025-05-31 15:18:46 - CalibrationManager_PC - INFO - info:105 - [process=Calibration for PC] All required data files found
2025-05-31 15:18:46 - CalibrationManager_PC - INFO - info:105 - [process=CRNP Calibration] Process started: CRNP Calibration (period=2024-08-17T00:00:00 to 2024-08-25T00:00:00)
2025-05-31 15:18:46 - CalibrationManager_PC - INFO - info:105 - [process=Loading calibration data] Process started: Loading calibration data
2025-05-31 15:18:46 - CalibrationManager_PC - INFO - info:105 - [process=Loading calibration data] Loading FDR data from data\output\PC\preprocessed\PC_FDR_input.xlsx
2025-05-31 15:18:52 - CalibrationManager_PC - INFO - info:105 - [process=Loading calibration data] Loading CRNP data from data\output\PC\preprocessed\PC_CRNP_input.xlsx
2025-05-31 15:18:52 - CalibrationManager_PC - INFO - info:105 - [process=Loading calibration data] Using existing timestamp column
2025-05-31 15:18:52 - CalibrationManager_PC - INFO - info:105 - [process=Loading calibration data] Valid timestamps in CRNP data: 2163/2163
2025-05-31 15:18:52 - CalibrationManager_PC - INFO - info:105 - [process=Loading calibration data] Data loaded: FDR_Calibration - 6024 records
2025-05-31 15:18:52 - CalibrationManager_PC - INFO - info:105 - [process=Loading calibration data] Data loaded: CRNP_Calibration - 193 records
2025-05-31 15:18:52 - CalibrationManager_PC - INFO - info:105 - [process=Loading calibration data] Neutron counts in calibration period: 191/193
2025-05-31 15:18:52 - CalibrationManager_PC - INFO - info:105 - [process=Loading calibration data] Process completed: Loading calibration data in 6.22s
2025-05-31 15:18:52 - CalibrationManager_PC - INFO - info:105 - [process=Applying neutron corrections] Process started: Applying neutron corrections
2025-05-31 15:18:52 - CalibrationManager_PC - INFO - info:105 - [process=Neutron Corrections] Process started: Neutron Corrections
2025-05-31 15:18:52 - CalibrationManager_PC - INFO - info:105 - [process=Neutron Corrections] Downloading neutron flux data from MXCO
2025-05-31 15:18:53 - CalibrationManager_PC - INFO - info:105 - [process=Neutron Corrections] Incoming flux correction applied (Iref=217.24)
2025-05-31 15:18:53 - CalibrationManager_PC - INFO - info:105 - [process=Neutron Corrections] Pressure correction applied (Pref=949.22 hPa)
2025-05-31 15:18:53 - CalibrationManager_PC - INFO - info:105 - [process=Neutron Corrections] Humidity correction applied (Aref=19.4118 g/cm³)
2025-05-31 15:18:53 - CalibrationManager_PC - INFO - info:105 - [process=Neutron Corrections] Neutron correction statistics:
2025-05-31 15:18:53 - CalibrationManager_PC - INFO - info:105 - [process=Neutron Corrections]   fi: mean=1.0000, std=0.0067, range=[0.9870, 1.0160]
2025-05-31 15:18:53 - CalibrationManager_PC - INFO - info:105 - [process=Neutron Corrections]   fp: mean=1.0001, std=0.0158, range=[0.9797, 1.0530]
2025-05-31 15:18:53 - CalibrationManager_PC - INFO - info:105 - [process=Neutron Corrections]   fw: mean=1.0000, std=0.0088, range=[0.9849, 1.0184]
2025-05-31 15:18:53 - CalibrationManager_PC - INFO - info:105 - [process=Neutron Corrections]   fb: mean=1.0000, std=0.0000, range=[1.0000, 1.0000]
2025-05-31 15:18:53 - CalibrationManager_PC - INFO - info:105 - [process=Neutron Corrections] Neutron counts: raw=1502.0, corrected=1502.2, change=+0.01%
2025-05-31 15:18:53 - CalibrationManager_PC - INFO - info:105 - [process=Neutron Corrections] Process completed: Neutron Corrections in 1.48s
2025-05-31 15:18:53 - CalibrationManager_PC - WARNING - warning:109 - [process=Neutron Corrections] Removing 2 outliers from total_corrected_neutrons
2025-05-31 15:18:53 - CalibrationManager_PC - INFO - info:105 - [process=Neutron Corrections] Process completed: Applying neutron corrections in 1.48s
2025-05-31 15:18:53 - CalibrationManager_PC - INFO - info:105 - [process=Matching daily data] Process started: Matching daily data
2025-05-31 15:18:53 - CalibrationManager_PC - INFO - info:105 - [process=Matching daily data] Input data: FDR=6024, CRNP=193
2025-05-31 15:18:53 - CalibrationManager_PC - INFO - info:105 - [process=Matching daily data] Calibration period: 2024-08-17 to 2024-08-25
2025-05-31 15:18:53 - CalibrationManager_PC - INFO - info:105 - [process=Matching daily data] Daily CRNP created: 9 days
2025-05-31 15:18:53 - CalibrationManager_PC - INFO - info:105 - [process=Matching daily data] FDR date range: 2024-08-17 to 2024-08-25
2025-05-31 15:18:53 - CalibrationManager_PC - INFO - info:105 - [process=Matching daily data] Matching summary: 9 success, 0 failed
2025-05-31 15:18:53 - CalibrationManager_PC - INFO - info:105 - [process=Matching daily data] Data loaded: Matched_Daily - 9 records
2025-05-31 15:18:53 - CalibrationManager_PC - INFO - info:105 - [process=Matching daily data] 🎉 SUCCESS: 9 daily records matched!
2025-05-31 15:18:53 - CalibrationManager_PC - INFO - info:105 - [process=Matching daily data] Process completed: Matching daily data in 0.01s
2025-05-31 15:18:53 - CalibrationManager_PC - INFO - info:105 - [process=N0 Optimization] Process started: N0 Optimization
2025-05-31 15:18:53 - CalibrationManager_PC - INFO - info:105 - [process=N0 Optimization] Matched data summary:
2025-05-31 15:18:53 - CalibrationManager_PC - INFO - info:105 - [process=N0 Optimization]   Neutron counts: 1420.2 - 1567.1 (mean: 1497.9)
2025-05-31 15:18:53 - CalibrationManager_PC - INFO - info:105 - [process=N0 Optimization]   Field SM: 0.297 - 0.310 (mean: 0.304)
2025-05-31 15:18:53 - CalibrationManager_PC - INFO - info:105 - [process=N0 Optimization] Starting N0 optimization (method: Nelder-Mead)
2025-05-31 15:18:53 - CalibrationManager_PC - INFO - info:105 - [process=N0 Optimization] Optimized VWC range: -0.110 - -0.098 (mean: -0.104)
2025-05-31 15:18:53 - CalibrationManager_PC - INFO - info:105 - [process=N0 Optimization] Performance calculation:
2025-05-31 15:18:53 - CalibrationManager_PC - INFO - info:105 - [process=N0 Optimization]   Observed: 0.297 - 0.310 (mean: 0.304)
2025-05-31 15:18:53 - CalibrationManager_PC - INFO - info:105 - [process=N0 Optimization]   Predicted: -0.110 - -0.098 (mean: -0.104)
2025-05-31 15:18:53 - CalibrationManager_PC - INFO - info:105 - [process=N0 Optimization]   SS_res: 1.503017
2025-05-31 15:18:53 - CalibrationManager_PC - INFO - info:105 - [process=N0 Optimization]   SS_tot: 0.000182
2025-05-31 15:18:53 - CalibrationManager_PC - WARNING - warning:109 - [process=N0 Optimization] Extremely low R² detected: -8261.744 - possible model/data issues
2025-05-31 15:18:53 - CalibrationManager_PC - INFO - info:105 - [process=N0 Optimization] Calibration result: N0=1000.00, R2=-8261.7440, RMSE=0.4087, MAE=0.4086, NSE=-8261.7440, Bias=-0.4086, Correlation=0.7944, n_samples=9.0000
2025-05-31 15:18:53 - CalibrationManager_PC - INFO - info:105 - [process=N0 Optimization] Process completed: N0 Optimization in 0.03s
2025-05-31 15:18:53 - CalibrationManager_PC - INFO - info:105 - [process=N0 Optimization] Calculated reference values: {'Pref': 949.2221393782385, 'Aref': 19.411819509476345, 'Iref': 217.23834715025905}
2025-05-31 15:18:54 - CalibrationManager_PC - INFO - info:105 - [process=N0 Optimization] File save: data\output\PC\calibration\PC_calibration_result.json - success
2025-05-31 15:18:54 - CalibrationManager_PC - INFO - info:105 - [process=N0 Optimization] File save: data\output\PC\calibration\PC_Parameters.xlsx - success
2025-05-31 15:18:54 - CalibrationManager_PC - INFO - info:105 - [process=N0 Optimization] Calibration completed successfully. N0 = 1000.00
2025-05-31 15:18:54 - CalibrationManager_PC - INFO - info:105 - [process=N0 Optimization] Process completed: CRNP Calibration in 8.02s
2025-05-31 15:18:54 - CalibrationManager_PC - WARNING - warning:109 - [process=N0 Optimization] Low R² value: -8261.744
2025-05-31 15:18:54 - CalibrationManager_PC - WARNING - warning:109 - [process=N0 Optimization] High RMSE value: 0.409
2025-05-31 15:18:54 - CalibrationManager_PC - INFO - info:105 - [process=N0 Optimization] Calibration result validation passed
2025-05-31 15:18:54 - CalibrationManager_PC - INFO - info:105 - [process=N0 Optimization] File save: data\output\PC\calibration\PC_calibration_report.txt - success
2025-05-31 15:18:54 - CalibrationManager_PC - INFO - info:105 - [process=N0 Optimization] Process completed: Calibration for PC in 8.02s
2025-05-31 15:58:37 - CalibrationManager_PC - INFO - info:105 - Calibration configuration updated
2025-05-31 15:58:37 - CalibrationManager_PC - INFO - info:105 - [process=Calibration for PC] Process started: Calibration for PC
2025-05-31 15:58:37 - CalibrationManager_PC - INFO - info:105 - [process=Calibration for PC] Calibration period: 2024-08-15 to 2024-08-27
2025-05-31 15:58:37 - CalibrationManager_PC - INFO - info:105 - [process=Calibration for PC] All required data files found
2025-05-31 15:58:37 - CalibrationManager_PC - INFO - info:105 - [process=CRNP Calibration] Process started: CRNP Calibration (period=2024-08-15T00:00:00 to 2024-08-27T00:00:00)
2025-05-31 15:58:37 - CalibrationManager_PC - INFO - info:105 - [process=Loading calibration data] Process started: Loading calibration data
2025-05-31 15:58:37 - CalibrationManager_PC - INFO - info:105 - [process=Loading calibration data] Loading FDR data from data\output\PC\preprocessed\PC_FDR_input.xlsx
2025-05-31 15:58:43 - CalibrationManager_PC - INFO - info:105 - [process=Loading calibration data] Loading CRNP data from data\output\PC\preprocessed\PC_CRNP_input.xlsx
2025-05-31 15:58:43 - CalibrationManager_PC - INFO - info:105 - [process=Loading calibration data] Data loaded: FDR_Calibration - 8832 records
2025-05-31 15:58:43 - CalibrationManager_PC - INFO - info:105 - [process=Loading calibration data] Data loaded: CRNP_Calibration - 289 records
2025-05-31 15:58:43 - CalibrationManager_PC - INFO - info:105 - [process=Loading calibration data] Process completed: Loading calibration data in 5.99s
2025-05-31 15:58:43 - CalibrationManager_PC - INFO - info:105 - [process=Applying neutron corrections] Process started: Applying neutron corrections
2025-05-31 15:58:43 - CalibrationManager_PC - INFO - info:105 - [process=Neutron Corrections] Process started: Neutron Corrections
2025-05-31 15:58:43 - CalibrationManager_PC - INFO - info:105 - [process=Neutron Corrections] Downloading neutron flux data from MXCO
2025-05-31 15:58:45 - CalibrationManager_PC - INFO - info:105 - [process=Neutron Corrections] Incoming flux correction applied (Iref=217.08)
2025-05-31 15:58:45 - CalibrationManager_PC - INFO - info:105 - [process=Neutron Corrections] Pressure correction applied (Pref=949.11 hPa)
2025-05-31 15:58:45 - CalibrationManager_PC - INFO - info:105 - [process=Neutron Corrections] Humidity correction applied (Aref=19.0375 g/cm³)
2025-05-31 15:58:45 - CalibrationManager_PC - INFO - info:105 - [process=Neutron Corrections] Neutron correction statistics:
2025-05-31 15:58:45 - CalibrationManager_PC - INFO - info:105 - [process=Neutron Corrections]   fi: mean=1.0000, std=0.0067, range=[0.9852, 1.0168]
2025-05-31 15:58:45 - CalibrationManager_PC - INFO - info:105 - [process=Neutron Corrections]   fp: mean=1.0001, std=0.0139, range=[0.9788, 1.0520]
2025-05-31 15:58:45 - CalibrationManager_PC - INFO - info:105 - [process=Neutron Corrections]   fw: mean=1.0000, std=0.0086, range=[0.9783, 1.0204]
2025-05-31 15:58:45 - CalibrationManager_PC - INFO - info:105 - [process=Neutron Corrections]   fb: mean=1.0000, std=0.0000, range=[1.0000, 1.0000]
2025-05-31 15:58:45 - CalibrationManager_PC - INFO - info:105 - [process=Neutron Corrections] Neutron counts: raw=1506.2, corrected=1506.5, change=+0.01%
2025-05-31 15:58:45 - CalibrationManager_PC - INFO - info:105 - [process=Neutron Corrections] Process completed: Neutron Corrections in 2.08s
2025-05-31 15:58:45 - CalibrationManager_PC - WARNING - warning:109 - [process=Neutron Corrections] Removing 8 outliers from total_corrected_neutrons
2025-05-31 15:58:45 - CalibrationManager_PC - INFO - info:105 - [process=Neutron Corrections] Process completed: Applying neutron corrections in 2.08s
2025-05-31 15:58:45 - CalibrationManager_PC - INFO - info:105 - [process=Enhanced daily data matching] Process started: Enhanced daily data matching
2025-05-31 15:58:46 - CalibrationManager_PC - INFO - info:105 - [process=Enhanced daily data matching] Daily CRNP data: 13 days
2025-05-31 15:58:46 - CalibrationManager_PC - INFO - info:105 - [process=Enhanced daily data matching] Enhanced matching: 13 matched, 13 failed
2025-05-31 15:58:46 - CalibrationManager_PC - INFO - info:105 - [process=Enhanced daily data matching] Data loaded: Enhanced_Matched - 13 records
2025-05-31 15:58:46 - CalibrationManager_PC - INFO - info:105 - [process=Enhanced daily data matching] Field SM range: 0.297 ~ 0.316
2025-05-31 15:58:46 - CalibrationManager_PC - INFO - info:105 - [process=Enhanced daily data matching] Neutron range: 1433.2 ~ 1570.5
2025-05-31 15:58:46 - CalibrationManager_PC - INFO - info:105 - [process=Enhanced daily data matching] Field SM std: 0.0054, Neutron std: 44.6
2025-05-31 15:58:46 - CalibrationManager_PC - WARNING - warning:109 - [process=Enhanced daily data matching] ⚠️ Field SM variability is very low - may affect calibration quality
2025-05-31 15:58:46 - CalibrationManager_PC - INFO - info:105 - [process=Enhanced daily data matching] Process completed: Enhanced daily data matching in 0.05s
2025-05-31 15:58:46 - CalibrationManager_PC - INFO - info:105 - [process=Enhanced N0 Optimization] Process started: Enhanced N0 Optimization
2025-05-31 15:58:46 - CalibrationManager_PC - INFO - info:105 - [process=Enhanced N0 Optimization] Optimization parameters:
2025-05-31 15:58:46 - CalibrationManager_PC - INFO - info:105 - [process=Enhanced N0 Optimization]   Data points: 13
2025-05-31 15:58:46 - CalibrationManager_PC - INFO - info:105 - [process=Enhanced N0 Optimization]   Bulk density: 1.2
2025-05-31 15:58:46 - CalibrationManager_PC - INFO - info:105 - [process=Enhanced N0 Optimization]   Lattice water: 0.0340
2025-05-31 15:58:46 - CalibrationManager_PC - INFO - info:105 - [process=Enhanced N0 Optimization]   Field SM range: 0.297 - 0.316
2025-05-31 15:58:46 - CalibrationManager_PC - INFO - info:105 - [process=Enhanced N0 Optimization]   Neutron range: 1433.2 - 1570.5
2025-05-31 15:58:46 - CalibrationManager_PC - INFO - info:105 - [process=Enhanced N0 Optimization] Testing N0 values:
2025-05-31 15:58:46 - CalibrationManager_PC - INFO - info:105 - [process=Enhanced N0 Optimization] Best initial N0: 2625 (RMSE: 0.0394)
2025-05-31 15:58:46 - CalibrationManager_PC - INFO - info:105 - [process=Enhanced N0 Optimization] Starting optimization from N0=2625
2025-05-31 15:58:46 - CalibrationManager_PC - INFO - info:105 - [process=Enhanced N0 Optimization] Observed std: 0.005186, SS_tot: 0.000350
2025-05-31 15:58:46 - CalibrationManager_PC - INFO - info:105 - [process=Enhanced N0 Optimization] Calibration result: N0=2641.75, R2=-10.0000, RMSE=0.0384, MAE=0.0329, NSE=-10.0000, Bias=-0.0052, Correlation=0.5663, n_samples=13.0000, obs_std=0.0052, pred_std=0.0407
2025-05-31 15:58:46 - CalibrationManager_PC - INFO - info:105 - [process=Enhanced N0 Optimization] Process completed: Enhanced N0 Optimization in 0.04s
2025-05-31 15:58:46 - CalibrationManager_PC - INFO - info:105 - [process=Enhanced N0 Optimization] Calculated reference values: {'Pref': 949.1088339100345, 'Aref': 19.037521911656153, 'Iref': 217.080660899654}
2025-05-31 15:58:47 - CalibrationManager_PC - INFO - info:105 - [process=Enhanced N0 Optimization] File save: data\output\PC\calibration\PC_calibration_diagnostics.png - success
2025-05-31 15:58:48 - CalibrationManager_PC - INFO - info:105 - [process=Enhanced N0 Optimization] File save: data\output\PC\calibration\PC_calibration_comparison.png - success
2025-05-31 15:58:48 - CalibrationManager_PC - INFO - info:105 - [process=Enhanced N0 Optimization] File save: data\output\PC\calibration\PC_calibration_debug_data.xlsx - success
2025-05-31 15:58:48 - CalibrationManager_PC - INFO - info:105 - [process=Enhanced N0 Optimization] File save: data\output\PC\calibration\PC_calibration_result.json - success
2025-05-31 15:58:48 - CalibrationManager_PC - INFO - info:105 - [process=Enhanced N0 Optimization] File save: data\output\PC\calibration\PC_Parameters.xlsx - success
2025-05-31 15:58:48 - CalibrationManager_PC - INFO - info:105 - [process=Enhanced N0 Optimization] Calibration completed successfully. N0 = 2641.75
2025-05-31 15:58:48 - CalibrationManager_PC - INFO - info:105 - [process=Enhanced N0 Optimization] Process completed: CRNP Calibration in 10.64s
2025-05-31 15:58:48 - CalibrationManager_PC - WARNING - warning:109 - [process=Enhanced N0 Optimization] Low R² value: -10.000
2025-05-31 15:58:48 - CalibrationManager_PC - INFO - info:105 - [process=Enhanced N0 Optimization] Calibration result validation passed
2025-05-31 15:58:48 - CalibrationManager_PC - INFO - info:105 - [process=Enhanced N0 Optimization] File save: data\output\PC\calibration\PC_calibration_report.txt - success
2025-05-31 15:58:48 - CalibrationManager_PC - INFO - info:105 - [process=Enhanced N0 Optimization] Process completed: Calibration for PC in 10.65s
2025-05-31 16:18:46 - CalibrationManager_PC - INFO - info:105 - [process=Calibration for PC] Process started: Calibration for PC
2025-05-31 16:18:46 - CalibrationManager_PC - INFO - info:105 - [process=Calibration for PC] Calibration period: 2024-08-17 to 2024-08-25
2025-05-31 16:18:46 - CalibrationManager_PC - INFO - info:105 - [process=Calibration for PC] All required data files found
2025-05-31 16:18:46 - CalibrationManager_PC - INFO - info:105 - [process=CRNP Calibration] Process started: CRNP Calibration (period=2024-08-17T00:00:00 to 2024-08-25T00:00:00)
2025-05-31 16:18:46 - CalibrationManager_PC - INFO - info:105 - [process=Loading calibration data] Process started: Loading calibration data
2025-05-31 16:18:46 - CalibrationManager_PC - INFO - info:105 - [process=Loading calibration data] Loading FDR data from data\output\PC\preprocessed\PC_FDR_input.xlsx
2025-05-31 16:18:51 - CalibrationManager_PC - INFO - info:105 - [process=Loading calibration data] Loading CRNP data from data\output\PC\preprocessed\PC_CRNP_input.xlsx
2025-05-31 16:18:51 - CalibrationManager_PC - INFO - info:105 - [process=Loading calibration data] Data loaded: FDR_Calibration - 6024 records
2025-05-31 16:18:51 - CalibrationManager_PC - INFO - info:105 - [process=Loading calibration data] Data loaded: CRNP_Calibration - 193 records
2025-05-31 16:18:51 - CalibrationManager_PC - INFO - info:105 - [process=Loading calibration data] Process completed: Loading calibration data in 5.86s
2025-05-31 16:18:51 - CalibrationManager_PC - INFO - info:105 - [process=Applying neutron corrections] Process started: Applying neutron corrections
2025-05-31 16:18:51 - CalibrationManager_PC - INFO - info:105 - [process=Neutron Corrections] Process started: Neutron Corrections
2025-05-31 16:18:51 - CalibrationManager_PC - INFO - info:105 - [process=Neutron Corrections] Downloading neutron flux data from MXCO
2025-05-31 16:18:53 - CalibrationManager_PC - INFO - info:105 - [process=Neutron Corrections] Incoming flux correction applied (Iref=217.24)
2025-05-31 16:18:53 - CalibrationManager_PC - INFO - info:105 - [process=Neutron Corrections] Pressure correction applied (Pref=949.22 hPa)
2025-05-31 16:18:53 - CalibrationManager_PC - INFO - info:105 - [process=Neutron Corrections] Humidity correction applied (Aref=19.4118 g/cm³)
2025-05-31 16:18:53 - CalibrationManager_PC - INFO - info:105 - [process=Neutron Corrections] Neutron correction statistics:
2025-05-31 16:18:53 - CalibrationManager_PC - INFO - info:105 - [process=Neutron Corrections]   fi: mean=1.0000, std=0.0067, range=[0.9870, 1.0160]
2025-05-31 16:18:53 - CalibrationManager_PC - INFO - info:105 - [process=Neutron Corrections]   fp: mean=1.0001, std=0.0158, range=[0.9797, 1.0530]
2025-05-31 16:18:53 - CalibrationManager_PC - INFO - info:105 - [process=Neutron Corrections]   fw: mean=1.0000, std=0.0088, range=[0.9849, 1.0184]
2025-05-31 16:18:53 - CalibrationManager_PC - INFO - info:105 - [process=Neutron Corrections]   fb: mean=1.0000, std=0.0000, range=[1.0000, 1.0000]
2025-05-31 16:18:53 - CalibrationManager_PC - INFO - info:105 - [process=Neutron Corrections] Neutron counts: raw=1502.0, corrected=1502.2, change=+0.01%
2025-05-31 16:18:53 - CalibrationManager_PC - INFO - info:105 - [process=Neutron Corrections] Process completed: Neutron Corrections in 1.70s
2025-05-31 16:18:53 - CalibrationManager_PC - WARNING - warning:109 - [process=Neutron Corrections] Removing 2 outliers from total_corrected_neutrons
2025-05-31 16:18:53 - CalibrationManager_PC - INFO - info:105 - [process=Neutron Corrections] Process completed: Applying neutron corrections in 1.70s
2025-05-31 16:18:53 - CalibrationManager_PC - INFO - info:105 - [process=Enhanced daily data matching] Process started: Enhanced daily data matching
2025-05-31 16:18:53 - CalibrationManager_PC - INFO - info:105 - [process=Enhanced daily data matching] Daily CRNP data: 9 days
2025-05-31 16:18:53 - CalibrationManager_PC - INFO - info:105 - [process=Enhanced daily data matching] Enhanced matching: 9 matched, 9 failed
2025-05-31 16:18:53 - CalibrationManager_PC - INFO - info:105 - [process=Enhanced daily data matching] Data loaded: Enhanced_Matched - 9 records
2025-05-31 16:18:53 - CalibrationManager_PC - INFO - info:105 - [process=Enhanced daily data matching] Field SM range: 0.297 ~ 0.310
2025-05-31 16:18:53 - CalibrationManager_PC - INFO - info:105 - [process=Enhanced daily data matching] Neutron range: 1420.2 ~ 1567.1
2025-05-31 16:18:53 - CalibrationManager_PC - INFO - info:105 - [process=Enhanced daily data matching] Field SM std: 0.0048, Neutron std: 57.8
2025-05-31 16:18:53 - CalibrationManager_PC - WARNING - warning:109 - [process=Enhanced daily data matching] ⚠️ Field SM variability is very low - may affect calibration quality
2025-05-31 16:18:53 - CalibrationManager_PC - INFO - info:105 - [process=Enhanced daily data matching] Process completed: Enhanced daily data matching in 0.03s
2025-05-31 16:18:53 - CalibrationManager_PC - INFO - info:105 - [process=Enhanced N0 Optimization] Process started: Enhanced N0 Optimization
2025-05-31 16:18:53 - CalibrationManager_PC - INFO - info:105 - [process=Enhanced N0 Optimization] Optimization parameters:
2025-05-31 16:18:53 - CalibrationManager_PC - INFO - info:105 - [process=Enhanced N0 Optimization]   Data points: 9
2025-05-31 16:18:53 - CalibrationManager_PC - INFO - info:105 - [process=Enhanced N0 Optimization]   Bulk density: 1.2
2025-05-31 16:18:53 - CalibrationManager_PC - INFO - info:105 - [process=Enhanced N0 Optimization]   Lattice water: 0.0340
2025-05-31 16:18:53 - CalibrationManager_PC - INFO - info:105 - [process=Enhanced N0 Optimization]   Field SM range: 0.297 - 0.310
2025-05-31 16:18:53 - CalibrationManager_PC - INFO - info:105 - [process=Enhanced N0 Optimization]   Neutron range: 1420.2 - 1567.1
2025-05-31 16:18:53 - CalibrationManager_PC - INFO - info:105 - [process=Enhanced N0 Optimization] Testing N0 values:
2025-05-31 16:18:53 - CalibrationManager_PC - INFO - info:105 - [process=Enhanced N0 Optimization] Best initial N0: 2625 (RMSE: 0.0482)
2025-05-31 16:18:53 - CalibrationManager_PC - INFO - info:105 - [process=Enhanced N0 Optimization] Starting optimization from N0=2625
2025-05-31 16:18:53 - CalibrationManager_PC - INFO - info:105 - [process=Enhanced N0 Optimization] Performance calculation details:
2025-05-31 16:18:53 - CalibrationManager_PC - INFO - info:105 - [process=Enhanced N0 Optimization]   Observed: mean=0.304231, std=0.004496, var=0.000020
2025-05-31 16:18:53 - CalibrationManager_PC - INFO - info:105 - [process=Enhanced N0 Optimization]   Predicted: mean=0.296225, std=0.050525
2025-05-31 16:18:53 - CalibrationManager_PC - INFO - info:105 - [process=Enhanced N0 Optimization]   Correlation: 0.797160
2025-05-31 16:18:53 - CalibrationManager_PC - INFO - info:105 - [process=Enhanced N0 Optimization]   RMSE: 0.047697, MAE: 0.043686
2025-05-31 16:18:53 - CalibrationManager_PC - WARNING - warning:109 - [process=Enhanced N0 Optimization]   Very low variability, using relative error method: 0.608056 (rel_rmse=0.156778)
2025-05-31 16:18:53 - CalibrationManager_PC - INFO - info:105 - [process=Enhanced N0 Optimization]   Final R² = 0.608056 (method: relative_error_based)
2025-05-31 16:18:53 - CalibrationManager_PC - WARNING - warning:109 - [process=Enhanced N0 Optimization]   Very low observed variability may limit calibration quality
2025-05-31 16:18:53 - CalibrationManager_PC - ERROR - error:113 - [process=Enhanced N0 Optimization] Error in Enhanced N0 Optimization (duration: 0.04s): ValueError: Unknown format code 'f' for object of type 'str'
2025-05-31 16:18:53 - CalibrationManager_PC - ERROR - error:113 - [process=Enhanced N0 Optimization] Error in Calibration process: ValueError: Unknown format code 'f' for object of type 'str'
2025-05-31 16:18:53 - CalibrationManager_PC - ERROR - error:113 - [process=Enhanced N0 Optimization] Error in CRNP Calibration (duration: 7.64s): ValueError: Unknown format code 'f' for object of type 'str'
2025-05-31 16:18:53 - CalibrationManager_PC - ERROR - error:113 - [process=Enhanced N0 Optimization] Error in Calibration for PC: ValueError: Unknown format code 'f' for object of type 'str'
2025-05-31 16:18:53 - CalibrationManager_PC - ERROR - error:113 - [process=Enhanced N0 Optimization] Error in Calibration for PC (duration: 7.64s): ValueError: Unknown format code 'f' for object of type 'str'
2025-05-31 16:32:41 - CalibrationManager_PC - INFO - info:105 - [process=Calibration for PC] Process started: Calibration for PC
2025-05-31 16:32:41 - CalibrationManager_PC - INFO - info:105 - [process=Calibration for PC] Calibration period: 2024-08-17 to 2024-08-25
2025-05-31 16:32:41 - CalibrationManager_PC - INFO - info:105 - [process=Calibration for PC] All required data files found
2025-05-31 16:32:41 - CalibrationManager_PC - INFO - info:105 - [process=CRNP Calibration] Process started: CRNP Calibration (period=2024-08-17T00:00:00 to 2024-08-25T00:00:00)
2025-05-31 16:32:41 - CalibrationManager_PC - INFO - info:105 - [process=Loading calibration data] Process started: Loading calibration data
2025-05-31 16:32:41 - CalibrationManager_PC - INFO - info:105 - [process=Loading calibration data] Loading FDR data from data\output\PC\preprocessed\PC_FDR_input.xlsx
2025-05-31 16:32:46 - CalibrationManager_PC - INFO - info:105 - [process=Loading calibration data] Loading CRNP data from data\output\PC\preprocessed\PC_CRNP_input.xlsx
2025-05-31 16:32:46 - CalibrationManager_PC - INFO - info:105 - [process=Loading calibration data] Data loaded: FDR_Calibration - 6024 records
2025-05-31 16:32:46 - CalibrationManager_PC - INFO - info:105 - [process=Loading calibration data] Data loaded: CRNP_Calibration - 193 records
2025-05-31 16:32:46 - CalibrationManager_PC - INFO - info:105 - [process=Loading calibration data] Process completed: Loading calibration data in 5.85s
2025-05-31 16:32:46 - CalibrationManager_PC - INFO - info:105 - [process=Applying neutron corrections] Process started: Applying neutron corrections
2025-05-31 16:32:46 - CalibrationManager_PC - INFO - info:105 - [process=Neutron Corrections] Process started: Neutron Corrections
2025-05-31 16:32:46 - CalibrationManager_PC - INFO - info:105 - [process=Neutron Corrections] Downloading neutron flux data from MXCO
2025-05-31 16:32:48 - CalibrationManager_PC - INFO - info:105 - [process=Neutron Corrections] Incoming flux correction applied (Iref=217.24)
2025-05-31 16:32:48 - CalibrationManager_PC - INFO - info:105 - [process=Neutron Corrections] Pressure correction applied (Pref=949.22 hPa)
2025-05-31 16:32:48 - CalibrationManager_PC - INFO - info:105 - [process=Neutron Corrections] Humidity correction applied (Aref=19.4118 g/cm³)
2025-05-31 16:32:48 - CalibrationManager_PC - INFO - info:105 - [process=Neutron Corrections] Neutron correction statistics:
2025-05-31 16:32:48 - CalibrationManager_PC - INFO - info:105 - [process=Neutron Corrections]   fi: mean=1.0000, std=0.0067, range=[0.9870, 1.0160]
2025-05-31 16:32:48 - CalibrationManager_PC - INFO - info:105 - [process=Neutron Corrections]   fp: mean=1.0001, std=0.0158, range=[0.9797, 1.0530]
2025-05-31 16:32:48 - CalibrationManager_PC - INFO - info:105 - [process=Neutron Corrections]   fw: mean=1.0000, std=0.0088, range=[0.9849, 1.0184]
2025-05-31 16:32:48 - CalibrationManager_PC - INFO - info:105 - [process=Neutron Corrections]   fb: mean=1.0000, std=0.0000, range=[1.0000, 1.0000]
2025-05-31 16:32:48 - CalibrationManager_PC - INFO - info:105 - [process=Neutron Corrections] Neutron counts: raw=1502.0, corrected=1502.2, change=+0.01%
2025-05-31 16:32:48 - CalibrationManager_PC - INFO - info:105 - [process=Neutron Corrections] Process completed: Neutron Corrections in 1.69s
2025-05-31 16:32:48 - CalibrationManager_PC - WARNING - warning:109 - [process=Neutron Corrections] Removing 2 outliers from total_corrected_neutrons
2025-05-31 16:32:48 - CalibrationManager_PC - INFO - info:105 - [process=Neutron Corrections] Process completed: Applying neutron corrections in 1.69s
2025-05-31 16:32:48 - CalibrationManager_PC - INFO - info:105 - [process=Enhanced daily data matching] Process started: Enhanced daily data matching
2025-05-31 16:32:48 - CalibrationManager_PC - INFO - info:105 - [process=Enhanced daily data matching] Daily CRNP data: 9 days
2025-05-31 16:32:48 - CalibrationManager_PC - INFO - info:105 - [process=Enhanced daily data matching] Enhanced matching: 9 matched, 9 failed
2025-05-31 16:32:48 - CalibrationManager_PC - INFO - info:105 - [process=Enhanced daily data matching] Data loaded: Enhanced_Matched - 9 records
2025-05-31 16:32:48 - CalibrationManager_PC - INFO - info:105 - [process=Enhanced daily data matching] Field SM range: 0.297 ~ 0.310
2025-05-31 16:32:48 - CalibrationManager_PC - INFO - info:105 - [process=Enhanced daily data matching] Neutron range: 1420.2 ~ 1567.1
2025-05-31 16:32:48 - CalibrationManager_PC - INFO - info:105 - [process=Enhanced daily data matching] Field SM std: 0.0048, Neutron std: 57.8
2025-05-31 16:32:48 - CalibrationManager_PC - WARNING - warning:109 - [process=Enhanced daily data matching] ⚠️ Field SM variability is very low - may affect calibration quality
2025-05-31 16:32:48 - CalibrationManager_PC - INFO - info:105 - [process=Enhanced daily data matching] Process completed: Enhanced daily data matching in 0.03s
2025-05-31 16:32:48 - CalibrationManager_PC - INFO - info:105 - [process=Enhanced N0 Optimization] Process started: Enhanced N0 Optimization
2025-05-31 16:32:48 - CalibrationManager_PC - INFO - info:105 - [process=Enhanced N0 Optimization] Optimization parameters:
2025-05-31 16:32:48 - CalibrationManager_PC - INFO - info:105 - [process=Enhanced N0 Optimization]   Data points: 9
2025-05-31 16:32:48 - CalibrationManager_PC - INFO - info:105 - [process=Enhanced N0 Optimization]   Bulk density: 1.2
2025-05-31 16:32:48 - CalibrationManager_PC - INFO - info:105 - [process=Enhanced N0 Optimization]   Lattice water: 0.0340
2025-05-31 16:32:48 - CalibrationManager_PC - INFO - info:105 - [process=Enhanced N0 Optimization]   Field SM range: 0.297 - 0.310
2025-05-31 16:32:48 - CalibrationManager_PC - INFO - info:105 - [process=Enhanced N0 Optimization]   Neutron range: 1420.2 - 1567.1
2025-05-31 16:32:48 - CalibrationManager_PC - INFO - info:105 - [process=Enhanced N0 Optimization] Testing N0 values:
2025-05-31 16:32:48 - CalibrationManager_PC - INFO - info:105 - [process=Enhanced N0 Optimization] Best initial N0: 2625 (RMSE: 0.0482)
2025-05-31 16:32:48 - CalibrationManager_PC - INFO - info:105 - [process=Enhanced N0 Optimization] Starting optimization from N0=2625
2025-05-31 16:32:48 - CalibrationManager_PC - INFO - info:105 - [process=Enhanced N0 Optimization] Performance calculation details:
2025-05-31 16:32:48 - CalibrationManager_PC - INFO - info:105 - [process=Enhanced N0 Optimization]   Observed: mean=0.304231, std=0.004496, var=0.000020
2025-05-31 16:32:48 - CalibrationManager_PC - INFO - info:105 - [process=Enhanced N0 Optimization]   Predicted: mean=0.296225, std=0.050525
2025-05-31 16:32:48 - CalibrationManager_PC - INFO - info:105 - [process=Enhanced N0 Optimization]   Correlation: 0.797160
2025-05-31 16:32:48 - CalibrationManager_PC - INFO - info:105 - [process=Enhanced N0 Optimization]   RMSE: 0.047697, MAE: 0.043686
2025-05-31 16:32:48 - CalibrationManager_PC - WARNING - warning:109 - [process=Enhanced N0 Optimization]   Very low variability, using relative error method: 0.608056 (rel_rmse=0.156778)
2025-05-31 16:32:48 - CalibrationManager_PC - INFO - info:105 - [process=Enhanced N0 Optimization]   Final R² = 0.608056 (method: relative_error_based)
2025-05-31 16:32:48 - CalibrationManager_PC - WARNING - warning:109 - [process=Enhanced N0 Optimization]   Very low observed variability may limit calibration quality
2025-05-31 16:32:48 - CalibrationManager_PC - INFO - log_calibration_result:171 - Calibration result: N0=2612.86, R2=0.6080558729615713, RMSE=0.04769656489543493, MAE=0.043685842449156534, NSE=0.6080558729615713, Bias=-0.008005986739899548, Correlation=0.7971596789110409, n_samples=9, obs_std=0.004495712946793805, pred_std=0.05052523986653346, obs_mean=0.304230639044366, pred_mean=0.2962246523044664, method_used=relative_error_based
2025-05-31 16:32:48 - CalibrationManager_PC - INFO - info:105 - [process=Enhanced N0 Optimization] Process completed: Enhanced N0 Optimization in 0.04s
2025-05-31 16:32:48 - CalibrationManager_PC - INFO - info:105 - [process=Enhanced N0 Optimization] Calculated reference values: {'Pref': 949.2221393782385, 'Aref': 19.411819509476345, 'Iref': 217.23834715025905}
2025-05-31 16:32:50 - CalibrationManager_PC - INFO - info:105 - [process=Enhanced N0 Optimization] File save: data\output\PC\calibration\PC_calibration_diagnostics.png - success
2025-05-31 16:32:51 - CalibrationManager_PC - INFO - info:105 - [process=Enhanced N0 Optimization] File save: data\output\PC\calibration\PC_calibration_comparison.png - success
2025-05-31 16:32:51 - CalibrationManager_PC - INFO - info:105 - [process=Enhanced N0 Optimization] File save: data\output\PC\calibration\PC_calibration_debug_data.xlsx - success
2025-05-31 16:32:51 - CalibrationManager_PC - INFO - info:105 - [process=Enhanced N0 Optimization] File save: data\output\PC\calibration\PC_calibration_result.json - success
2025-05-31 16:32:51 - CalibrationManager_PC - INFO - info:105 - [process=Enhanced N0 Optimization] File save: data\output\PC\calibration\PC_Parameters.xlsx - success
2025-05-31 16:32:51 - CalibrationManager_PC - INFO - info:105 - [process=Enhanced N0 Optimization] Calibration completed successfully. N0 = 2612.86
2025-05-31 16:32:51 - CalibrationManager_PC - INFO - info:105 - [process=Enhanced N0 Optimization] Process completed: CRNP Calibration in 10.11s
2025-05-31 16:32:51 - CalibrationManager_PC - INFO - info:105 - [process=Enhanced N0 Optimization] Calibration result validation passed
2025-05-31 16:32:51 - CalibrationManager_PC - INFO - info:105 - [process=Enhanced N0 Optimization] File save: data\output\PC\calibration\PC_calibration_report.txt - success
2025-05-31 16:32:51 - CalibrationManager_PC - INFO - info:105 - [process=Enhanced N0 Optimization] Process completed: Calibration for PC in 10.11s
2025-05-31 16:36:30 - CalibrationManager_PC - INFO - info:105 - [process=Calibration for PC] Process started: Calibration for PC
2025-05-31 16:36:30 - CalibrationManager_PC - INFO - info:105 - [process=Calibration for PC] Calibration period: 2024-08-01 to 2024-08-31
2025-05-31 16:36:30 - CalibrationManager_PC - INFO - info:105 - [process=Calibration for PC] All required data files found
2025-05-31 16:36:30 - CalibrationManager_PC - INFO - info:105 - [process=CRNP Calibration] Process started: CRNP Calibration (period=2024-08-01T00:00:00 to 2024-08-31T00:00:00)
2025-05-31 16:36:30 - CalibrationManager_PC - INFO - info:105 - [process=Loading calibration data] Process started: Loading calibration data
2025-05-31 16:36:30 - CalibrationManager_PC - INFO - info:105 - [process=Loading calibration data] Loading FDR data from data\output\PC\preprocessed\PC_FDR_input.xlsx
2025-05-31 16:36:36 - CalibrationManager_PC - INFO - info:105 - [process=Loading calibration data] Loading CRNP data from data\output\PC\preprocessed\PC_CRNP_input.xlsx
2025-05-31 16:36:36 - CalibrationManager_PC - INFO - info:105 - [process=Loading calibration data] Data loaded: FDR_Calibration - 22194 records
2025-05-31 16:36:36 - CalibrationManager_PC - INFO - info:105 - [process=Loading calibration data] Data loaded: CRNP_Calibration - 709 records
2025-05-31 16:36:36 - CalibrationManager_PC - INFO - info:105 - [process=Loading calibration data] Process completed: Loading calibration data in 6.00s
2025-05-31 16:36:36 - CalibrationManager_PC - INFO - info:105 - [process=Applying neutron corrections] Process started: Applying neutron corrections
2025-05-31 16:36:36 - CalibrationManager_PC - INFO - info:105 - [process=Neutron Corrections] Process started: Neutron Corrections
2025-05-31 16:36:36 - CalibrationManager_PC - INFO - info:105 - [process=Neutron Corrections] Downloading neutron flux data from MXCO
2025-05-31 16:36:38 - CalibrationManager_PC - INFO - info:105 - [process=Neutron Corrections] Incoming flux correction applied (Iref=216.38)
2025-05-31 16:36:38 - CalibrationManager_PC - INFO - info:105 - [process=Neutron Corrections] Pressure correction applied (Pref=947.80 hPa)
2025-05-31 16:36:38 - CalibrationManager_PC - INFO - info:105 - [process=Neutron Corrections] Humidity correction applied (Aref=19.0595 g/cm³)
2025-05-31 16:36:38 - CalibrationManager_PC - INFO - info:105 - [process=Neutron Corrections] Neutron correction statistics:
2025-05-31 16:36:38 - CalibrationManager_PC - INFO - info:105 - [process=Neutron Corrections]   fi: mean=1.0000, std=0.0095, range=[0.9673, 1.0201]
2025-05-31 16:36:38 - CalibrationManager_PC - INFO - info:105 - [process=Neutron Corrections]   fp: mean=1.0001, std=0.0171, range=[0.9690, 1.0415]
2025-05-31 16:36:38 - CalibrationManager_PC - INFO - info:105 - [process=Neutron Corrections]   fw: mean=1.0000, std=0.0098, range=[0.9719, 1.0225]
2025-05-31 16:36:38 - CalibrationManager_PC - INFO - info:105 - [process=Neutron Corrections]   fb: mean=1.0000, std=0.0000, range=[1.0000, 1.0000]
2025-05-31 16:36:38 - CalibrationManager_PC - INFO - info:105 - [process=Neutron Corrections] Neutron counts: raw=1465.7, corrected=1465.7, change=+0.00%
2025-05-31 16:36:38 - CalibrationManager_PC - INFO - info:105 - [process=Neutron Corrections] Process completed: Neutron Corrections in 1.80s
2025-05-31 16:36:38 - CalibrationManager_PC - WARNING - warning:109 - [process=Neutron Corrections] Removing 13 outliers from total_corrected_neutrons
2025-05-31 16:36:38 - CalibrationManager_PC - INFO - info:105 - [process=Neutron Corrections] Process completed: Applying neutron corrections in 1.80s
2025-05-31 16:36:38 - CalibrationManager_PC - INFO - info:105 - [process=Enhanced daily data matching] Process started: Enhanced daily data matching
2025-05-31 16:36:38 - CalibrationManager_PC - INFO - info:105 - [process=Enhanced daily data matching] Daily CRNP data: 31 days
2025-05-31 16:36:38 - CalibrationManager_PC - INFO - info:105 - [process=Enhanced daily data matching] Enhanced matching: 31 matched, 31 failed
2025-05-31 16:36:38 - CalibrationManager_PC - INFO - info:105 - [process=Enhanced daily data matching] Data loaded: Enhanced_Matched - 31 records
2025-05-31 16:36:38 - CalibrationManager_PC - INFO - info:105 - [process=Enhanced daily data matching] Field SM range: 0.297 ~ 0.334
2025-05-31 16:36:38 - CalibrationManager_PC - INFO - info:105 - [process=Enhanced daily data matching] Neutron range: 1359.4 ~ 1569.8
2025-05-31 16:36:38 - CalibrationManager_PC - INFO - info:105 - [process=Enhanced daily data matching] Field SM std: 0.0103, Neutron std: 61.1
2025-05-31 16:36:38 - CalibrationManager_PC - INFO - info:105 - [process=Enhanced daily data matching] Process completed: Enhanced daily data matching in 0.16s
2025-05-31 16:36:38 - CalibrationManager_PC - INFO - info:105 - [process=Enhanced N0 Optimization] Process started: Enhanced N0 Optimization
2025-05-31 16:36:38 - CalibrationManager_PC - INFO - info:105 - [process=Enhanced N0 Optimization] Optimization parameters:
2025-05-31 16:36:38 - CalibrationManager_PC - INFO - info:105 - [process=Enhanced N0 Optimization]   Data points: 31
2025-05-31 16:36:38 - CalibrationManager_PC - INFO - info:105 - [process=Enhanced N0 Optimization]   Bulk density: 1.2
2025-05-31 16:36:38 - CalibrationManager_PC - INFO - info:105 - [process=Enhanced N0 Optimization]   Lattice water: 0.0340
2025-05-31 16:36:38 - CalibrationManager_PC - INFO - info:105 - [process=Enhanced N0 Optimization]   Field SM range: 0.297 - 0.334
2025-05-31 16:36:38 - CalibrationManager_PC - INFO - info:105 - [process=Enhanced N0 Optimization]   Neutron range: 1359.4 - 1569.8
2025-05-31 16:36:38 - CalibrationManager_PC - INFO - info:105 - [process=Enhanced N0 Optimization] Testing N0 values:
2025-05-31 16:36:38 - CalibrationManager_PC - INFO - info:105 - [process=Enhanced N0 Optimization] Best initial N0: 2625 (RMSE: 0.0619)
2025-05-31 16:36:38 - CalibrationManager_PC - INFO - info:105 - [process=Enhanced N0 Optimization] Starting optimization from N0=2625
2025-05-31 16:36:38 - CalibrationManager_PC - INFO - info:105 - [process=Enhanced N0 Optimization] Performance calculation details:
2025-05-31 16:36:38 - CalibrationManager_PC - INFO - info:105 - [process=Enhanced N0 Optimization]   Observed: mean=0.314988, std=0.010116, var=0.000102
2025-05-31 16:36:38 - CalibrationManager_PC - INFO - info:105 - [process=Enhanced N0 Optimization]   Predicted: mean=0.305480, std=0.058107
2025-05-31 16:36:38 - CalibrationManager_PC - INFO - info:105 - [process=Enhanced N0 Optimization]   Correlation: 0.868484
2025-05-31 16:36:38 - CalibrationManager_PC - INFO - info:105 - [process=Enhanced N0 Optimization]   RMSE: 0.050480, MAE: 0.043056
2025-05-31 16:36:38 - CalibrationManager_PC - WARNING - warning:109 - [process=Enhanced N0 Optimization]   Traditional R² out of range (-23.902698), using correlation²
2025-05-31 16:36:38 - CalibrationManager_PC - INFO - info:105 - [process=Enhanced N0 Optimization]   Final R² = 0.754265 (method: correlation_squared_fallback)
2025-05-31 16:36:38 - CalibrationManager_PC - INFO - log_calibration_result:171 - Calibration result: N0=2566.23, R2=0.7542646770106969, RMSE=0.05047965487793096, MAE=0.04305550739922388, NSE=0.7542646770106969, Bias=-0.009507997218411012, Correlation=0.868484125940536, n_samples=31, obs_std=0.010115635535787555, pred_std=0.05810715462316061, obs_mean=0.31498779568865537, pred_mean=0.3054797984702444, method_used=correlation_squared_fallback
2025-05-31 16:36:38 - CalibrationManager_PC - INFO - info:105 - [process=Enhanced N0 Optimization] Process completed: Enhanced N0 Optimization in 0.04s
2025-05-31 16:36:38 - CalibrationManager_PC - INFO - info:105 - [process=Enhanced N0 Optimization] Calculated reference values: {'Pref': 947.796802961918, 'Aref': 19.0594720423922, 'Iref': 216.37507898448516}
2025-05-31 16:36:40 - CalibrationManager_PC - INFO - info:105 - [process=Enhanced N0 Optimization] File save: data\output\PC\calibration\PC_calibration_diagnostics.png - success
2025-05-31 16:36:40 - CalibrationManager_PC - INFO - info:105 - [process=Enhanced N0 Optimization] File save: data\output\PC\calibration\PC_calibration_comparison.png - success
2025-05-31 16:36:40 - CalibrationManager_PC - INFO - info:105 - [process=Enhanced N0 Optimization] File save: data\output\PC\calibration\PC_calibration_debug_data.xlsx - success
2025-05-31 16:36:40 - CalibrationManager_PC - INFO - info:105 - [process=Enhanced N0 Optimization] File save: data\output\PC\calibration\PC_calibration_result.json - success
2025-05-31 16:36:40 - CalibrationManager_PC - INFO - info:105 - [process=Enhanced N0 Optimization] File save: data\output\PC\calibration\PC_Parameters.xlsx - success
2025-05-31 16:36:40 - CalibrationManager_PC - INFO - info:105 - [process=Enhanced N0 Optimization] Calibration completed successfully. N0 = 2566.23
2025-05-31 16:36:40 - CalibrationManager_PC - INFO - info:105 - [process=Enhanced N0 Optimization] Process completed: CRNP Calibration in 10.46s
2025-05-31 16:36:40 - CalibrationManager_PC - INFO - info:105 - [process=Enhanced N0 Optimization] Calibration result validation passed
2025-05-31 16:36:40 - CalibrationManager_PC - INFO - info:105 - [process=Enhanced N0 Optimization] File save: data\output\PC\calibration\PC_calibration_report.txt - success
2025-05-31 16:36:40 - CalibrationManager_PC - INFO - info:105 - [process=Enhanced N0 Optimization] Process completed: Calibration for PC in 10.47s
2025-05-31 16:59:58 - CalibrationManager_PC - INFO - info:105 - Loaded calibration parameters (N0=2566.23)
2025-05-31 17:14:05 - CalibrationManager_PC - INFO - info:105 - Loaded calibration parameters (N0=2566.23)
2025-05-31 18:30:40 - CalibrationManager_PC - INFO - info:105 - Loaded calibration parameters (N0=2566.23)
2025-05-31 22:53:43 - CalibrationManager_PC - INFO - info:105 - Loaded calibration parameters (N0=2566.23)
2025-05-31 22:55:24 - CalibrationManager_PC - INFO - info:105 - [process=Calibration for PC] Process started: Calibration for PC
2025-05-31 22:55:24 - CalibrationManager_PC - INFO - info:105 - [process=Calibration for PC] Calibration period: 2024-08-17 to 2024-08-25
2025-05-31 22:55:24 - CalibrationManager_PC - INFO - info:105 - [process=Calibration for PC] All required data files found
2025-05-31 22:55:24 - CalibrationManager_PC - INFO - info:105 - [process=CRNP Calibration] Process started: CRNP Calibration (period=2024-08-17T00:00:00 to 2024-08-25T00:00:00)
2025-05-31 22:55:24 - CalibrationManager_PC - INFO - info:105 - [process=Loading calibration data] Process started: Loading calibration data
2025-05-31 22:55:24 - CalibrationManager_PC - INFO - info:105 - [process=Loading calibration data] Loading FDR data from data\output\PC\preprocessed\PC_FDR_input.xlsx
2025-05-31 22:55:30 - CalibrationManager_PC - INFO - info:105 - [process=Loading calibration data] Loading CRNP data from data\output\PC\preprocessed\PC_CRNP_input.xlsx
2025-05-31 22:55:30 - CalibrationManager_PC - INFO - info:105 - [process=Loading calibration data] Data loaded: FDR_Calibration - 6024 records
2025-05-31 22:55:30 - CalibrationManager_PC - INFO - info:105 - [process=Loading calibration data] Data loaded: CRNP_Calibration - 193 records
2025-05-31 22:55:30 - CalibrationManager_PC - INFO - info:105 - [process=Loading calibration data] Process completed: Loading calibration data in 5.83s
2025-05-31 22:55:30 - CalibrationManager_PC - INFO - info:105 - [process=Applying neutron corrections] Process started: Applying neutron corrections
2025-05-31 22:55:30 - CalibrationManager_PC - INFO - info:105 - [process=Neutron Corrections] Process started: Neutron Corrections
2025-05-31 22:55:30 - CalibrationManager_PC - INFO - info:105 - [process=Neutron Corrections] Downloading neutron flux data from MXCO
2025-05-31 22:55:32 - CalibrationManager_PC - INFO - info:105 - [process=Neutron Corrections] Incoming flux correction applied (Iref=217.24)
2025-05-31 22:55:32 - CalibrationManager_PC - INFO - info:105 - [process=Neutron Corrections] Pressure correction applied (Pref=949.22 hPa)
2025-05-31 22:55:32 - CalibrationManager_PC - INFO - info:105 - [process=Neutron Corrections] Humidity correction applied (Aref=19.4118 g/cm³)
2025-05-31 22:55:32 - CalibrationManager_PC - INFO - info:105 - [process=Neutron Corrections] Neutron correction statistics:
2025-05-31 22:55:32 - CalibrationManager_PC - INFO - info:105 - [process=Neutron Corrections]   fi: mean=1.0000, std=0.0067, range=[0.9870, 1.0160]
2025-05-31 22:55:32 - CalibrationManager_PC - INFO - info:105 - [process=Neutron Corrections]   fp: mean=1.0001, std=0.0158, range=[0.9797, 1.0530]
2025-05-31 22:55:32 - CalibrationManager_PC - INFO - info:105 - [process=Neutron Corrections]   fw: mean=1.0000, std=0.0088, range=[0.9849, 1.0184]
2025-05-31 22:55:32 - CalibrationManager_PC - INFO - info:105 - [process=Neutron Corrections]   fb: mean=1.0000, std=0.0000, range=[1.0000, 1.0000]
2025-05-31 22:55:32 - CalibrationManager_PC - INFO - info:105 - [process=Neutron Corrections] Neutron counts: raw=1502.0, corrected=1502.2, change=+0.01%
2025-05-31 22:55:32 - CalibrationManager_PC - INFO - info:105 - [process=Neutron Corrections] Process completed: Neutron Corrections in 1.50s
2025-05-31 22:55:32 - CalibrationManager_PC - WARNING - warning:109 - [process=Neutron Corrections] Removing 2 outliers from total_corrected_neutrons
2025-05-31 22:55:32 - CalibrationManager_PC - INFO - info:105 - [process=Neutron Corrections] Process completed: Applying neutron corrections in 1.50s
2025-05-31 22:55:32 - CalibrationManager_PC - INFO - info:105 - [process=Enhanced daily data matching] Process started: Enhanced daily data matching
2025-05-31 22:55:32 - CalibrationManager_PC - INFO - info:105 - [process=Enhanced daily data matching] Daily CRNP data: 9 days
2025-05-31 22:55:32 - CalibrationManager_PC - INFO - info:105 - [process=Enhanced daily data matching] Enhanced matching: 9 matched, 9 failed
2025-05-31 22:55:32 - CalibrationManager_PC - INFO - info:105 - [process=Enhanced daily data matching] Data loaded: Enhanced_Matched - 9 records
2025-05-31 22:55:32 - CalibrationManager_PC - INFO - info:105 - [process=Enhanced daily data matching] Field SM range: 0.297 ~ 0.310
2025-05-31 22:55:32 - CalibrationManager_PC - INFO - info:105 - [process=Enhanced daily data matching] Neutron range: 1420.2 ~ 1567.1
2025-05-31 22:55:32 - CalibrationManager_PC - INFO - info:105 - [process=Enhanced daily data matching] Field SM std: 0.0048, Neutron std: 57.8
2025-05-31 22:55:32 - CalibrationManager_PC - WARNING - warning:109 - [process=Enhanced daily data matching] ⚠️ Field SM variability is very low - may affect calibration quality
2025-05-31 22:55:32 - CalibrationManager_PC - INFO - info:105 - [process=Enhanced daily data matching] Process completed: Enhanced daily data matching in 0.03s
2025-05-31 22:55:32 - CalibrationManager_PC - INFO - info:105 - [process=Enhanced N0 Optimization] Process started: Enhanced N0 Optimization
2025-05-31 22:55:32 - CalibrationManager_PC - INFO - info:105 - [process=Enhanced N0 Optimization] Optimization parameters:
2025-05-31 22:55:32 - CalibrationManager_PC - INFO - info:105 - [process=Enhanced N0 Optimization]   Data points: 9
2025-05-31 22:55:32 - CalibrationManager_PC - INFO - info:105 - [process=Enhanced N0 Optimization]   Bulk density: 1.2
2025-05-31 22:55:32 - CalibrationManager_PC - INFO - info:105 - [process=Enhanced N0 Optimization]   Lattice water: 0.0340
2025-05-31 22:55:32 - CalibrationManager_PC - INFO - info:105 - [process=Enhanced N0 Optimization]   Field SM range: 0.297 - 0.310
2025-05-31 22:55:32 - CalibrationManager_PC - INFO - info:105 - [process=Enhanced N0 Optimization]   Neutron range: 1420.2 - 1567.1
2025-05-31 22:55:32 - CalibrationManager_PC - INFO - info:105 - [process=Enhanced N0 Optimization] Testing N0 values:
2025-05-31 22:55:32 - CalibrationManager_PC - INFO - info:105 - [process=Enhanced N0 Optimization] Best initial N0: 2625 (RMSE: 0.0482)
2025-05-31 22:55:32 - CalibrationManager_PC - INFO - info:105 - [process=Enhanced N0 Optimization] Starting optimization from N0=2625
2025-05-31 22:55:32 - CalibrationManager_PC - INFO - info:105 - [process=Enhanced N0 Optimization] Performance calculation details:
2025-05-31 22:55:32 - CalibrationManager_PC - INFO - info:105 - [process=Enhanced N0 Optimization]   Observed: mean=0.304231, std=0.004496, var=0.000020
2025-05-31 22:55:32 - CalibrationManager_PC - INFO - info:105 - [process=Enhanced N0 Optimization]   Predicted: mean=0.296225, std=0.050525
2025-05-31 22:55:32 - CalibrationManager_PC - INFO - info:105 - [process=Enhanced N0 Optimization]   Correlation: 0.797160
2025-05-31 22:55:32 - CalibrationManager_PC - INFO - info:105 - [process=Enhanced N0 Optimization]   RMSE: 0.047697, MAE: 0.043686
2025-05-31 22:55:32 - CalibrationManager_PC - WARNING - warning:109 - [process=Enhanced N0 Optimization]   Very low variability, using relative error method: 0.608056 (rel_rmse=0.156778)
2025-05-31 22:55:32 - CalibrationManager_PC - INFO - info:105 - [process=Enhanced N0 Optimization]   Final R² = 0.608056 (method: relative_error_based)
2025-05-31 22:55:32 - CalibrationManager_PC - WARNING - warning:109 - [process=Enhanced N0 Optimization]   Very low observed variability may limit calibration quality
2025-05-31 22:55:32 - CalibrationManager_PC - INFO - log_calibration_result:171 - Calibration result: N0=2612.86, R2=0.6080558729615713, RMSE=0.04769656489543493, MAE=0.043685842449156534, NSE=0.6080558729615713, Bias=-0.008005986739899548, Correlation=0.7971596789110409, n_samples=9, obs_std=0.004495712946793805, pred_std=0.05052523986653346, obs_mean=0.304230639044366, pred_mean=0.2962246523044664, method_used=relative_error_based
2025-05-31 22:55:32 - CalibrationManager_PC - INFO - info:105 - [process=Enhanced N0 Optimization] Process completed: Enhanced N0 Optimization in 0.04s
2025-05-31 22:55:32 - CalibrationManager_PC - INFO - info:105 - [process=Enhanced N0 Optimization] Calculated reference values: {'Pref': 949.2221393782385, 'Aref': 19.411819509476345, 'Iref': 217.23834715025905}
2025-05-31 22:55:34 - CalibrationManager_PC - INFO - info:105 - [process=Enhanced N0 Optimization] File save: data\output\PC\calibration\PC_calibration_diagnostics.png - success
2025-05-31 22:55:35 - CalibrationManager_PC - INFO - info:105 - [process=Enhanced N0 Optimization] File save: data\output\PC\calibration\PC_calibration_comparison.png - success
2025-05-31 22:55:35 - CalibrationManager_PC - INFO - info:105 - [process=Enhanced N0 Optimization] File save: data\output\PC\calibration\PC_calibration_debug_data.xlsx - success
2025-05-31 22:55:35 - CalibrationManager_PC - INFO - info:105 - [process=Enhanced N0 Optimization] File save: data\output\PC\calibration\PC_calibration_result.json - success
2025-05-31 22:55:35 - CalibrationManager_PC - INFO - info:105 - [process=Enhanced N0 Optimization] File save: data\output\PC\calibration\PC_Parameters.xlsx - success
2025-05-31 22:55:35 - CalibrationManager_PC - INFO - info:105 - [process=Enhanced N0 Optimization] Calibration completed successfully. N0 = 2612.86
2025-05-31 22:55:35 - CalibrationManager_PC - INFO - info:105 - [process=Enhanced N0 Optimization] Process completed: CRNP Calibration in 10.45s
2025-05-31 22:55:35 - CalibrationManager_PC - INFO - info:105 - [process=Enhanced N0 Optimization] Calibration result validation passed
2025-05-31 22:55:35 - CalibrationManager_PC - INFO - info:105 - [process=Enhanced N0 Optimization] File save: data\output\PC\calibration\PC_calibration_report.txt - success
2025-05-31 22:55:35 - CalibrationManager_PC - INFO - info:105 - [process=Enhanced N0 Optimization] Process completed: Calibration for PC in 10.45s
2025-05-31 23:03:05 - CalibrationManager_PC - INFO - info:105 - Loaded calibration parameters (N0=2612.86)
2025-05-31 23:09:00 - CalibrationManager_PC - INFO - info:105 - Loaded calibration parameters (N0=2612.86)
2025-05-31 23:32:31 - CalibrationManager_PC - INFO - info:105 - Loaded calibration parameters (N0=2612.86)
