2025-05-30 08:56:40 - CalibrationManager_PC - INFO - info:105 - [process=Calibration for PC] Process started: Calibration for PC
2025-05-30 08:56:40 - CalibrationManager_PC - INFO - info:105 - [process=Calibration for PC] Calibration period: 2024-08-17 to 2024-08-25
2025-05-30 08:56:40 - CalibrationManager_PC - INFO - info:105 - [process=Calibration for PC] All required data files found
2025-05-30 08:56:40 - CalibrationManager_PC - INFO - info:105 - [process=CRNP Calibration] Process started: CRNP Calibration (period=2024-08-17T00:00:00 to 2024-08-25T00:00:00)
2025-05-30 08:56:40 - CalibrationManager_PC - INFO - info:105 - [process=Loading calibration data] Process started: Loading calibration data
2025-05-30 08:56:40 - CalibrationManager_PC - INFO - info:105 - [process=Loading calibration data] Loading FDR data from data\output\PC\preprocessed\PC_FDR_input.xlsx
2025-05-30 08:56:46 - CalibrationManager_PC - INFO - info:105 - [process=Loading calibration data] Loading CRNP data from data\output\PC\preprocessed\PC_CRNP_input.xlsx
2025-05-30 08:56:46 - CalibrationManager_PC - INFO - info:105 - [process=Loading calibration data] Data loaded: FDR_Calibration - 6024 records
2025-05-30 08:56:46 - CalibrationManager_PC - INFO - info:105 - [process=Loading calibration data] Data loaded: CRNP_Calibration - 0 records
2025-05-30 08:56:46 - CalibrationManager_PC - INFO - info:105 - [process=Loading calibration data] Process completed: Loading calibration data in 6.20s
2025-05-30 08:56:46 - CalibrationManager_PC - INFO - info:105 - [process=Applying neutron corrections] Process started: Applying neutron corrections
2025-05-30 08:56:46 - CalibrationManager_PC - INFO - info:105 - [process=Neutron Corrections] Process started: Neutron Corrections
2025-05-30 08:56:46 - CalibrationManager_PC - INFO - info:105 - [process=Neutron Corrections] Downloading neutron flux data from MXCO
2025-05-30 08:56:48 - CalibrationManager_PC - ERROR - error:113 - [process=Neutron Corrections] Failed to apply incoming flux correction: 'NoneType' object is not subscriptable
2025-05-30 08:56:48 - CalibrationManager_PC - INFO - info:105 - [process=Neutron Corrections] Pressure correction applied (Pref=nan hPa)
2025-05-30 08:56:48 - CalibrationManager_PC - INFO - info:105 - [process=Neutron Corrections] Humidity correction applied (Aref=nan g/cm³)
2025-05-30 08:56:48 - CalibrationManager_PC - INFO - info:105 - [process=Neutron Corrections] Neutron correction statistics:
2025-05-30 08:56:48 - CalibrationManager_PC - INFO - info:105 - [process=Neutron Corrections] Neutron counts: raw=nan, corrected=nan, change=+nan%
2025-05-30 08:56:48 - CalibrationManager_PC - INFO - info:105 - [process=Neutron Corrections] Process completed: Neutron Corrections in 1.66s
2025-05-30 08:56:48 - CalibrationManager_PC - INFO - info:105 - [process=Neutron Corrections] Process completed: Applying neutron corrections in 1.66s
2025-05-30 08:56:48 - CalibrationManager_PC - INFO - info:105 - [process=Matching daily data] Process started: Matching daily data
2025-05-30 08:56:48 - CalibrationManager_PC - INFO - info:105 - [process=Matching daily data] Data loaded: Matched_Daily - 0 records
2025-05-30 08:56:48 - CalibrationManager_PC - INFO - info:105 - [process=Matching daily data] Process completed: Matching daily data in 0.01s
2025-05-30 08:56:48 - CalibrationManager_PC - INFO - info:105 - [process=N0 Optimization] Process started: N0 Optimization
2025-05-30 08:56:48 - CalibrationManager_PC - ERROR - error:113 - [process=N0 Optimization] Error in N0 Optimization (duration: 0.00s): ValueError: No matched data available for optimization
2025-05-30 08:56:48 - CalibrationManager_PC - ERROR - error:113 - [process=N0 Optimization] Error in Calibration process: ValueError: No matched data available for optimization
2025-05-30 08:56:48 - CalibrationManager_PC - ERROR - error:113 - [process=N0 Optimization] Error in CRNP Calibration (duration: 7.87s): ValueError: No matched data available for optimization
2025-05-30 08:56:48 - CalibrationManager_PC - ERROR - error:113 - [process=N0 Optimization] Error in Calibration for PC: ValueError: No matched data available for optimization
2025-05-30 08:56:48 - CalibrationManager_PC - ERROR - error:113 - [process=N0 Optimization] Error in Calibration for PC (duration: 7.87s): ValueError: No matched data available for optimization
2025-05-30 16:12:27 - CalibrationManager_PC - INFO - info:105 - [process=Calibration for PC] Process started: Calibration for PC
2025-05-30 16:12:27 - CalibrationManager_PC - INFO - info:105 - [process=Calibration for PC] Calibration period: 2024-08-17 to 2024-08-25
2025-05-30 16:12:27 - CalibrationManager_PC - INFO - info:105 - [process=Calibration for PC] All required data files found
2025-05-30 16:12:27 - CalibrationManager_PC - INFO - info:105 - [process=CRNP Calibration] Process started: CRNP Calibration (period=2024-08-17T00:00:00 to 2024-08-25T00:00:00)
2025-05-30 16:12:27 - CalibrationManager_PC - INFO - info:105 - [process=Loading calibration data] Process started: Loading calibration data
2025-05-30 16:12:27 - CalibrationManager_PC - INFO - info:105 - [process=Loading calibration data] Loading FDR data from data\output\PC\preprocessed\PC_FDR_input.xlsx
2025-05-30 16:12:33 - CalibrationManager_PC - INFO - info:105 - [process=Loading calibration data] Loading CRNP data from data\output\PC\preprocessed\PC_CRNP_input.xlsx
2025-05-30 16:12:34 - CalibrationManager_PC - INFO - info:105 - [process=Loading calibration data] Data loaded: FDR_Calibration - 6024 records
2025-05-30 16:12:34 - CalibrationManager_PC - INFO - info:105 - [process=Loading calibration data] Data loaded: CRNP_Calibration - 0 records
2025-05-30 16:12:34 - CalibrationManager_PC - INFO - info:105 - [process=Loading calibration data] Process completed: Loading calibration data in 6.27s
2025-05-30 16:12:34 - CalibrationManager_PC - INFO - info:105 - [process=Applying neutron corrections] Process started: Applying neutron corrections
2025-05-30 16:12:34 - CalibrationManager_PC - INFO - info:105 - [process=Neutron Corrections] Process started: Neutron Corrections
2025-05-30 16:12:34 - CalibrationManager_PC - INFO - info:105 - [process=Neutron Corrections] Downloading neutron flux data from MXCO
2025-05-30 16:12:35 - CalibrationManager_PC - ERROR - error:113 - [process=Neutron Corrections] Failed to apply incoming flux correction: 'NoneType' object is not subscriptable
2025-05-30 16:12:35 - CalibrationManager_PC - INFO - info:105 - [process=Neutron Corrections] Pressure correction applied (Pref=nan hPa)
2025-05-30 16:12:35 - CalibrationManager_PC - INFO - info:105 - [process=Neutron Corrections] Humidity correction applied (Aref=nan g/cm³)
2025-05-30 16:12:35 - CalibrationManager_PC - INFO - info:105 - [process=Neutron Corrections] Neutron correction statistics:
2025-05-30 16:12:35 - CalibrationManager_PC - INFO - info:105 - [process=Neutron Corrections] Neutron counts: raw=nan, corrected=nan, change=+nan%
2025-05-30 16:12:35 - CalibrationManager_PC - INFO - info:105 - [process=Neutron Corrections] Process completed: Neutron Corrections in 1.62s
2025-05-30 16:12:35 - CalibrationManager_PC - INFO - info:105 - [process=Neutron Corrections] Process completed: Applying neutron corrections in 1.62s
2025-05-30 16:12:35 - CalibrationManager_PC - INFO - info:105 - [process=Matching daily data] Process started: Matching daily data
2025-05-30 16:12:35 - CalibrationManager_PC - INFO - info:105 - [process=Matching daily data] Data loaded: Matched_Daily - 0 records
2025-05-30 16:12:35 - CalibrationManager_PC - INFO - info:105 - [process=Matching daily data] Process completed: Matching daily data in 0.01s
2025-05-30 16:12:35 - CalibrationManager_PC - INFO - info:105 - [process=N0 Optimization] Process started: N0 Optimization
2025-05-30 16:12:35 - CalibrationManager_PC - ERROR - error:113 - [process=N0 Optimization] Error in N0 Optimization (duration: 0.00s): ValueError: No matched data available for optimization
2025-05-30 16:12:35 - CalibrationManager_PC - ERROR - error:113 - [process=N0 Optimization] Error in Calibration process: ValueError: No matched data available for optimization
2025-05-30 16:12:35 - CalibrationManager_PC - ERROR - error:113 - [process=N0 Optimization] Error in CRNP Calibration (duration: 7.90s): ValueError: No matched data available for optimization
2025-05-30 16:12:35 - CalibrationManager_PC - ERROR - error:113 - [process=N0 Optimization] Error in Calibration for PC: ValueError: No matched data available for optimization
2025-05-30 16:12:35 - CalibrationManager_PC - ERROR - error:113 - [process=N0 Optimization] Error in Calibration for PC (duration: 7.90s): ValueError: No matched data available for optimization
2025-05-30 16:24:53 - CalibrationManager_PC - INFO - info:105 - [process=Calibration for PC] Process started: Calibration for PC
2025-05-30 16:24:53 - CalibrationManager_PC - INFO - info:105 - [process=Calibration for PC] Calibration period: 2024-08-17 to 2024-08-25
2025-05-30 16:24:53 - CalibrationManager_PC - INFO - info:105 - [process=Calibration for PC] All required data files found
2025-05-30 16:24:53 - CalibrationManager_PC - INFO - info:105 - [process=CRNP Calibration] Process started: CRNP Calibration (period=2024-08-17T00:00:00 to 2024-08-25T00:00:00)
2025-05-30 16:24:53 - CalibrationManager_PC - INFO - info:105 - [process=Loading calibration data] Process started: Loading calibration data
2025-05-30 16:24:53 - CalibrationManager_PC - INFO - info:105 - [process=Loading calibration data] Loading FDR data from data\output\PC\preprocessed\PC_FDR_input.xlsx
2025-05-30 16:25:00 - CalibrationManager_PC - INFO - info:105 - [process=Loading calibration data] Loading CRNP data from data\output\PC\preprocessed\PC_CRNP_input.xlsx
2025-05-30 16:25:00 - CalibrationManager_PC - INFO - info:105 - [process=Loading calibration data] Data loaded: FDR_Calibration - 6024 records
2025-05-30 16:25:00 - CalibrationManager_PC - INFO - info:105 - [process=Loading calibration data] Data loaded: CRNP_Calibration - 0 records
2025-05-30 16:25:00 - CalibrationManager_PC - INFO - info:105 - [process=Loading calibration data] Process completed: Loading calibration data in 6.38s
2025-05-30 16:25:00 - CalibrationManager_PC - INFO - info:105 - [process=Applying neutron corrections] Process started: Applying neutron corrections
2025-05-30 16:25:00 - CalibrationManager_PC - INFO - info:105 - [process=Neutron Corrections] Process started: Neutron Corrections
2025-05-30 16:25:00 - CalibrationManager_PC - INFO - info:105 - [process=Neutron Corrections] Downloading neutron flux data from MXCO
2025-05-30 16:25:01 - CalibrationManager_PC - ERROR - error:113 - [process=Neutron Corrections] Failed to apply incoming flux correction: 'NoneType' object is not subscriptable
2025-05-30 16:25:01 - CalibrationManager_PC - INFO - info:105 - [process=Neutron Corrections] Pressure correction applied (Pref=nan hPa)
2025-05-30 16:25:01 - CalibrationManager_PC - INFO - info:105 - [process=Neutron Corrections] Humidity correction applied (Aref=nan g/cm³)
2025-05-30 16:25:01 - CalibrationManager_PC - INFO - info:105 - [process=Neutron Corrections] Neutron correction statistics:
2025-05-30 16:25:01 - CalibrationManager_PC - INFO - info:105 - [process=Neutron Corrections] Neutron counts: raw=nan, corrected=nan, change=+nan%
2025-05-30 16:25:01 - CalibrationManager_PC - INFO - info:105 - [process=Neutron Corrections] Process completed: Neutron Corrections in 1.61s
2025-05-30 16:25:01 - CalibrationManager_PC - INFO - info:105 - [process=Neutron Corrections] Process completed: Applying neutron corrections in 1.61s
2025-05-30 16:25:01 - CalibrationManager_PC - INFO - info:105 - [process=Matching daily data] Process started: Matching daily data
2025-05-30 16:25:01 - CalibrationManager_PC - INFO - info:105 - [process=Matching daily data] Data loaded: Matched_Daily - 0 records
2025-05-30 16:25:01 - CalibrationManager_PC - INFO - info:105 - [process=Matching daily data] Process completed: Matching daily data in 0.01s
2025-05-30 16:25:01 - CalibrationManager_PC - INFO - info:105 - [process=N0 Optimization] Process started: N0 Optimization
2025-05-30 16:25:01 - CalibrationManager_PC - ERROR - error:113 - [process=N0 Optimization] Error in N0 Optimization (duration: 0.00s): ValueError: No matched data available for optimization
2025-05-30 16:25:01 - CalibrationManager_PC - ERROR - error:113 - [process=N0 Optimization] Error in Calibration process: ValueError: No matched data available for optimization
2025-05-30 16:25:01 - CalibrationManager_PC - ERROR - error:113 - [process=N0 Optimization] Error in CRNP Calibration (duration: 8.00s): ValueError: No matched data available for optimization
2025-05-30 16:25:01 - CalibrationManager_PC - ERROR - error:113 - [process=N0 Optimization] Error in Calibration for PC: ValueError: No matched data available for optimization
2025-05-30 16:25:01 - CalibrationManager_PC - ERROR - error:113 - [process=N0 Optimization] Error in Calibration for PC (duration: 8.00s): ValueError: No matched data available for optimization
2025-05-30 16:43:48 - CalibrationManager_PC - INFO - info:105 - [process=Calibration for PC] Process started: Calibration for PC
2025-05-30 16:43:48 - CalibrationManager_PC - INFO - info:105 - [process=Calibration for PC] Calibration period: 2024-08-17 to 2024-08-25
2025-05-30 16:43:48 - CalibrationManager_PC - INFO - info:105 - [process=Calibration for PC] All required data files found
2025-05-30 16:43:48 - CalibrationManager_PC - INFO - info:105 - [process=CRNP Calibration] Process started: CRNP Calibration (period=2024-08-17T00:00:00 to 2024-08-25T00:00:00)
2025-05-30 16:43:48 - CalibrationManager_PC - INFO - info:105 - [process=Loading calibration data] Process started: Loading calibration data
2025-05-30 16:43:48 - CalibrationManager_PC - INFO - info:105 - [process=Loading calibration data] Loading FDR data from data\output\PC\preprocessed\PC_FDR_input.xlsx
2025-05-30 16:43:55 - CalibrationManager_PC - INFO - info:105 - [process=Loading calibration data] Loading CRNP data from data\output\PC\preprocessed\PC_CRNP_input.xlsx
2025-05-30 16:43:55 - CalibrationManager_PC - INFO - info:105 - [process=Loading calibration data] Data loaded: FDR_Calibration - 6024 records
2025-05-30 16:43:55 - CalibrationManager_PC - INFO - info:105 - [process=Loading calibration data] Data loaded: CRNP_Calibration - 0 records
2025-05-30 16:43:55 - CalibrationManager_PC - INFO - info:105 - [process=Loading calibration data] Process completed: Loading calibration data in 6.23s
2025-05-30 16:43:55 - CalibrationManager_PC - INFO - info:105 - [process=Applying neutron corrections] Process started: Applying neutron corrections
2025-05-30 16:43:55 - CalibrationManager_PC - INFO - info:105 - [process=Neutron Corrections] Process started: Neutron Corrections
2025-05-30 16:43:55 - CalibrationManager_PC - INFO - info:105 - [process=Neutron Corrections] Downloading neutron flux data from MXCO
2025-05-30 16:43:57 - CalibrationManager_PC - ERROR - error:113 - [process=Neutron Corrections] Failed to apply incoming flux correction: 'NoneType' object is not subscriptable
2025-05-30 16:43:57 - CalibrationManager_PC - INFO - info:105 - [process=Neutron Corrections] Pressure correction applied (Pref=nan hPa)
2025-05-30 16:43:57 - CalibrationManager_PC - INFO - info:105 - [process=Neutron Corrections] Humidity correction applied (Aref=nan g/cm³)
2025-05-30 16:43:57 - CalibrationManager_PC - INFO - info:105 - [process=Neutron Corrections] Neutron correction statistics:
2025-05-30 16:43:57 - CalibrationManager_PC - INFO - info:105 - [process=Neutron Corrections] Neutron counts: raw=nan, corrected=nan, change=+nan%
2025-05-30 16:43:57 - CalibrationManager_PC - INFO - info:105 - [process=Neutron Corrections] Process completed: Neutron Corrections in 1.87s
2025-05-30 16:43:57 - CalibrationManager_PC - INFO - info:105 - [process=Neutron Corrections] Process completed: Applying neutron corrections in 1.87s
2025-05-30 16:43:57 - CalibrationManager_PC - INFO - info:105 - [process=Matching daily data] Process started: Matching daily data
2025-05-30 16:43:57 - CalibrationManager_PC - INFO - info:105 - [process=Matching daily data] Data loaded: Matched_Daily - 0 records
2025-05-30 16:43:57 - CalibrationManager_PC - INFO - info:105 - [process=Matching daily data] Process completed: Matching daily data in 0.01s
2025-05-30 16:43:57 - CalibrationManager_PC - INFO - info:105 - [process=N0 Optimization] Process started: N0 Optimization
2025-05-30 16:43:57 - CalibrationManager_PC - ERROR - error:113 - [process=N0 Optimization] Error in N0 Optimization (duration: 0.00s): ValueError: No matched data available for optimization
2025-05-30 16:43:57 - CalibrationManager_PC - ERROR - error:113 - [process=N0 Optimization] Error in Calibration process: ValueError: No matched data available for optimization
2025-05-30 16:43:57 - CalibrationManager_PC - ERROR - error:113 - [process=N0 Optimization] Error in CRNP Calibration (duration: 8.12s): ValueError: No matched data available for optimization
2025-05-30 16:43:57 - CalibrationManager_PC - ERROR - error:113 - [process=N0 Optimization] Error in Calibration for PC: ValueError: No matched data available for optimization
2025-05-30 16:43:57 - CalibrationManager_PC - ERROR - error:113 - [process=N0 Optimization] Error in Calibration for PC (duration: 8.12s): ValueError: No matched data available for optimization
2025-05-30 16:44:06 - CalibrationManager_PC - INFO - info:105 - [process=Calibration for PC] Process started: Calibration for PC
2025-05-30 16:44:06 - CalibrationManager_PC - INFO - info:105 - [process=Calibration for PC] Calibration period: 2024-08-17 to 2024-08-25
2025-05-30 16:44:06 - CalibrationManager_PC - INFO - info:105 - [process=Calibration for PC] All required data files found
2025-05-30 16:44:06 - CalibrationManager_PC - INFO - info:105 - [process=CRNP Calibration] Process started: CRNP Calibration (period=2024-08-17T00:00:00 to 2024-08-25T00:00:00)
2025-05-30 16:44:06 - CalibrationManager_PC - INFO - info:105 - [process=Loading calibration data] Process started: Loading calibration data
2025-05-30 16:44:06 - CalibrationManager_PC - INFO - info:105 - [process=Loading calibration data] Loading FDR data from data\output\PC\preprocessed\PC_FDR_input.xlsx
2025-05-30 16:44:12 - CalibrationManager_PC - INFO - info:105 - [process=Loading calibration data] Loading CRNP data from data\output\PC\preprocessed\PC_CRNP_input.xlsx
2025-05-30 16:44:12 - CalibrationManager_PC - INFO - info:105 - [process=Loading calibration data] Data loaded: FDR_Calibration - 6024 records
2025-05-30 16:44:12 - CalibrationManager_PC - INFO - info:105 - [process=Loading calibration data] Data loaded: CRNP_Calibration - 0 records
2025-05-30 16:44:12 - CalibrationManager_PC - INFO - info:105 - [process=Loading calibration data] Process completed: Loading calibration data in 6.39s
2025-05-30 16:44:12 - CalibrationManager_PC - INFO - info:105 - [process=Applying neutron corrections] Process started: Applying neutron corrections
2025-05-30 16:44:12 - CalibrationManager_PC - INFO - info:105 - [process=Neutron Corrections] Process started: Neutron Corrections
2025-05-30 16:44:12 - CalibrationManager_PC - INFO - info:105 - [process=Neutron Corrections] Downloading neutron flux data from MXCO
2025-05-30 16:44:14 - CalibrationManager_PC - ERROR - error:113 - [process=Neutron Corrections] Failed to apply incoming flux correction: 'NoneType' object is not subscriptable
2025-05-30 16:44:14 - CalibrationManager_PC - INFO - info:105 - [process=Neutron Corrections] Pressure correction applied (Pref=nan hPa)
2025-05-30 16:44:14 - CalibrationManager_PC - INFO - info:105 - [process=Neutron Corrections] Humidity correction applied (Aref=nan g/cm³)
2025-05-30 16:44:14 - CalibrationManager_PC - INFO - info:105 - [process=Neutron Corrections] Neutron correction statistics:
2025-05-30 16:44:14 - CalibrationManager_PC - INFO - info:105 - [process=Neutron Corrections] Neutron counts: raw=nan, corrected=nan, change=+nan%
2025-05-30 16:44:14 - CalibrationManager_PC - INFO - info:105 - [process=Neutron Corrections] Process completed: Neutron Corrections in 1.47s
2025-05-30 16:44:14 - CalibrationManager_PC - INFO - info:105 - [process=Neutron Corrections] Process completed: Applying neutron corrections in 1.47s
2025-05-30 16:44:14 - CalibrationManager_PC - INFO - info:105 - [process=Matching daily data] Process started: Matching daily data
2025-05-30 16:44:14 - CalibrationManager_PC - INFO - info:105 - [process=Matching daily data] Data loaded: Matched_Daily - 0 records
2025-05-30 16:44:14 - CalibrationManager_PC - INFO - info:105 - [process=Matching daily data] Process completed: Matching daily data in 0.01s
2025-05-30 16:44:14 - CalibrationManager_PC - INFO - info:105 - [process=N0 Optimization] Process started: N0 Optimization
2025-05-30 16:44:14 - CalibrationManager_PC - ERROR - error:113 - [process=N0 Optimization] Error in N0 Optimization (duration: 0.00s): ValueError: No matched data available for optimization
2025-05-30 16:44:14 - CalibrationManager_PC - ERROR - error:113 - [process=N0 Optimization] Error in Calibration process: ValueError: No matched data available for optimization
2025-05-30 16:44:14 - CalibrationManager_PC - ERROR - error:113 - [process=N0 Optimization] Error in CRNP Calibration (duration: 7.86s): ValueError: No matched data available for optimization
2025-05-30 16:44:14 - CalibrationManager_PC - ERROR - error:113 - [process=N0 Optimization] Error in Calibration for PC: ValueError: No matched data available for optimization
2025-05-30 16:44:14 - CalibrationManager_PC - ERROR - error:113 - [process=N0 Optimization] Error in Calibration for PC (duration: 7.87s): ValueError: No matched data available for optimization
2025-05-30 16:58:11 - CalibrationManager_PC - INFO - info:105 - [process=Calibration for PC] Process started: Calibration for PC
2025-05-30 16:58:11 - CalibrationManager_PC - INFO - info:105 - [process=Calibration for PC] Calibration period: 2024-08-17 to 2024-08-25
2025-05-30 16:58:11 - CalibrationManager_PC - INFO - info:105 - [process=Calibration for PC] All required data files found
2025-05-30 16:58:11 - CalibrationManager_PC - INFO - info:105 - [process=CRNP Calibration] Process started: CRNP Calibration (period=2024-08-17T00:00:00 to 2024-08-25T00:00:00)
2025-05-30 16:58:11 - CalibrationManager_PC - INFO - info:105 - [process=Loading calibration data] Process started: Loading calibration data
2025-05-30 16:58:11 - CalibrationManager_PC - INFO - info:105 - [process=Loading calibration data] Loading FDR data from data\output\PC\preprocessed\PC_FDR_input.xlsx
2025-05-30 16:58:17 - CalibrationManager_PC - INFO - info:105 - [process=Loading calibration data] Loading CRNP data from data\output\PC\preprocessed\PC_CRNP_input.xlsx
2025-05-30 16:58:17 - CalibrationManager_PC - INFO - info:105 - [process=Loading calibration data] Data loaded: FDR_Calibration - 6024 records
2025-05-30 16:58:17 - CalibrationManager_PC - INFO - info:105 - [process=Loading calibration data] Data loaded: CRNP_Calibration - 0 records
2025-05-30 16:58:17 - CalibrationManager_PC - INFO - info:105 - [process=Loading calibration data] Process completed: Loading calibration data in 6.24s
2025-05-30 16:58:17 - CalibrationManager_PC - INFO - info:105 - [process=Applying neutron corrections] Process started: Applying neutron corrections
2025-05-30 16:58:17 - CalibrationManager_PC - INFO - info:105 - [process=Neutron Corrections] Process started: Neutron Corrections
2025-05-30 16:58:17 - CalibrationManager_PC - INFO - info:105 - [process=Neutron Corrections] Downloading neutron flux data from MXCO
2025-05-30 16:58:19 - CalibrationManager_PC - ERROR - error:113 - [process=Neutron Corrections] Failed to apply incoming flux correction: 'NoneType' object is not subscriptable
2025-05-30 16:58:19 - CalibrationManager_PC - INFO - info:105 - [process=Neutron Corrections] Pressure correction applied (Pref=nan hPa)
2025-05-30 16:58:19 - CalibrationManager_PC - INFO - info:105 - [process=Neutron Corrections] Humidity correction applied (Aref=nan g/cm³)
2025-05-30 16:58:19 - CalibrationManager_PC - INFO - info:105 - [process=Neutron Corrections] Neutron correction statistics:
2025-05-30 16:58:19 - CalibrationManager_PC - INFO - info:105 - [process=Neutron Corrections] Neutron counts: raw=nan, corrected=nan, change=+nan%
2025-05-30 16:58:19 - CalibrationManager_PC - INFO - info:105 - [process=Neutron Corrections] Process completed: Neutron Corrections in 1.60s
2025-05-30 16:58:19 - CalibrationManager_PC - INFO - info:105 - [process=Neutron Corrections] Process completed: Applying neutron corrections in 1.60s
2025-05-30 16:58:19 - CalibrationManager_PC - INFO - info:105 - [process=Matching daily data] Process started: Matching daily data
2025-05-30 16:58:19 - CalibrationManager_PC - INFO - info:105 - [process=Matching daily data] Data loaded: Matched_Daily - 0 records
2025-05-30 16:58:19 - CalibrationManager_PC - INFO - info:105 - [process=Matching daily data] Process completed: Matching daily data in 0.01s
2025-05-30 16:58:19 - CalibrationManager_PC - INFO - info:105 - [process=N0 Optimization] Process started: N0 Optimization
2025-05-30 16:58:19 - CalibrationManager_PC - ERROR - error:113 - [process=N0 Optimization] Error in N0 Optimization (duration: 0.00s): ValueError: No matched data available for optimization
2025-05-30 16:58:19 - CalibrationManager_PC - ERROR - error:113 - [process=N0 Optimization] Error in Calibration process: ValueError: No matched data available for optimization
2025-05-30 16:58:19 - CalibrationManager_PC - ERROR - error:113 - [process=N0 Optimization] Error in CRNP Calibration (duration: 7.85s): ValueError: No matched data available for optimization
2025-05-30 16:58:19 - CalibrationManager_PC - ERROR - error:113 - [process=N0 Optimization] Error in Calibration for PC: ValueError: No matched data available for optimization
2025-05-30 16:58:19 - CalibrationManager_PC - ERROR - error:113 - [process=N0 Optimization] Error in Calibration for PC (duration: 7.85s): ValueError: No matched data available for optimization
2025-05-30 16:58:48 - CalibrationManager_PC - INFO - info:105 - [process=Calibration for PC] Process started: Calibration for PC
2025-05-30 16:58:48 - CalibrationManager_PC - INFO - info:105 - [process=Calibration for PC] Calibration period: 2024-08-17 to 2024-08-25
2025-05-30 16:58:48 - CalibrationManager_PC - INFO - info:105 - [process=Calibration for PC] All required data files found
2025-05-30 16:58:48 - CalibrationManager_PC - INFO - info:105 - [process=CRNP Calibration] Process started: CRNP Calibration (period=2024-08-17T00:00:00 to 2024-08-25T00:00:00)
2025-05-30 16:58:48 - CalibrationManager_PC - INFO - info:105 - [process=Loading calibration data] Process started: Loading calibration data
2025-05-30 16:58:48 - CalibrationManager_PC - INFO - info:105 - [process=Loading calibration data] Loading FDR data from data\output\PC\preprocessed\PC_FDR_input.xlsx
2025-05-30 16:58:54 - CalibrationManager_PC - INFO - info:105 - [process=Loading calibration data] Loading CRNP data from data\output\PC\preprocessed\PC_CRNP_input.xlsx
2025-05-30 16:58:54 - CalibrationManager_PC - INFO - info:105 - [process=Loading calibration data] Data loaded: FDR_Calibration - 6024 records
2025-05-30 16:58:54 - CalibrationManager_PC - INFO - info:105 - [process=Loading calibration data] Data loaded: CRNP_Calibration - 0 records
2025-05-30 16:58:54 - CalibrationManager_PC - INFO - info:105 - [process=Loading calibration data] Process completed: Loading calibration data in 6.27s
2025-05-30 16:58:54 - CalibrationManager_PC - INFO - info:105 - [process=Applying neutron corrections] Process started: Applying neutron corrections
2025-05-30 16:58:54 - CalibrationManager_PC - INFO - info:105 - [process=Neutron Corrections] Process started: Neutron Corrections
2025-05-30 16:58:54 - CalibrationManager_PC - INFO - info:105 - [process=Neutron Corrections] Downloading neutron flux data from MXCO
2025-05-30 16:58:56 - CalibrationManager_PC - ERROR - error:113 - [process=Neutron Corrections] Failed to apply incoming flux correction: 'NoneType' object is not subscriptable
2025-05-30 16:58:56 - CalibrationManager_PC - INFO - info:105 - [process=Neutron Corrections] Pressure correction applied (Pref=nan hPa)
2025-05-30 16:58:56 - CalibrationManager_PC - INFO - info:105 - [process=Neutron Corrections] Humidity correction applied (Aref=nan g/cm³)
2025-05-30 16:58:56 - CalibrationManager_PC - INFO - info:105 - [process=Neutron Corrections] Neutron correction statistics:
2025-05-30 16:58:56 - CalibrationManager_PC - INFO - info:105 - [process=Neutron Corrections] Neutron counts: raw=nan, corrected=nan, change=+nan%
2025-05-30 16:58:56 - CalibrationManager_PC - INFO - info:105 - [process=Neutron Corrections] Process completed: Neutron Corrections in 1.47s
2025-05-30 16:58:56 - CalibrationManager_PC - INFO - info:105 - [process=Neutron Corrections] Process completed: Applying neutron corrections in 1.47s
2025-05-30 16:58:56 - CalibrationManager_PC - INFO - info:105 - [process=Matching daily data] Process started: Matching daily data
2025-05-30 16:58:56 - CalibrationManager_PC - INFO - info:105 - [process=Matching daily data] Data loaded: Matched_Daily - 0 records
2025-05-30 16:58:56 - CalibrationManager_PC - INFO - info:105 - [process=Matching daily data] Process completed: Matching daily data in 0.01s
2025-05-30 16:58:56 - CalibrationManager_PC - INFO - info:105 - [process=N0 Optimization] Process started: N0 Optimization
2025-05-30 16:58:56 - CalibrationManager_PC - ERROR - error:113 - [process=N0 Optimization] Error in N0 Optimization (duration: 0.00s): ValueError: No matched data available for optimization
2025-05-30 16:58:56 - CalibrationManager_PC - ERROR - error:113 - [process=N0 Optimization] Error in Calibration process: ValueError: No matched data available for optimization
2025-05-30 16:58:56 - CalibrationManager_PC - ERROR - error:113 - [process=N0 Optimization] Error in CRNP Calibration (duration: 7.75s): ValueError: No matched data available for optimization
2025-05-30 16:58:56 - CalibrationManager_PC - ERROR - error:113 - [process=N0 Optimization] Error in Calibration for PC: ValueError: No matched data available for optimization
2025-05-30 16:58:56 - CalibrationManager_PC - ERROR - error:113 - [process=N0 Optimization] Error in Calibration for PC (duration: 7.75s): ValueError: No matched data available for optimization
2025-05-30 17:13:58 - CalibrationManager_PC - INFO - info:105 - [process=Calibration for PC] Process started: Calibration for PC
2025-05-30 17:13:58 - CalibrationManager_PC - INFO - info:105 - [process=Calibration for PC] Calibration period: 2024-08-17 to 2024-08-25
2025-05-30 17:13:58 - CalibrationManager_PC - INFO - info:105 - [process=Calibration for PC] All required data files found
2025-05-30 17:13:58 - CalibrationManager_PC - INFO - info:105 - [process=CRNP Calibration] Process started: CRNP Calibration (period=2024-08-17T00:00:00 to 2024-08-25T00:00:00)
2025-05-30 17:13:58 - CalibrationManager_PC - INFO - info:105 - [process=Loading calibration data] Process started: Loading calibration data
2025-05-30 17:13:58 - CalibrationManager_PC - INFO - info:105 - [process=Loading calibration data] Loading FDR data from data\output\PC\preprocessed\PC_FDR_input.xlsx
2025-05-30 17:14:04 - CalibrationManager_PC - INFO - info:105 - [process=Loading calibration data] Loading CRNP data from data\output\PC\preprocessed\PC_CRNP_input.xlsx
2025-05-30 17:14:04 - CalibrationManager_PC - INFO - info:105 - [process=Loading calibration data] Data loaded: FDR_Calibration - 6024 records
2025-05-30 17:14:04 - CalibrationManager_PC - INFO - info:105 - [process=Loading calibration data] Data loaded: CRNP_Calibration - 0 records
2025-05-30 17:14:04 - CalibrationManager_PC - INFO - info:105 - [process=Loading calibration data] Process completed: Loading calibration data in 6.21s
2025-05-30 17:14:04 - CalibrationManager_PC - INFO - info:105 - [process=Applying neutron corrections] Process started: Applying neutron corrections
2025-05-30 17:14:04 - CalibrationManager_PC - INFO - info:105 - [process=Neutron Corrections] Process started: Neutron Corrections
2025-05-30 17:14:04 - CalibrationManager_PC - INFO - info:105 - [process=Neutron Corrections] Downloading neutron flux data from MXCO
2025-05-30 17:14:05 - CalibrationManager_PC - ERROR - error:113 - [process=Neutron Corrections] Failed to apply incoming flux correction: 'NoneType' object is not subscriptable
2025-05-30 17:14:05 - CalibrationManager_PC - INFO - info:105 - [process=Neutron Corrections] Pressure correction applied (Pref=nan hPa)
2025-05-30 17:14:05 - CalibrationManager_PC - INFO - info:105 - [process=Neutron Corrections] Humidity correction applied (Aref=nan g/cm³)
2025-05-30 17:14:05 - CalibrationManager_PC - INFO - info:105 - [process=Neutron Corrections] Neutron correction statistics:
2025-05-30 17:14:05 - CalibrationManager_PC - INFO - info:105 - [process=Neutron Corrections] Neutron counts: raw=nan, corrected=nan, change=+nan%
2025-05-30 17:14:05 - CalibrationManager_PC - INFO - info:105 - [process=Neutron Corrections] Process completed: Neutron Corrections in 1.63s
2025-05-30 17:14:05 - CalibrationManager_PC - INFO - info:105 - [process=Neutron Corrections] Process completed: Applying neutron corrections in 1.63s
2025-05-30 17:14:05 - CalibrationManager_PC - INFO - info:105 - [process=Matching daily data] Process started: Matching daily data
2025-05-30 17:14:05 - CalibrationManager_PC - INFO - info:105 - [process=Matching daily data] Data loaded: Matched_Daily - 0 records
2025-05-30 17:14:05 - CalibrationManager_PC - INFO - info:105 - [process=Matching daily data] Process completed: Matching daily data in 0.01s
2025-05-30 17:14:05 - CalibrationManager_PC - INFO - info:105 - [process=N0 Optimization] Process started: N0 Optimization
2025-05-30 17:14:05 - CalibrationManager_PC - ERROR - error:113 - [process=N0 Optimization] Error in N0 Optimization (duration: 0.00s): ValueError: No matched data available for optimization
2025-05-30 17:14:05 - CalibrationManager_PC - ERROR - error:113 - [process=N0 Optimization] Error in Calibration process: ValueError: No matched data available for optimization
2025-05-30 17:14:05 - CalibrationManager_PC - ERROR - error:113 - [process=N0 Optimization] Error in CRNP Calibration (duration: 7.85s): ValueError: No matched data available for optimization
2025-05-30 17:14:05 - CalibrationManager_PC - ERROR - error:113 - [process=N0 Optimization] Error in Calibration for PC: ValueError: No matched data available for optimization
2025-05-30 17:14:05 - CalibrationManager_PC - ERROR - error:113 - [process=N0 Optimization] Error in Calibration for PC (duration: 7.85s): ValueError: No matched data available for optimization
2025-05-30 17:15:36 - CalibrationManager_PC - INFO - info:105 - [process=Calibration for PC] Process started: Calibration for PC
2025-05-30 17:15:36 - CalibrationManager_PC - INFO - info:105 - [process=Calibration for PC] Calibration period: 2024-08-17 to 2024-08-25
2025-05-30 17:15:36 - CalibrationManager_PC - INFO - info:105 - [process=Calibration for PC] All required data files found
2025-05-30 17:15:36 - CalibrationManager_PC - INFO - info:105 - [process=CRNP Calibration] Process started: CRNP Calibration (period=2024-08-17T00:00:00 to 2024-08-25T00:00:00)
2025-05-30 17:15:36 - CalibrationManager_PC - INFO - info:105 - [process=Loading calibration data] Process started: Loading calibration data
2025-05-30 17:15:36 - CalibrationManager_PC - INFO - info:105 - [process=Loading calibration data] Loading FDR data from data\output\PC\preprocessed\PC_FDR_input.xlsx
2025-05-30 17:15:42 - CalibrationManager_PC - INFO - info:105 - [process=Loading calibration data] Loading CRNP data from data\output\PC\preprocessed\PC_CRNP_input.xlsx
2025-05-30 17:15:43 - CalibrationManager_PC - INFO - info:105 - [process=Loading calibration data] Data loaded: FDR_Calibration - 6024 records
2025-05-30 17:15:43 - CalibrationManager_PC - INFO - info:105 - [process=Loading calibration data] Data loaded: CRNP_Calibration - 0 records
2025-05-30 17:15:43 - CalibrationManager_PC - INFO - info:105 - [process=Loading calibration data] Process completed: Loading calibration data in 6.30s
2025-05-30 17:15:43 - CalibrationManager_PC - INFO - info:105 - [process=Applying neutron corrections] Process started: Applying neutron corrections
2025-05-30 17:15:43 - CalibrationManager_PC - INFO - info:105 - [process=Neutron Corrections] Process started: Neutron Corrections
2025-05-30 17:15:43 - CalibrationManager_PC - INFO - info:105 - [process=Neutron Corrections] Downloading neutron flux data from MXCO
2025-05-30 17:15:44 - CalibrationManager_PC - ERROR - error:113 - [process=Neutron Corrections] Failed to apply incoming flux correction: 'NoneType' object is not subscriptable
2025-05-30 17:15:44 - CalibrationManager_PC - INFO - info:105 - [process=Neutron Corrections] Pressure correction applied (Pref=nan hPa)
2025-05-30 17:15:44 - CalibrationManager_PC - INFO - info:105 - [process=Neutron Corrections] Humidity correction applied (Aref=nan g/cm³)
2025-05-30 17:15:44 - CalibrationManager_PC - INFO - info:105 - [process=Neutron Corrections] Neutron correction statistics:
2025-05-30 17:15:44 - CalibrationManager_PC - INFO - info:105 - [process=Neutron Corrections] Neutron counts: raw=nan, corrected=nan, change=+nan%
2025-05-30 17:15:44 - CalibrationManager_PC - INFO - info:105 - [process=Neutron Corrections] Process completed: Neutron Corrections in 1.45s
2025-05-30 17:15:44 - CalibrationManager_PC - INFO - info:105 - [process=Neutron Corrections] Process completed: Applying neutron corrections in 1.45s
2025-05-30 17:15:44 - CalibrationManager_PC - INFO - info:105 - [process=Matching daily data] Process started: Matching daily data
2025-05-30 17:15:44 - CalibrationManager_PC - INFO - info:105 - [process=Matching daily data] Data loaded: Matched_Daily - 0 records
2025-05-30 17:15:44 - CalibrationManager_PC - INFO - info:105 - [process=Matching daily data] Process completed: Matching daily data in 0.01s
2025-05-30 17:15:44 - CalibrationManager_PC - INFO - info:105 - [process=N0 Optimization] Process started: N0 Optimization
2025-05-30 17:15:44 - CalibrationManager_PC - ERROR - error:113 - [process=N0 Optimization] Error in N0 Optimization (duration: 0.00s): ValueError: No matched data available for optimization
2025-05-30 17:15:44 - CalibrationManager_PC - ERROR - error:113 - [process=N0 Optimization] Error in Calibration process: ValueError: No matched data available for optimization
2025-05-30 17:15:44 - CalibrationManager_PC - ERROR - error:113 - [process=N0 Optimization] Error in CRNP Calibration (duration: 7.76s): ValueError: No matched data available for optimization
2025-05-30 17:15:44 - CalibrationManager_PC - ERROR - error:113 - [process=N0 Optimization] Error in Calibration for PC: ValueError: No matched data available for optimization
2025-05-30 17:15:44 - CalibrationManager_PC - ERROR - error:113 - [process=N0 Optimization] Error in Calibration for PC (duration: 7.76s): ValueError: No matched data available for optimization
2025-05-30 17:16:31 - CalibrationManager_PC - INFO - info:105 - [process=Calibration for PC] Process started: Calibration for PC
2025-05-30 17:16:31 - CalibrationManager_PC - INFO - info:105 - [process=Calibration for PC] Calibration period: 2024-08-17 to 2024-08-25
2025-05-30 17:16:31 - CalibrationManager_PC - INFO - info:105 - [process=Calibration for PC] All required data files found
2025-05-30 17:16:31 - CalibrationManager_PC - INFO - info:105 - [process=CRNP Calibration] Process started: CRNP Calibration (period=2024-08-17T00:00:00 to 2024-08-25T00:00:00)
2025-05-30 17:16:31 - CalibrationManager_PC - INFO - info:105 - [process=Loading calibration data] Process started: Loading calibration data
2025-05-30 17:16:31 - CalibrationManager_PC - INFO - info:105 - [process=Loading calibration data] Loading FDR data from data\output\PC\preprocessed\PC_FDR_input.xlsx
2025-05-30 17:16:37 - CalibrationManager_PC - INFO - info:105 - [process=Loading calibration data] Loading CRNP data from data\output\PC\preprocessed\PC_CRNP_input.xlsx
2025-05-30 17:16:37 - CalibrationManager_PC - INFO - info:105 - [process=Loading calibration data] Data loaded: FDR_Calibration - 6024 records
2025-05-30 17:16:37 - CalibrationManager_PC - INFO - info:105 - [process=Loading calibration data] Data loaded: CRNP_Calibration - 0 records
2025-05-30 17:16:37 - CalibrationManager_PC - INFO - info:105 - [process=Loading calibration data] Process completed: Loading calibration data in 6.18s
2025-05-30 17:16:37 - CalibrationManager_PC - INFO - info:105 - [process=Applying neutron corrections] Process started: Applying neutron corrections
2025-05-30 17:16:37 - CalibrationManager_PC - INFO - info:105 - [process=Neutron Corrections] Process started: Neutron Corrections
2025-05-30 17:16:37 - CalibrationManager_PC - INFO - info:105 - [process=Neutron Corrections] Downloading neutron flux data from MXCO
2025-05-30 17:16:39 - CalibrationManager_PC - ERROR - error:113 - [process=Neutron Corrections] Failed to apply incoming flux correction: 'NoneType' object is not subscriptable
2025-05-30 17:16:39 - CalibrationManager_PC - INFO - info:105 - [process=Neutron Corrections] Pressure correction applied (Pref=nan hPa)
2025-05-30 17:16:39 - CalibrationManager_PC - INFO - info:105 - [process=Neutron Corrections] Humidity correction applied (Aref=nan g/cm³)
2025-05-30 17:16:39 - CalibrationManager_PC - INFO - info:105 - [process=Neutron Corrections] Neutron correction statistics:
2025-05-30 17:16:39 - CalibrationManager_PC - INFO - info:105 - [process=Neutron Corrections] Neutron counts: raw=nan, corrected=nan, change=+nan%
2025-05-30 17:16:39 - CalibrationManager_PC - INFO - info:105 - [process=Neutron Corrections] Process completed: Neutron Corrections in 1.45s
2025-05-30 17:16:39 - CalibrationManager_PC - INFO - info:105 - [process=Neutron Corrections] Process completed: Applying neutron corrections in 1.45s
2025-05-30 17:16:39 - CalibrationManager_PC - INFO - info:105 - [process=Matching daily data] Process started: Matching daily data
2025-05-30 17:16:39 - CalibrationManager_PC - INFO - info:105 - [process=Matching daily data] Data loaded: Matched_Daily - 0 records
2025-05-30 17:16:39 - CalibrationManager_PC - INFO - info:105 - [process=Matching daily data] Process completed: Matching daily data in 0.01s
2025-05-30 17:16:39 - CalibrationManager_PC - INFO - info:105 - [process=N0 Optimization] Process started: N0 Optimization
2025-05-30 17:16:39 - CalibrationManager_PC - ERROR - error:113 - [process=N0 Optimization] Error in N0 Optimization (duration: 0.00s): ValueError: No matched data available for optimization
2025-05-30 17:16:39 - CalibrationManager_PC - ERROR - error:113 - [process=N0 Optimization] Error in Calibration process: ValueError: No matched data available for optimization
2025-05-30 17:16:39 - CalibrationManager_PC - ERROR - error:113 - [process=N0 Optimization] Error in CRNP Calibration (duration: 7.64s): ValueError: No matched data available for optimization
2025-05-30 17:16:39 - CalibrationManager_PC - ERROR - error:113 - [process=N0 Optimization] Error in Calibration for PC: ValueError: No matched data available for optimization
2025-05-30 17:16:39 - CalibrationManager_PC - ERROR - error:113 - [process=N0 Optimization] Error in Calibration for PC (duration: 7.64s): ValueError: No matched data available for optimization
2025-05-30 17:21:41 - CalibrationManager_PC - INFO - info:105 - [process=Calibration for PC] Process started: Calibration for PC
2025-05-30 17:21:41 - CalibrationManager_PC - INFO - info:105 - [process=Calibration for PC] Calibration period: 2024-08-17 to 2024-08-25
2025-05-30 17:21:41 - CalibrationManager_PC - INFO - info:105 - [process=Calibration for PC] All required data files found
2025-05-30 17:21:41 - CalibrationManager_PC - INFO - info:105 - [process=CRNP Calibration] Process started: CRNP Calibration (period=2024-08-17T00:00:00 to 2024-08-25T00:00:00)
2025-05-30 17:21:41 - CalibrationManager_PC - INFO - info:105 - [process=Loading calibration data] Process started: Loading calibration data
2025-05-30 17:21:41 - CalibrationManager_PC - INFO - info:105 - [process=Loading calibration data] Loading FDR data from data\output\PC\preprocessed\PC_FDR_input.xlsx
2025-05-30 17:21:47 - CalibrationManager_PC - INFO - info:105 - [process=Loading calibration data] Loading CRNP data from data\output\PC\preprocessed\PC_CRNP_input.xlsx
2025-05-30 17:21:47 - CalibrationManager_PC - INFO - info:105 - [process=Loading calibration data] Data loaded: FDR_Calibration - 6024 records
2025-05-30 17:21:47 - CalibrationManager_PC - INFO - info:105 - [process=Loading calibration data] Data loaded: CRNP_Calibration - 0 records
2025-05-30 17:21:47 - CalibrationManager_PC - INFO - info:105 - [process=Loading calibration data] Process completed: Loading calibration data in 6.65s
2025-05-30 17:21:47 - CalibrationManager_PC - INFO - info:105 - [process=Applying neutron corrections] Process started: Applying neutron corrections
2025-05-30 17:21:47 - CalibrationManager_PC - INFO - info:105 - [process=Neutron Corrections] Process started: Neutron Corrections
2025-05-30 17:21:47 - CalibrationManager_PC - INFO - info:105 - [process=Neutron Corrections] Downloading neutron flux data from MXCO
2025-05-30 17:21:49 - CalibrationManager_PC - ERROR - error:113 - [process=Neutron Corrections] Failed to apply incoming flux correction: 'NoneType' object is not subscriptable
2025-05-30 17:21:49 - CalibrationManager_PC - INFO - info:105 - [process=Neutron Corrections] Pressure correction applied (Pref=nan hPa)
2025-05-30 17:21:49 - CalibrationManager_PC - INFO - info:105 - [process=Neutron Corrections] Humidity correction applied (Aref=nan g/cm³)
2025-05-30 17:21:49 - CalibrationManager_PC - INFO - info:105 - [process=Neutron Corrections] Neutron correction statistics:
2025-05-30 17:21:49 - CalibrationManager_PC - INFO - info:105 - [process=Neutron Corrections] Neutron counts: raw=nan, corrected=nan, change=+nan%
2025-05-30 17:21:49 - CalibrationManager_PC - INFO - info:105 - [process=Neutron Corrections] Process completed: Neutron Corrections in 1.74s
2025-05-30 17:21:49 - CalibrationManager_PC - INFO - info:105 - [process=Neutron Corrections] Process completed: Applying neutron corrections in 1.74s
2025-05-30 17:21:49 - CalibrationManager_PC - INFO - info:105 - [process=Matching daily data] Process started: Matching daily data
2025-05-30 17:21:49 - CalibrationManager_PC - INFO - info:105 - [process=Matching daily data] Data loaded: Matched_Daily - 0 records
2025-05-30 17:21:49 - CalibrationManager_PC - INFO - info:105 - [process=Matching daily data] Process completed: Matching daily data in 0.01s
2025-05-30 17:21:49 - CalibrationManager_PC - INFO - info:105 - [process=N0 Optimization] Process started: N0 Optimization
2025-05-30 17:21:49 - CalibrationManager_PC - ERROR - error:113 - [process=N0 Optimization] Error in N0 Optimization (duration: 0.00s): ValueError: No matched data available for optimization
2025-05-30 17:21:49 - CalibrationManager_PC - ERROR - error:113 - [process=N0 Optimization] Error in Calibration process: ValueError: No matched data available for optimization
2025-05-30 17:21:49 - CalibrationManager_PC - ERROR - error:113 - [process=N0 Optimization] Error in CRNP Calibration (duration: 8.40s): ValueError: No matched data available for optimization
2025-05-30 17:21:49 - CalibrationManager_PC - ERROR - error:113 - [process=N0 Optimization] Error in Calibration for PC: ValueError: No matched data available for optimization
2025-05-30 17:21:49 - CalibrationManager_PC - ERROR - error:113 - [process=N0 Optimization] Error in Calibration for PC (duration: 8.40s): ValueError: No matched data available for optimization
2025-05-30 17:30:33 - CalibrationManager_PC - INFO - info:105 - [process=Calibration for PC] Process started: Calibration for PC
2025-05-30 17:30:33 - CalibrationManager_PC - INFO - info:105 - [process=Calibration for PC] Calibration period: 2024-08-17 to 2024-08-25
2025-05-30 17:30:33 - CalibrationManager_PC - INFO - info:105 - [process=Calibration for PC] All required data files found
2025-05-30 17:30:33 - CalibrationManager_PC - INFO - info:105 - [process=CRNP Calibration] Process started: CRNP Calibration (period=2024-08-17T00:00:00 to 2024-08-25T00:00:00)
2025-05-30 17:30:33 - CalibrationManager_PC - INFO - info:105 - [process=Loading calibration data] Process started: Loading calibration data
2025-05-30 17:30:33 - CalibrationManager_PC - INFO - info:105 - [process=Loading calibration data] Loading FDR data from data\output\PC\preprocessed\PC_FDR_input.xlsx
2025-05-30 17:30:39 - CalibrationManager_PC - INFO - info:105 - [process=Loading calibration data] Loading CRNP data from data\output\PC\preprocessed\PC_CRNP_input.xlsx
2025-05-30 17:30:40 - CalibrationManager_PC - INFO - info:105 - [process=Loading calibration data] Using existing timestamp column
2025-05-30 17:30:40 - CalibrationManager_PC - INFO - info:105 - [process=Loading calibration data] Valid timestamps in CRNP data: 2163/2163
2025-05-30 17:30:40 - CalibrationManager_PC - INFO - info:105 - [process=Loading calibration data] Data loaded: FDR_Calibration - 6024 records
2025-05-30 17:30:40 - CalibrationManager_PC - INFO - info:105 - [process=Loading calibration data] Data loaded: CRNP_Calibration - 193 records
2025-05-30 17:30:40 - CalibrationManager_PC - INFO - info:105 - [process=Loading calibration data] Neutron counts in calibration period: 191/193
2025-05-30 17:30:40 - CalibrationManager_PC - INFO - info:105 - [process=Loading calibration data] Process completed: Loading calibration data in 6.17s
2025-05-30 17:30:40 - CalibrationManager_PC - INFO - info:105 - [process=Applying neutron corrections] Process started: Applying neutron corrections
2025-05-30 17:30:40 - CalibrationManager_PC - INFO - info:105 - [process=Neutron Corrections] Process started: Neutron Corrections
2025-05-30 17:30:40 - CalibrationManager_PC - INFO - info:105 - [process=Neutron Corrections] Downloading neutron flux data from MXCO
2025-05-30 17:30:41 - CalibrationManager_PC - INFO - info:105 - [process=Neutron Corrections] Incoming flux correction applied (Iref=217.24)
2025-05-30 17:30:41 - CalibrationManager_PC - INFO - info:105 - [process=Neutron Corrections] Pressure correction applied (Pref=949.22 hPa)
2025-05-30 17:30:41 - CalibrationManager_PC - INFO - info:105 - [process=Neutron Corrections] Humidity correction applied (Aref=19.4118 g/cm³)
2025-05-30 17:30:41 - CalibrationManager_PC - INFO - info:105 - [process=Neutron Corrections] Neutron correction statistics:
2025-05-30 17:30:41 - CalibrationManager_PC - INFO - info:105 - [process=Neutron Corrections]   fi: mean=1.0000, std=0.0067, range=[0.9870, 1.0160]
2025-05-30 17:30:41 - CalibrationManager_PC - INFO - info:105 - [process=Neutron Corrections]   fp: mean=1.0001, std=0.0158, range=[0.9797, 1.0530]
2025-05-30 17:30:41 - CalibrationManager_PC - INFO - info:105 - [process=Neutron Corrections]   fw: mean=1.0000, std=0.0088, range=[0.9849, 1.0184]
2025-05-30 17:30:41 - CalibrationManager_PC - INFO - info:105 - [process=Neutron Corrections]   fb: mean=1.0000, std=0.0000, range=[1.0000, 1.0000]
2025-05-30 17:30:41 - CalibrationManager_PC - INFO - info:105 - [process=Neutron Corrections] Neutron counts: raw=1502.0, corrected=1502.2, change=+0.01%
2025-05-30 17:30:41 - CalibrationManager_PC - INFO - info:105 - [process=Neutron Corrections] Process completed: Neutron Corrections in 1.61s
2025-05-30 17:30:41 - CalibrationManager_PC - WARNING - warning:109 - [process=Neutron Corrections] Removing 2 outliers from total_corrected_neutrons
2025-05-30 17:30:41 - CalibrationManager_PC - INFO - info:105 - [process=Neutron Corrections] Process completed: Applying neutron corrections in 1.61s
2025-05-30 17:30:41 - CalibrationManager_PC - INFO - info:105 - [process=Matching daily data] Process started: Matching daily data
2025-05-30 17:30:41 - CalibrationManager_PC - INFO - info:105 - [process=Matching daily data] Data loaded: Matched_Daily - 0 records
2025-05-30 17:30:41 - CalibrationManager_PC - INFO - info:105 - [process=Matching daily data] Process completed: Matching daily data in 0.03s
2025-05-30 17:30:41 - CalibrationManager_PC - INFO - info:105 - [process=N0 Optimization] Process started: N0 Optimization
2025-05-30 17:30:41 - CalibrationManager_PC - ERROR - error:113 - [process=N0 Optimization] Error in N0 Optimization (duration: 0.00s): ValueError: No matched data available for optimization
2025-05-30 17:30:41 - CalibrationManager_PC - ERROR - error:113 - [process=N0 Optimization] Error in Calibration process: ValueError: No matched data available for optimization
2025-05-30 17:30:41 - CalibrationManager_PC - ERROR - error:113 - [process=N0 Optimization] Error in CRNP Calibration (duration: 7.83s): ValueError: No matched data available for optimization
2025-05-30 17:30:41 - CalibrationManager_PC - ERROR - error:113 - [process=N0 Optimization] Error in Calibration for PC: ValueError: No matched data available for optimization
2025-05-30 17:30:41 - CalibrationManager_PC - ERROR - error:113 - [process=N0 Optimization] Error in Calibration for PC (duration: 7.83s): ValueError: No matched data available for optimization
2025-05-30 17:41:37 - CalibrationManager_PC - INFO - info:105 - [process=Calibration for PC] Process started: Calibration for PC
2025-05-30 17:41:37 - CalibrationManager_PC - INFO - info:105 - [process=Calibration for PC] Calibration period: 2024-08-17 to 2024-08-25
2025-05-30 17:41:37 - CalibrationManager_PC - INFO - info:105 - [process=Calibration for PC] All required data files found
2025-05-30 17:41:37 - CalibrationManager_PC - INFO - info:105 - [process=CRNP Calibration] Process started: CRNP Calibration (period=2024-08-17T00:00:00 to 2024-08-25T00:00:00)
2025-05-30 17:41:37 - CalibrationManager_PC - INFO - info:105 - [process=Loading calibration data] Process started: Loading calibration data
2025-05-30 17:41:37 - CalibrationManager_PC - INFO - info:105 - [process=Loading calibration data] Loading FDR data from data\output\PC\preprocessed\PC_FDR_input.xlsx
2025-05-30 17:41:43 - CalibrationManager_PC - INFO - info:105 - [process=Loading calibration data] Loading CRNP data from data\output\PC\preprocessed\PC_CRNP_input.xlsx
2025-05-30 17:41:43 - CalibrationManager_PC - INFO - info:105 - [process=Loading calibration data] Using existing timestamp column
2025-05-30 17:41:43 - CalibrationManager_PC - INFO - info:105 - [process=Loading calibration data] Valid timestamps in CRNP data: 2163/2163
2025-05-30 17:41:43 - CalibrationManager_PC - INFO - info:105 - [process=Loading calibration data] Data loaded: FDR_Calibration - 6024 records
2025-05-30 17:41:43 - CalibrationManager_PC - INFO - info:105 - [process=Loading calibration data] Data loaded: CRNP_Calibration - 193 records
2025-05-30 17:41:43 - CalibrationManager_PC - INFO - info:105 - [process=Loading calibration data] Neutron counts in calibration period: 191/193
2025-05-30 17:41:43 - CalibrationManager_PC - INFO - info:105 - [process=Loading calibration data] Process completed: Loading calibration data in 6.19s
2025-05-30 17:41:43 - CalibrationManager_PC - INFO - info:105 - [process=Applying neutron corrections] Process started: Applying neutron corrections
2025-05-30 17:41:43 - CalibrationManager_PC - INFO - info:105 - [process=Neutron Corrections] Process started: Neutron Corrections
2025-05-30 17:41:43 - CalibrationManager_PC - INFO - info:105 - [process=Neutron Corrections] Downloading neutron flux data from MXCO
2025-05-30 17:41:45 - CalibrationManager_PC - INFO - info:105 - [process=Neutron Corrections] Incoming flux correction applied (Iref=217.24)
2025-05-30 17:41:45 - CalibrationManager_PC - INFO - info:105 - [process=Neutron Corrections] Pressure correction applied (Pref=949.22 hPa)
2025-05-30 17:41:45 - CalibrationManager_PC - INFO - info:105 - [process=Neutron Corrections] Humidity correction applied (Aref=19.4118 g/cm³)
2025-05-30 17:41:45 - CalibrationManager_PC - INFO - info:105 - [process=Neutron Corrections] Neutron correction statistics:
2025-05-30 17:41:45 - CalibrationManager_PC - INFO - info:105 - [process=Neutron Corrections]   fi: mean=1.0000, std=0.0067, range=[0.9870, 1.0160]
2025-05-30 17:41:45 - CalibrationManager_PC - INFO - info:105 - [process=Neutron Corrections]   fp: mean=1.0001, std=0.0158, range=[0.9797, 1.0530]
2025-05-30 17:41:45 - CalibrationManager_PC - INFO - info:105 - [process=Neutron Corrections]   fw: mean=1.0000, std=0.0088, range=[0.9849, 1.0184]
2025-05-30 17:41:45 - CalibrationManager_PC - INFO - info:105 - [process=Neutron Corrections]   fb: mean=1.0000, std=0.0000, range=[1.0000, 1.0000]
2025-05-30 17:41:45 - CalibrationManager_PC - INFO - info:105 - [process=Neutron Corrections] Neutron counts: raw=1502.0, corrected=1502.2, change=+0.01%
2025-05-30 17:41:45 - CalibrationManager_PC - INFO - info:105 - [process=Neutron Corrections] Process completed: Neutron Corrections in 2.06s
2025-05-30 17:41:45 - CalibrationManager_PC - WARNING - warning:109 - [process=Neutron Corrections] Removing 2 outliers from total_corrected_neutrons
2025-05-30 17:41:45 - CalibrationManager_PC - INFO - info:105 - [process=Neutron Corrections] Process completed: Applying neutron corrections in 2.06s
2025-05-30 17:41:45 - CalibrationManager_PC - INFO - info:105 - [process=Matching daily data] Process started: Matching daily data
2025-05-30 17:41:45 - CalibrationManager_PC - INFO - info:105 - [process=Matching daily data] Loaded geo info: 12 sensors
2025-05-30 17:41:45 - CalibrationManager_PC - INFO - info:105 - [process=Matching daily data] Created daily CRNP data: 9 days
2025-05-30 17:41:45 - CalibrationManager_PC - INFO - info:105 - [process=Matching daily data] FDR date range: 2024-08-17 to 2024-08-25
2025-05-30 17:41:45 - CalibrationManager_PC - INFO - info:105 - [process=Matching daily data] Data loaded: Matched_Daily - 0 records
2025-05-30 17:41:45 - CalibrationManager_PC - ERROR - error:113 - [process=Matching daily data] ⚠️ No daily data could be matched!
2025-05-30 17:41:45 - CalibrationManager_PC - ERROR - error:113 - [process=Matching daily data] Debugging information:
2025-05-30 17:41:45 - CalibrationManager_PC - ERROR - error:113 - [process=Matching daily data]   CRNP daily range: 2024-08-17 to 2024-08-25
2025-05-30 17:41:45 - CalibrationManager_PC - ERROR - error:113 - [process=Matching daily data]   FDR date range: 2024-08-17 to 2024-08-25
2025-05-30 17:41:45 - CalibrationManager_PC - ERROR - error:113 - [process=Matching daily data]   Calibration range: 2024-08-17 to 2024-08-25
2025-05-30 17:41:45 - CalibrationManager_PC - ERROR - error:113 - [process=Matching daily data]   FDR columns: ['Date', 'theta_v_source', 'theta_v', 'FDR_depth', 'id', 'latitude', 'longitude', 'distance_from_station', 'bulk_density']
2025-05-30 17:41:45 - CalibrationManager_PC - ERROR - error:113 - [process=Matching daily data]   FDR sample: [{'Date': datetime.date(2024, 8, 17), 'theta_v_source': 'theta_v_d1', 'theta_v': 0.334, 'FDR_depth': 10, 'id': 'S25', 'latitude': 37.53108603, 'longitude': 128.4462, 'distance_from_station': 21.66148, 'bulk_density': 1.2}]
2025-05-30 17:41:45 - CalibrationManager_PC - INFO - info:105 - [process=Matching daily data] Process completed: Matching daily data in 0.02s
2025-05-30 17:41:45 - CalibrationManager_PC - INFO - info:105 - [process=N0 Optimization] Process started: N0 Optimization
2025-05-30 17:41:45 - CalibrationManager_PC - ERROR - error:113 - [process=N0 Optimization] Error in N0 Optimization (duration: 0.00s): ValueError: No matched data available for optimization
2025-05-30 17:41:45 - CalibrationManager_PC - ERROR - error:113 - [process=N0 Optimization] Error in Calibration process: ValueError: No matched data available for optimization
2025-05-30 17:41:45 - CalibrationManager_PC - ERROR - error:113 - [process=N0 Optimization] Error in CRNP Calibration (duration: 8.27s): ValueError: No matched data available for optimization
2025-05-30 17:41:45 - CalibrationManager_PC - ERROR - error:113 - [process=N0 Optimization] Error in Calibration for PC: ValueError: No matched data available for optimization
2025-05-30 17:41:45 - CalibrationManager_PC - ERROR - error:113 - [process=N0 Optimization] Error in Calibration for PC (duration: 8.27s): ValueError: No matched data available for optimization
2025-05-30 17:49:18 - CalibrationManager_PC - INFO - info:105 - [process=Calibration for PC] Process started: Calibration for PC
2025-05-30 17:49:18 - CalibrationManager_PC - INFO - info:105 - [process=Calibration for PC] Calibration period: 2024-08-17 to 2024-08-25
2025-05-30 17:49:18 - CalibrationManager_PC - INFO - info:105 - [process=Calibration for PC] All required data files found
2025-05-30 17:49:18 - CalibrationManager_PC - INFO - info:105 - [process=CRNP Calibration] Process started: CRNP Calibration (period=2024-08-17T00:00:00 to 2024-08-25T00:00:00)
2025-05-30 17:49:18 - CalibrationManager_PC - INFO - info:105 - [process=Loading calibration data] Process started: Loading calibration data
2025-05-30 17:49:18 - CalibrationManager_PC - INFO - info:105 - [process=Loading calibration data] Loading FDR data from data\output\PC\preprocessed\PC_FDR_input.xlsx
2025-05-30 17:49:24 - CalibrationManager_PC - INFO - info:105 - [process=Loading calibration data] Loading CRNP data from data\output\PC\preprocessed\PC_CRNP_input.xlsx
2025-05-30 17:49:24 - CalibrationManager_PC - INFO - info:105 - [process=Loading calibration data] Using existing timestamp column
2025-05-30 17:49:24 - CalibrationManager_PC - INFO - info:105 - [process=Loading calibration data] Valid timestamps in CRNP data: 2163/2163
2025-05-30 17:49:24 - CalibrationManager_PC - INFO - info:105 - [process=Loading calibration data] Data loaded: FDR_Calibration - 6024 records
2025-05-30 17:49:24 - CalibrationManager_PC - INFO - info:105 - [process=Loading calibration data] Data loaded: CRNP_Calibration - 193 records
2025-05-30 17:49:24 - CalibrationManager_PC - INFO - info:105 - [process=Loading calibration data] Neutron counts in calibration period: 191/193
2025-05-30 17:49:24 - CalibrationManager_PC - INFO - info:105 - [process=Loading calibration data] Process completed: Loading calibration data in 6.10s
2025-05-30 17:49:24 - CalibrationManager_PC - INFO - info:105 - [process=Applying neutron corrections] Process started: Applying neutron corrections
2025-05-30 17:49:24 - CalibrationManager_PC - INFO - info:105 - [process=Neutron Corrections] Process started: Neutron Corrections
2025-05-30 17:49:24 - CalibrationManager_PC - INFO - info:105 - [process=Neutron Corrections] Downloading neutron flux data from MXCO
2025-05-30 17:49:26 - CalibrationManager_PC - INFO - info:105 - [process=Neutron Corrections] Incoming flux correction applied (Iref=217.24)
2025-05-30 17:49:26 - CalibrationManager_PC - INFO - info:105 - [process=Neutron Corrections] Pressure correction applied (Pref=949.22 hPa)
2025-05-30 17:49:26 - CalibrationManager_PC - INFO - info:105 - [process=Neutron Corrections] Humidity correction applied (Aref=19.4118 g/cm³)
2025-05-30 17:49:26 - CalibrationManager_PC - INFO - info:105 - [process=Neutron Corrections] Neutron correction statistics:
2025-05-30 17:49:26 - CalibrationManager_PC - INFO - info:105 - [process=Neutron Corrections]   fi: mean=1.0000, std=0.0067, range=[0.9870, 1.0160]
2025-05-30 17:49:26 - CalibrationManager_PC - INFO - info:105 - [process=Neutron Corrections]   fp: mean=1.0001, std=0.0158, range=[0.9797, 1.0530]
2025-05-30 17:49:26 - CalibrationManager_PC - INFO - info:105 - [process=Neutron Corrections]   fw: mean=1.0000, std=0.0088, range=[0.9849, 1.0184]
2025-05-30 17:49:26 - CalibrationManager_PC - INFO - info:105 - [process=Neutron Corrections]   fb: mean=1.0000, std=0.0000, range=[1.0000, 1.0000]
2025-05-30 17:49:26 - CalibrationManager_PC - INFO - info:105 - [process=Neutron Corrections] Neutron counts: raw=1502.0, corrected=1502.2, change=+0.01%
2025-05-30 17:49:26 - CalibrationManager_PC - INFO - info:105 - [process=Neutron Corrections] Process completed: Neutron Corrections in 1.64s
2025-05-30 17:49:26 - CalibrationManager_PC - WARNING - warning:109 - [process=Neutron Corrections] Removing 2 outliers from total_corrected_neutrons
2025-05-30 17:49:26 - CalibrationManager_PC - INFO - info:105 - [process=Neutron Corrections] Process completed: Applying neutron corrections in 1.64s
2025-05-30 17:49:26 - CalibrationManager_PC - INFO - info:105 - [process=Matching daily data] Process started: Matching daily data
2025-05-30 17:49:26 - CalibrationManager_PC - INFO - info:105 - [process=Matching daily data] Input data: FDR=6024, CRNP=193
2025-05-30 17:49:26 - CalibrationManager_PC - INFO - info:105 - [process=Matching daily data] Calibration period: 2024-08-17 to 2024-08-25
2025-05-30 17:49:26 - CalibrationManager_PC - INFO - info:105 - [process=Matching daily data] Daily CRNP created: 9 days
2025-05-30 17:49:26 - CalibrationManager_PC - INFO - info:105 - [process=Matching daily data] FDR date range: 2024-08-17 to 2024-08-25
2025-05-30 17:49:26 - CalibrationManager_PC - INFO - info:105 - [process=Matching daily data] Matching summary: 9 success, 0 failed
2025-05-30 17:49:26 - CalibrationManager_PC - INFO - info:105 - [process=Matching daily data] Data loaded: Matched_Daily - 9 records
2025-05-30 17:49:26 - CalibrationManager_PC - INFO - info:105 - [process=Matching daily data] 🎉 SUCCESS: 9 daily records matched!
2025-05-30 17:49:26 - CalibrationManager_PC - INFO - info:105 - [process=Matching daily data] Process completed: Matching daily data in 0.01s
2025-05-30 17:49:26 - CalibrationManager_PC - INFO - info:105 - [process=N0 Optimization] Process started: N0 Optimization
2025-05-30 17:49:26 - CalibrationManager_PC - INFO - info:105 - [process=N0 Optimization] Starting N0 optimization (method: Nelder-Mead)
2025-05-30 17:49:26 - CalibrationManager_PC - ERROR - error:113 - [process=N0 Optimization] Error in N0 Optimization (duration: 0.00s): TypeError: counts_to_vwc() got an unexpected keyword argument 'N'
2025-05-30 17:49:26 - CalibrationManager_PC - ERROR - error:113 - [process=N0 Optimization] Error in Calibration process: TypeError: counts_to_vwc() got an unexpected keyword argument 'N'
2025-05-30 17:49:26 - CalibrationManager_PC - ERROR - error:113 - [process=N0 Optimization] Error in CRNP Calibration (duration: 7.75s): TypeError: counts_to_vwc() got an unexpected keyword argument 'N'
2025-05-30 17:49:26 - CalibrationManager_PC - ERROR - error:113 - [process=N0 Optimization] Error in Calibration for PC: TypeError: counts_to_vwc() got an unexpected keyword argument 'N'
2025-05-30 17:49:26 - CalibrationManager_PC - ERROR - error:113 - [process=N0 Optimization] Error in Calibration for PC (duration: 7.76s): TypeError: counts_to_vwc() got an unexpected keyword argument 'N'
2025-05-30 17:52:58 - CalibrationManager_PC - INFO - info:105 - [process=Calibration for PC] Process started: Calibration for PC
2025-05-30 17:52:58 - CalibrationManager_PC - INFO - info:105 - [process=Calibration for PC] Calibration period: 2024-08-17 to 2024-08-25
2025-05-30 17:52:58 - CalibrationManager_PC - INFO - info:105 - [process=Calibration for PC] All required data files found
2025-05-30 17:52:58 - CalibrationManager_PC - INFO - info:105 - [process=CRNP Calibration] Process started: CRNP Calibration (period=2024-08-17T00:00:00 to 2024-08-25T00:00:00)
2025-05-30 17:52:58 - CalibrationManager_PC - INFO - info:105 - [process=Loading calibration data] Process started: Loading calibration data
2025-05-30 17:52:58 - CalibrationManager_PC - INFO - info:105 - [process=Loading calibration data] Loading FDR data from data\output\PC\preprocessed\PC_FDR_input.xlsx
2025-05-30 17:53:04 - CalibrationManager_PC - INFO - info:105 - [process=Loading calibration data] Loading CRNP data from data\output\PC\preprocessed\PC_CRNP_input.xlsx
2025-05-30 17:53:04 - CalibrationManager_PC - INFO - info:105 - [process=Loading calibration data] Using existing timestamp column
2025-05-30 17:53:04 - CalibrationManager_PC - INFO - info:105 - [process=Loading calibration data] Valid timestamps in CRNP data: 2163/2163
2025-05-30 17:53:04 - CalibrationManager_PC - INFO - info:105 - [process=Loading calibration data] Data loaded: FDR_Calibration - 6024 records
2025-05-30 17:53:04 - CalibrationManager_PC - INFO - info:105 - [process=Loading calibration data] Data loaded: CRNP_Calibration - 193 records
2025-05-30 17:53:04 - CalibrationManager_PC - INFO - info:105 - [process=Loading calibration data] Neutron counts in calibration period: 191/193
2025-05-30 17:53:04 - CalibrationManager_PC - INFO - info:105 - [process=Loading calibration data] Process completed: Loading calibration data in 6.19s
2025-05-30 17:53:04 - CalibrationManager_PC - INFO - info:105 - [process=Applying neutron corrections] Process started: Applying neutron corrections
2025-05-30 17:53:04 - CalibrationManager_PC - INFO - info:105 - [process=Neutron Corrections] Process started: Neutron Corrections
2025-05-30 17:53:04 - CalibrationManager_PC - INFO - info:105 - [process=Neutron Corrections] Downloading neutron flux data from MXCO
2025-05-30 17:53:05 - CalibrationManager_PC - INFO - info:105 - [process=Neutron Corrections] Incoming flux correction applied (Iref=217.24)
2025-05-30 17:53:05 - CalibrationManager_PC - INFO - info:105 - [process=Neutron Corrections] Pressure correction applied (Pref=949.22 hPa)
2025-05-30 17:53:05 - CalibrationManager_PC - INFO - info:105 - [process=Neutron Corrections] Humidity correction applied (Aref=19.4118 g/cm³)
2025-05-30 17:53:05 - CalibrationManager_PC - INFO - info:105 - [process=Neutron Corrections] Neutron correction statistics:
2025-05-30 17:53:05 - CalibrationManager_PC - INFO - info:105 - [process=Neutron Corrections]   fi: mean=1.0000, std=0.0067, range=[0.9870, 1.0160]
2025-05-30 17:53:05 - CalibrationManager_PC - INFO - info:105 - [process=Neutron Corrections]   fp: mean=1.0001, std=0.0158, range=[0.9797, 1.0530]
2025-05-30 17:53:05 - CalibrationManager_PC - INFO - info:105 - [process=Neutron Corrections]   fw: mean=1.0000, std=0.0088, range=[0.9849, 1.0184]
2025-05-30 17:53:05 - CalibrationManager_PC - INFO - info:105 - [process=Neutron Corrections]   fb: mean=1.0000, std=0.0000, range=[1.0000, 1.0000]
2025-05-30 17:53:05 - CalibrationManager_PC - INFO - info:105 - [process=Neutron Corrections] Neutron counts: raw=1502.0, corrected=1502.2, change=+0.01%
2025-05-30 17:53:05 - CalibrationManager_PC - INFO - info:105 - [process=Neutron Corrections] Process completed: Neutron Corrections in 1.46s
2025-05-30 17:53:05 - CalibrationManager_PC - WARNING - warning:109 - [process=Neutron Corrections] Removing 2 outliers from total_corrected_neutrons
2025-05-30 17:53:05 - CalibrationManager_PC - INFO - info:105 - [process=Neutron Corrections] Process completed: Applying neutron corrections in 1.46s
2025-05-30 17:53:05 - CalibrationManager_PC - INFO - info:105 - [process=Matching daily data] Process started: Matching daily data
2025-05-30 17:53:05 - CalibrationManager_PC - INFO - info:105 - [process=Matching daily data] Input data: FDR=6024, CRNP=193
2025-05-30 17:53:05 - CalibrationManager_PC - INFO - info:105 - [process=Matching daily data] Calibration period: 2024-08-17 to 2024-08-25
2025-05-30 17:53:05 - CalibrationManager_PC - INFO - info:105 - [process=Matching daily data] Daily CRNP created: 9 days
2025-05-30 17:53:05 - CalibrationManager_PC - INFO - info:105 - [process=Matching daily data] FDR date range: 2024-08-17 to 2024-08-25
2025-05-30 17:53:05 - CalibrationManager_PC - INFO - info:105 - [process=Matching daily data] Matching summary: 9 success, 0 failed
2025-05-30 17:53:05 - CalibrationManager_PC - INFO - info:105 - [process=Matching daily data] Data loaded: Matched_Daily - 9 records
2025-05-30 17:53:05 - CalibrationManager_PC - INFO - info:105 - [process=Matching daily data] 🎉 SUCCESS: 9 daily records matched!
2025-05-30 17:53:05 - CalibrationManager_PC - INFO - info:105 - [process=Matching daily data] Process completed: Matching daily data in 0.01s
2025-05-30 17:53:05 - CalibrationManager_PC - INFO - info:105 - [process=N0 Optimization] Process started: N0 Optimization
2025-05-30 17:53:05 - CalibrationManager_PC - INFO - info:105 - [process=N0 Optimization] Starting N0 optimization (method: Nelder-Mead)
2025-05-30 17:53:05 - CalibrationManager_PC - INFO - info:105 - [process=N0 Optimization] Calibration result: N0=2612.86, R2=-111.5582, RMSE=0.0477, MAE=0.0437, NSE=-111.5582, Bias=-0.0080, n_samples=9.0000
2025-05-30 17:53:05 - CalibrationManager_PC - INFO - info:105 - [process=N0 Optimization] Process completed: N0 Optimization in 0.03s
2025-05-30 17:53:05 - CalibrationManager_PC - INFO - info:105 - [process=N0 Optimization] Calculated reference values: {'Pref': 949.2221393782385, 'Aref': 19.411819509476345, 'Iref': 217.23834715025905}
2025-05-30 17:53:05 - CalibrationManager_PC - INFO - info:105 - [process=N0 Optimization] File save: data\output\PC\calibration\PC_calibration_result.json - success
2025-05-30 17:53:05 - CalibrationManager_PC - INFO - info:105 - [process=N0 Optimization] File save: data\output\PC\calibration\PC_Parameters.xlsx - success
2025-05-30 17:53:05 - CalibrationManager_PC - INFO - info:105 - [process=N0 Optimization] Calibration completed successfully. N0 = 2612.86
2025-05-30 17:53:05 - CalibrationManager_PC - INFO - info:105 - [process=N0 Optimization] Process completed: CRNP Calibration in 7.72s
2025-05-30 17:53:05 - CalibrationManager_PC - WARNING - warning:109 - [process=N0 Optimization] Low R² value: -111.558
2025-05-30 17:53:05 - CalibrationManager_PC - INFO - info:105 - [process=N0 Optimization] Calibration result validation passed
2025-05-30 17:53:05 - CalibrationManager_PC - INFO - info:105 - [process=N0 Optimization] File save: data\output\PC\calibration\PC_calibration_report.txt - success
2025-05-30 17:53:05 - CalibrationManager_PC - INFO - info:105 - [process=N0 Optimization] Process completed: Calibration for PC in 7.73s
