2025-06-01 10:28:42 - PreprocessingPipeline - INFO - [process=Station PC Preprocessing] Starting Station PC Preprocessing
2025-06-01 10:29:00 - PreprocessingPipeline - INFO - [process=Station PC Preprocessing] Saved: preprocessing_metadata.json
2025-06-01 10:29:00 - PreprocessingPipeline - INFO - [process=Station PC Preprocessing] Completed Station PC Preprocessing (18.3s)
2025-06-01 10:29:00 - PreprocessingPipeline - INFO - [process=Station PC Preprocessing] Summary report saved
2025-06-01 10:59:47 - PreprocessingPipeline - INFO - [process=Station PC Preprocessing] Starting Station PC Preprocessing
2025-06-01 11:00:05 - PreprocessingPipeline - INFO - [process=Station PC Preprocessing] Saved: preprocessing_metadata.json
2025-06-01 11:00:05 - PreprocessingPipeline - INFO - [process=Station PC Preprocessing] Completed Station PC Preprocessing (17.2s)
2025-06-01 11:00:05 - PreprocessingPipeline - INFO - [process=Station PC Preprocessing] Summary report saved
2025-06-01 11:04:16 - PreprocessingPipeline - INFO - [process=Station PC Preprocessing] Starting Station PC Preprocessing
2025-06-01 11:04:33 - PreprocessingPipeline - INFO - [process=Station PC Preprocessing] Saved: preprocessing_metadata.json
2025-06-01 11:04:33 - PreprocessingPipeline - INFO - [process=Station PC Preprocessing] Completed Station PC Preprocessing (17.1s)
2025-06-01 11:04:33 - PreprocessingPipeline - INFO - [process=Station PC Preprocessing] Summary report saved
2025-06-01 11:08:13 - PreprocessingPipeline - INFO - [process=Station PC Preprocessing] Starting Station PC Preprocessing
2025-06-01 11:08:30 - PreprocessingPipeline - INFO - [process=Station PC Preprocessing] Saved: preprocessing_metadata.json
2025-06-01 11:08:30 - PreprocessingPipeline - INFO - [process=Station PC Preprocessing] Completed Station PC Preprocessing (17.4s)
2025-06-01 11:08:30 - PreprocessingPipeline - INFO - [process=Station PC Preprocessing] Summary report saved
2025-06-01 22:56:44 - PreprocessingPipeline - INFO - [process=Station PC Preprocessing] Starting Station PC Preprocessing
2025-06-01 22:57:02 - PreprocessingPipeline - INFO - [process=Station PC Preprocessing] Saved: preprocessing_metadata.json
2025-06-01 22:57:02 - PreprocessingPipeline - INFO - [process=Station PC Preprocessing] Completed Station PC Preprocessing (17.8s)
2025-06-01 23:03:58 - PreprocessingPipeline - INFO - [process=Station PC Preprocessing] Starting Station PC Preprocessing
2025-06-01 23:04:15 - PreprocessingPipeline - INFO - [process=Station PC Preprocessing] Saved: preprocessing_metadata.json
2025-06-01 23:04:15 - PreprocessingPipeline - INFO - [process=Station PC Preprocessing] Completed Station PC Preprocessing (17.2s)
2025-06-01 23:06:07 - PreprocessingPipeline - INFO - [process=Station HC Preprocessing] Starting Station HC Preprocessing
2025-06-01 23:08:23 - PreprocessingPipeline - INFO - [process=Station HC Preprocessing] Saved: preprocessing_metadata.json
2025-06-01 23:08:23 - PreprocessingPipeline - INFO - [process=Station HC Preprocessing] Completed Station HC Preprocessing (136.1s)
2025-06-01 23:22:06 - PreprocessingPipeline - INFO - [process=Station HC Preprocessing] Starting Station HC Preprocessing
2025-06-01 23:24:22 - PreprocessingPipeline - INFO - [process=Station HC Preprocessing] Saved: preprocessing_metadata.json
2025-06-01 23:24:22 - PreprocessingPipeline - INFO - [process=Station HC Preprocessing] Completed Station HC Preprocessing (136.3s)
2025-06-01 23:35:44 - PreprocessingPipeline - INFO - [process=Station HC Preprocessing] Starting Station HC Preprocessing
2025-06-01 23:37:59 - PreprocessingPipeline - INFO - [process=Station HC Preprocessing] Saved: preprocessing_metadata.json
2025-06-01 23:37:59 - PreprocessingPipeline - INFO - [process=Station HC Preprocessing] Completed Station HC Preprocessing (135.3s)
