2025-05-29 15:10:05 - PreprocessingPipeline - INFO - info:105 - [process=Station HC Preprocessing] Process started: Station HC Preprocessing
2025-05-29 15:10:05 - PreprocessingPipeline - INFO - info:105 - [process=Loading HC Configuration] Process started: Loading HC Configuration
2025-05-29 15:10:05 - PreprocessingPipeline - INFO - info:105 - [process=Loading HC Configuration] Loaded configuration for HC
2025-05-29 15:10:05 - PreprocessingPipeline - INFO - info:105 - [process=Loading HC Configuration] Process completed: Loading HC Configuration in 0.01s
2025-05-29 15:10:11 - PreprocessingPipeline - INFO - info:105 - [process=Loading HC Configuration] File save: data\output\HC\preprocessed\preprocessing_metadata.json - success
2025-05-29 15:10:11 - PreprocessingPipeline - INFO - info:105 - [process=Loading HC Configuration] Process completed: Station HC Preprocessing in 5.66s
2025-05-29 15:10:11 - PreprocessingPipeline - INFO - info:105 - [process=Loading HC Configuration] Summary report saved to data\output\preprocessing_summary_report.txt
2025-05-29 15:10:21 - PreprocessingPipeline - INFO - info:105 - [process=Station PC Preprocessing] Process started: Station PC Preprocessing
2025-05-29 15:10:21 - PreprocessingPipeline - INFO - info:105 - [process=Loading PC Configuration] Process started: Loading PC Configuration
2025-05-29 15:10:21 - PreprocessingPipeline - INFO - info:105 - [process=Loading PC Configuration] Loaded configuration for PC
2025-05-29 15:10:21 - PreprocessingPipeline - INFO - info:105 - [process=Loading PC Configuration] Process completed: Loading PC Configuration in 0.01s
2025-05-29 15:10:22 - PreprocessingPipeline - INFO - info:105 - [process=Loading PC Configuration] File save: data\output\PC\preprocessed\preprocessing_metadata.json - success
2025-05-29 15:10:22 - PreprocessingPipeline - INFO - info:105 - [process=Loading PC Configuration] Process completed: Station PC Preprocessing in 1.08s
2025-05-29 15:10:22 - PreprocessingPipeline - INFO - info:105 - [process=Loading PC Configuration] Summary report saved to data\output\preprocessing_summary_report.txt
2025-05-29 15:31:14 - PreprocessingPipeline - INFO - info:105 - [process=Station HC Preprocessing] Process started: Station HC Preprocessing
2025-05-29 15:31:14 - PreprocessingPipeline - INFO - info:105 - [process=Loading HC Configuration] Process started: Loading HC Configuration
2025-05-29 15:31:14 - PreprocessingPipeline - INFO - info:105 - [process=Loading HC Configuration] Loaded configuration for HC
2025-05-29 15:31:14 - PreprocessingPipeline - INFO - info:105 - [process=Loading HC Configuration] Process completed: Loading HC Configuration in 0.02s
2025-05-29 15:33:27 - PreprocessingPipeline - INFO - info:105 - [process=Loading HC Configuration] File save: data\output\HC\preprocessed\preprocessing_metadata.json - success
2025-05-29 15:33:27 - PreprocessingPipeline - INFO - info:105 - [process=Loading HC Configuration] Process completed: Station HC Preprocessing in 132.68s
2025-05-29 15:33:27 - PreprocessingPipeline - INFO - info:105 - [process=Loading HC Configuration] Summary report saved to data\output\preprocessing_summary_report.txt
2025-05-29 15:37:35 - PreprocessingPipeline - INFO - info:105 - [process=Station HC Preprocessing] Process started: Station HC Preprocessing
2025-05-29 15:37:35 - PreprocessingPipeline - INFO - info:105 - [process=Loading HC Configuration] Process started: Loading HC Configuration
2025-05-29 15:37:35 - PreprocessingPipeline - INFO - info:105 - [process=Loading HC Configuration] Loaded configuration for HC
2025-05-29 15:37:35 - PreprocessingPipeline - INFO - info:105 - [process=Loading HC Configuration] Process completed: Loading HC Configuration in 0.01s
2025-05-29 15:39:47 - PreprocessingPipeline - INFO - info:105 - [process=Loading HC Configuration] File save: data\output\HC\preprocessed\preprocessing_metadata.json - success
2025-05-29 15:39:47 - PreprocessingPipeline - INFO - info:105 - [process=Loading HC Configuration] Process completed: Station HC Preprocessing in 131.83s
2025-05-29 15:39:47 - PreprocessingPipeline - INFO - info:105 - [process=Loading HC Configuration] Summary report saved to data\output\preprocessing_summary_report.txt
2025-05-29 16:06:37 - PreprocessingPipeline - INFO - info:105 - [process=Station PC Preprocessing] Process started: Station PC Preprocessing
2025-05-29 16:06:37 - PreprocessingPipeline - INFO - info:105 - [process=Loading PC Configuration] Process started: Loading PC Configuration
2025-05-29 16:06:37 - PreprocessingPipeline - INFO - info:105 - [process=Loading PC Configuration] Loaded configuration for PC
2025-05-29 16:06:37 - PreprocessingPipeline - INFO - info:105 - [process=Loading PC Configuration] Process completed: Loading PC Configuration in 0.02s
2025-05-29 16:06:55 - PreprocessingPipeline - INFO - info:105 - [process=Loading PC Configuration] File save: data\output\PC\preprocessed\preprocessing_metadata.json - success
2025-05-29 16:06:55 - PreprocessingPipeline - INFO - info:105 - [process=Loading PC Configuration] Process completed: Station PC Preprocessing in 17.44s
2025-05-29 16:06:55 - PreprocessingPipeline - INFO - info:105 - [process=Loading PC Configuration] Summary report saved to data\output\preprocessing_summary_report.txt
2025-05-29 18:15:02 - PreprocessingPipeline - INFO - info:105 - [process=Station PC Preprocessing] Process started: Station PC Preprocessing
2025-05-29 18:15:02 - PreprocessingPipeline - INFO - info:105 - [process=Loading PC Configuration] Process started: Loading PC Configuration
2025-05-29 18:15:02 - PreprocessingPipeline - INFO - info:105 - [process=Loading PC Configuration] Loaded configuration for PC
2025-05-29 18:15:02 - PreprocessingPipeline - INFO - info:105 - [process=Loading PC Configuration] Process completed: Loading PC Configuration in 0.01s
2025-05-29 18:15:21 - PreprocessingPipeline - INFO - info:105 - [process=Loading PC Configuration] File save: data\output\PC\preprocessed\preprocessing_metadata.json - success
2025-05-29 18:15:21 - PreprocessingPipeline - INFO - info:105 - [process=Loading PC Configuration] Process completed: Station PC Preprocessing in 18.69s
2025-05-29 18:15:21 - PreprocessingPipeline - INFO - info:105 - [process=Loading PC Configuration] Summary report saved to data\output\preprocessing_summary_report.txt
