2025-06-01 14:35:40 - VisualizationManager_PC - INFO - Generated 4 neutron plots
2025-06-01 14:35:46 - VisualizationManager_PC - INFO - Generated 5 soil moisture plots
2025-06-01 14:35:46 - VisualizationManager_PC - WARNING - Insufficient data for seasonal analysis
2025-06-01 14:35:51 - VisualizationManager_PC - INFO - [process=Creating validation comparison plots] Starting Creating validation comparison plots
2025-06-01 14:35:51 - VisualizationManager_PC - INFO - [process=Creating validation comparison plots] Matched 91 data points
2025-06-01 14:35:54 - VisualizationManager_PC - ERROR - [process=Creating validation comparison plots] Error in Creating validation comparison plots: 'Index' object has no attribute 'month'
2025-06-01 14:35:54 - VisualizationManager_PC - WARNING - [process=Creating validation comparison plots] Failed to generate validation plots: 'Index' object has no attribute 'month'
2025-06-01 14:35:54 - VisualizationManager_PC - WARNING - [process=Creating validation comparison plots] Failed to generate HTML report: Unknown format code 'f' for object of type 'str'
2025-06-01 14:35:54 - VisualizationManager_PC - INFO - [process=Creating validation comparison plots] Saved: PC_visualization_metadata.json
2025-06-01 14:35:54 - VisualizationManager_PC - INFO - [process=Creating validation comparison plots] Generated 11 plots successfully
2025-06-01 22:20:43 - VisualizationManager_PC - INFO - Generated 0 neutron plots
2025-06-01 22:20:48 - VisualizationManager_PC - INFO - Generated 5 soil moisture plots
2025-06-01 22:20:48 - VisualizationManager_PC - WARNING - Insufficient data for seasonal analysis
2025-06-01 22:20:53 - VisualizationManager_PC - INFO - [process=Creating validation comparison plots] Starting Creating validation comparison plots
2025-06-01 22:20:53 - VisualizationManager_PC - INFO - [process=Creating validation comparison plots] Matched 91 data points
2025-06-01 22:20:59 - VisualizationManager_PC - INFO - [process=Creating validation comparison plots] Generated 5 validation plots
2025-06-01 22:20:59 - VisualizationManager_PC - INFO - [process=Creating validation comparison plots] Completed Creating validation comparison plots (5.4s)
2025-06-01 22:20:59 - VisualizationManager_PC - INFO - [process=Creating validation comparison plots] Saved: PC_visualization_report.html
2025-06-01 22:20:59 - VisualizationManager_PC - INFO - [process=Creating validation comparison plots] Saved: PC_visualization_metadata.json
2025-06-01 22:20:59 - VisualizationManager_PC - INFO - [process=Creating validation comparison plots] Generated 10 plots successfully
2025-06-01 22:25:15 - VisualizationManager_PC - INFO - Generated 4 neutron plots
2025-06-01 22:25:20 - VisualizationManager_PC - INFO - Generated 5 soil moisture plots
2025-06-01 22:25:20 - VisualizationManager_PC - WARNING - Insufficient data for seasonal analysis
2025-06-01 22:25:26 - VisualizationManager_PC - INFO - [process=Creating validation comparison plots] Starting Creating validation comparison plots
2025-06-01 22:25:26 - VisualizationManager_PC - INFO - [process=Creating validation comparison plots] Matched 91 data points
2025-06-01 22:25:28 - VisualizationManager_PC - ERROR - [process=Creating validation comparison plots] Error in Creating validation comparison plots: 'Index' object has no attribute 'month'
2025-06-01 22:25:28 - VisualizationManager_PC - WARNING - [process=Creating validation comparison plots] Failed to generate validation plots: 'Index' object has no attribute 'month'
2025-06-01 22:25:28 - VisualizationManager_PC - WARNING - [process=Creating validation comparison plots] Failed to generate HTML report: Unknown format code 'f' for object of type 'str'
2025-06-01 22:25:28 - VisualizationManager_PC - INFO - [process=Creating validation comparison plots] Saved: PC_visualization_metadata.json
2025-06-01 22:25:28 - VisualizationManager_PC - INFO - [process=Creating validation comparison plots] Generated 11 plots successfully
2025-06-01 22:31:14 - VisualizationManager_PC - INFO - Generated 4 neutron plots
2025-06-01 22:31:19 - VisualizationManager_PC - INFO - Generated 5 soil moisture plots
2025-06-01 22:31:19 - VisualizationManager_PC - WARNING - Insufficient data for seasonal analysis
2025-06-01 22:31:25 - VisualizationManager_PC - INFO - [process=Creating validation comparison plots] Starting Creating validation comparison plots
2025-06-01 22:31:25 - VisualizationManager_PC - INFO - [process=Creating validation comparison plots] Matched 91 data points
2025-06-01 22:31:27 - VisualizationManager_PC - ERROR - [process=Creating validation comparison plots] Error in Creating validation comparison plots: 'Index' object has no attribute 'month'
2025-06-01 22:31:27 - VisualizationManager_PC - WARNING - [process=Creating validation comparison plots] Failed to generate validation plots: 'Index' object has no attribute 'month'
2025-06-01 22:31:27 - VisualizationManager_PC - WARNING - [process=Creating validation comparison plots] Failed to generate HTML report: Unknown format code 'f' for object of type 'str'
2025-06-01 22:31:27 - VisualizationManager_PC - INFO - [process=Creating validation comparison plots] Saved: PC_visualization_metadata.json
2025-06-01 22:31:27 - VisualizationManager_PC - INFO - [process=Creating validation comparison plots] Generated 11 plots successfully
